<?xml version="1.0" encoding="UTF-8"?>
<testsuite name="controllers.CompaniesControllerTests" tests="1" skipped="0" failures="0" errors="0" timestamp="2018-08-06T16:47:37" hostname="andrey-desktop" time="3.675">
  <properties/>
  <testcase name="postItem" classname="controllers.CompaniesControllerTests" time="3.675"/>
  <system-out><![CDATA[19:47:39.414 [nettyWorkerPool-3-1] DEBUG io.netty.buffer.AbstractByteBuf - -Dio.netty.buffer.bytebuf.checkAccessible: true
19:47:39.418 [nettyWorkerPool-3-1] DEBUG io.netty.util.ResourceLeakDetectorFactory - Loaded default ResourceLeakDetector: io.netty.util.ResourceLeakDetector@29fbc56c
19:47:39.480 [nettyWorkerPool-3-1] DEBUG io.netty.util.Recycler - -Dio.netty.recycler.maxCapacityPerThread: 32768
19:47:39.481 [nettyWorkerPool-3-1] DEBUG io.netty.util.Recycler - -Dio.netty.recycler.maxSharedCapacityFactor: 2
19:47:39.481 [nettyWorkerPool-3-1] DEBUG io.netty.util.Recycler - -Dio.netty.recycler.linkCapacity: 16
19:47:39.481 [nettyWorkerPool-3-1] DEBUG io.netty.util.Recycler - -Dio.netty.recycler.ratio: 8
]]></system-out>
  <system-err><![CDATA[]]></system-err>
</testsuite>
