<?xml version="1.0" encoding="UTF-8"?>
<testsuite name="controllers.ControllerTests" tests="1" skipped="0" failures="0" errors="0" timestamp="2018-08-06T16:47:40" hostname="andrey-desktop" time="2.261">
  <properties/>
  <testcase name="getList" classname="controllers.ControllerTests" time="2.261"/>
  <system-out><![CDATA[]]></system-out>
  <system-err><![CDATA[]]></system-err>
</testsuite>
