<?xml version="1.0" encoding="UTF-8"?>
<testsuite name="reports.ReportKudirTests" tests="2" skipped="0" failures="0" errors="0" timestamp="2018-08-06T16:47:30" hostname="andrey-desktop" time="6.918">
  <properties/>
  <testcase name="getData_TestCalculations" classname="reports.ReportKudirTests" time="4.461"/>
  <testcase name="getData_TestStructure" classname="reports.ReportKudirTests" time="2.447"/>
  <system-out><![CDATA[19:47:30.738 [ForkJoinPool.commonPool-worker-1 @coroutine#1] DEBUG io.netty.util.internal.logging.InternalLoggerFactory - Using SLF4J as the default logging framework
19:47:30.746 [ForkJoinPool.commonPool-worker-1 @coroutine#1] DEBUG io.netty.channel.MultithreadEventLoopGroup - -Dio.netty.eventLoopThreads: 4
19:47:30.787 [ForkJoinPool.commonPool-worker-1 @coroutine#1] DEBUG io.netty.util.internal.PlatformDependent0 - -Dio.netty.noUnsafe: false
19:47:30.789 [ForkJoinPool.commonPool-worker-1 @coroutine#1] DEBUG io.netty.util.internal.PlatformDependent0 - Java version: 8
19:47:30.791 [ForkJoinPool.commonPool-worker-1 @coroutine#1] DEBUG io.netty.util.internal.PlatformDependent0 - sun.misc.Unsafe.theUnsafe: available
19:47:30.793 [ForkJoinPool.commonPool-worker-1 @coroutine#1] DEBUG io.netty.util.internal.PlatformDependent0 - sun.misc.Unsafe.copyMemory: available
19:47:30.794 [ForkJoinPool.commonPool-worker-1 @coroutine#1] DEBUG io.netty.util.internal.PlatformDependent0 - java.nio.Buffer.address: available
19:47:30.795 [ForkJoinPool.commonPool-worker-1 @coroutine#1] DEBUG io.netty.util.internal.PlatformDependent0 - direct buffer constructor: available
19:47:30.796 [ForkJoinPool.commonPool-worker-1 @coroutine#1] DEBUG io.netty.util.internal.PlatformDependent0 - java.nio.Bits.unaligned: available, true
19:47:30.797 [ForkJoinPool.commonPool-worker-1 @coroutine#1] DEBUG io.netty.util.internal.PlatformDependent0 - jdk.internal.misc.Unsafe.allocateUninitializedArray(int): unavailable prior to Java9
19:47:30.798 [ForkJoinPool.commonPool-worker-1 @coroutine#1] DEBUG io.netty.util.internal.PlatformDependent0 - java.nio.DirectByteBuffer.<init>(long, int): available
19:47:30.798 [ForkJoinPool.commonPool-worker-1 @coroutine#1] DEBUG io.netty.util.internal.PlatformDependent - sun.misc.Unsafe: available
19:47:30.799 [ForkJoinPool.commonPool-worker-1 @coroutine#1] DEBUG io.netty.util.internal.PlatformDependent - -Dio.netty.tmpdir: /tmp (java.io.tmpdir)
19:47:30.800 [ForkJoinPool.commonPool-worker-1 @coroutine#1] DEBUG io.netty.util.internal.PlatformDependent - -Dio.netty.bitMode: 64 (sun.arch.data.model)
19:47:30.802 [ForkJoinPool.commonPool-worker-1 @coroutine#1] DEBUG io.netty.util.internal.PlatformDependent - -Dio.netty.noPreferDirect: false
19:47:30.803 [ForkJoinPool.commonPool-worker-1 @coroutine#1] DEBUG io.netty.util.internal.PlatformDependent - -Dio.netty.maxDirectMemory: 7369392128 bytes
19:47:30.805 [ForkJoinPool.commonPool-worker-1 @coroutine#1] DEBUG io.netty.util.internal.PlatformDependent - -Dio.netty.uninitializedArrayAllocationThreshold: -1
19:47:30.806 [ForkJoinPool.commonPool-worker-1 @coroutine#1] DEBUG io.netty.util.internal.CleanerJava6 - java.nio.ByteBuffer.cleaner(): available
19:47:30.843 [ForkJoinPool.commonPool-worker-1 @coroutine#1] DEBUG io.netty.channel.nio.NioEventLoop - -Dio.netty.noKeySetOptimization: false
19:47:30.844 [ForkJoinPool.commonPool-worker-1 @coroutine#1] DEBUG io.netty.channel.nio.NioEventLoop - -Dio.netty.selectorAutoRebuildThreshold: 512
19:47:30.866 [ForkJoinPool.commonPool-worker-1 @coroutine#1] DEBUG io.netty.util.internal.PlatformDependent - org.jctools-core.MpscChunkedArrayQueue: available
19:47:30.897 [ForkJoinPool.commonPool-worker-1 @coroutine#1] INFO ktor.application - No ktor.deployment.watch patterns specified, automatic reload is not active
19:47:31.133 [ForkJoinPool.commonPool-worker-1 @coroutine#1] DEBUG io.netty.channel.DefaultChannelId - -Dio.netty.processId: 9965 (auto-detected)
19:47:31.139 [ForkJoinPool.commonPool-worker-1 @coroutine#1] DEBUG io.netty.util.NetUtil - -Djava.net.preferIPv4Stack: false
19:47:31.140 [ForkJoinPool.commonPool-worker-1 @coroutine#1] DEBUG io.netty.util.NetUtil - -Djava.net.preferIPv6Addresses: false
19:47:31.144 [ForkJoinPool.commonPool-worker-1 @coroutine#1] DEBUG io.netty.util.NetUtil - Loopback interface: lo (lo, 127.0.0.1)
19:47:31.147 [ForkJoinPool.commonPool-worker-1 @coroutine#1] DEBUG io.netty.util.NetUtil - /proc/sys/net/core/somaxconn: 128
19:47:31.151 [ForkJoinPool.commonPool-worker-1 @coroutine#1] DEBUG io.netty.channel.DefaultChannelId - -Dio.netty.machineId: bc:5f:f4:ff:fe:95:a1:b4 (auto-detected)
19:47:31.159 [ForkJoinPool.commonPool-worker-1 @coroutine#1] DEBUG io.netty.util.internal.InternalThreadLocalMap - -Dio.netty.threadLocalMap.stringBuilder.initialSize: 1024
19:47:31.160 [ForkJoinPool.commonPool-worker-1 @coroutine#1] DEBUG io.netty.util.internal.InternalThreadLocalMap - -Dio.netty.threadLocalMap.stringBuilder.maxSize: 4096
19:47:31.178 [ForkJoinPool.commonPool-worker-1 @coroutine#1] DEBUG io.netty.util.ResourceLeakDetector - -Dio.netty.leakDetection.level: simple
19:47:31.178 [ForkJoinPool.commonPool-worker-1 @coroutine#1] DEBUG io.netty.util.ResourceLeakDetector - -Dio.netty.leakDetection.targetRecords: 4
19:47:31.225 [ForkJoinPool.commonPool-worker-1 @coroutine#1] DEBUG io.netty.buffer.PooledByteBufAllocator - -Dio.netty.allocator.numHeapArenas: 4
19:47:31.225 [ForkJoinPool.commonPool-worker-1 @coroutine#1] DEBUG io.netty.buffer.PooledByteBufAllocator - -Dio.netty.allocator.numDirectArenas: 4
19:47:31.226 [ForkJoinPool.commonPool-worker-1 @coroutine#1] DEBUG io.netty.buffer.PooledByteBufAllocator - -Dio.netty.allocator.pageSize: 8192
19:47:31.226 [ForkJoinPool.commonPool-worker-1 @coroutine#1] DEBUG io.netty.buffer.PooledByteBufAllocator - -Dio.netty.allocator.maxOrder: 11
19:47:31.227 [ForkJoinPool.commonPool-worker-1 @coroutine#1] DEBUG io.netty.buffer.PooledByteBufAllocator - -Dio.netty.allocator.chunkSize: 16777216
19:47:31.228 [ForkJoinPool.commonPool-worker-1 @coroutine#1] DEBUG io.netty.buffer.PooledByteBufAllocator - -Dio.netty.allocator.tinyCacheSize: 512
19:47:31.228 [ForkJoinPool.commonPool-worker-1 @coroutine#1] DEBUG io.netty.buffer.PooledByteBufAllocator - -Dio.netty.allocator.smallCacheSize: 256
19:47:31.229 [ForkJoinPool.commonPool-worker-1 @coroutine#1] DEBUG io.netty.buffer.PooledByteBufAllocator - -Dio.netty.allocator.normalCacheSize: 64
19:47:31.230 [ForkJoinPool.commonPool-worker-1 @coroutine#1] DEBUG io.netty.buffer.PooledByteBufAllocator - -Dio.netty.allocator.maxCachedBufferCapacity: 32768
19:47:31.231 [ForkJoinPool.commonPool-worker-1 @coroutine#1] DEBUG io.netty.buffer.PooledByteBufAllocator - -Dio.netty.allocator.cacheTrimInterval: 8192
19:47:31.232 [ForkJoinPool.commonPool-worker-1 @coroutine#1] DEBUG io.netty.buffer.PooledByteBufAllocator - -Dio.netty.allocator.useCacheForAllThreads: true
19:47:31.253 [ForkJoinPool.commonPool-worker-1 @coroutine#1] DEBUG io.netty.buffer.ByteBufUtil - -Dio.netty.allocator.type: pooled
19:47:31.257 [ForkJoinPool.commonPool-worker-1 @coroutine#1] DEBUG io.netty.buffer.ByteBufUtil - -Dio.netty.threadLocalDirectBufferSize: 65536
19:47:31.259 [ForkJoinPool.commonPool-worker-1 @coroutine#1] DEBUG io.netty.buffer.ByteBufUtil - -Dio.netty.maxThreadLocalCharBufferSize: 16384
]]></system-out>
  <system-err><![CDATA[]]></system-err>
</testsuite>
