<?xml version="1.0" encoding="UTF-8"?>
<testsuite name="controllers.ReportsControllerTests" tests="3" skipped="0" failures="0" errors="0" timestamp="2018-08-06T16:47:43" hostname="andrey-desktop" time="79.127">
  <properties/>
  <testcase name="generatePDFMultithreadInternalTests" classname="controllers.ReportsControllerTests" time="23.883"/>
  <testcase name="generatePdfTests" classname="controllers.ReportsControllerTests" time="11.554"/>
  <testcase name="generateHTMLMultithreadExternalTests" classname="controllers.ReportsControllerTests" time="43.69"/>
  <system-out><![CDATA[19:47:51.048 [Thread-23] DEBUG com.github.jhonnymertz.wkhtmltopdf.wrapper.configurations.WrapperConfig - Initialized with default configurations.
19:47:51.048 [Thread-18] DEBUG com.github.jhonnymertz.wkhtmltopdf.wrapper.configurations.WrapperConfig - Initialized with default configurations.
19:47:51.048 [Thread-16] DEBUG com.github.jhonnymertz.wkhtmltopdf.wrapper.configurations.WrapperConfig - Initialized with default configurations.
19:47:51.048 [Thread-13] DEBUG com.github.jhonnymertz.wkhtmltopdf.wrapper.configurations.WrapperConfig - Initialized with default configurations.
19:47:51.048 [Thread-6] DEBUG com.github.jhonnymertz.wkhtmltopdf.wrapper.configurations.WrapperConfig - Initialized with default configurations.
19:47:51.048 [Thread-21] DEBUG com.github.jhonnymertz.wkhtmltopdf.wrapper.configurations.WrapperConfig - Initialized with default configurations.
19:47:51.052 [Thread-8] DEBUG com.github.jhonnymertz.wkhtmltopdf.wrapper.configurations.WrapperConfig - Initialized with default configurations.
19:47:51.053 [Thread-12] DEBUG com.github.jhonnymertz.wkhtmltopdf.wrapper.configurations.WrapperConfig - Initialized with default configurations.
19:47:51.053 [Thread-9] DEBUG com.github.jhonnymertz.wkhtmltopdf.wrapper.configurations.WrapperConfig - Initialized with default configurations.
19:47:51.053 [Thread-10] DEBUG com.github.jhonnymertz.wkhtmltopdf.wrapper.configurations.WrapperConfig - Initialized with default configurations.
19:47:51.053 [Thread-19] DEBUG com.github.jhonnymertz.wkhtmltopdf.wrapper.configurations.WrapperConfig - Initialized with default configurations.
19:47:51.053 [Thread-7] DEBUG com.github.jhonnymertz.wkhtmltopdf.wrapper.configurations.WrapperConfig - Initialized with default configurations.
19:47:51.053 [Thread-22] DEBUG com.github.jhonnymertz.wkhtmltopdf.wrapper.configurations.WrapperConfig - Initialized with default configurations.
19:47:51.053 [Thread-14] DEBUG com.github.jhonnymertz.wkhtmltopdf.wrapper.configurations.WrapperConfig - Initialized with default configurations.
19:47:51.053 [Thread-15] DEBUG com.github.jhonnymertz.wkhtmltopdf.wrapper.configurations.WrapperConfig - Initialized with default configurations.
19:47:51.053 [Thread-11] DEBUG com.github.jhonnymertz.wkhtmltopdf.wrapper.configurations.WrapperConfig - Initialized with default configurations.
19:47:51.053 [Thread-5] DEBUG com.github.jhonnymertz.wkhtmltopdf.wrapper.configurations.WrapperConfig - Initialized with default configurations.
19:47:51.052 [Thread-20] DEBUG com.github.jhonnymertz.wkhtmltopdf.wrapper.configurations.WrapperConfig - Initialized with default configurations.
19:47:51.052 [Thread-17] DEBUG com.github.jhonnymertz.wkhtmltopdf.wrapper.configurations.WrapperConfig - Initialized with default configurations.
19:47:51.053 [Thread-24] DEBUG com.github.jhonnymertz.wkhtmltopdf.wrapper.configurations.WrapperConfig - Initialized with default configurations.
19:47:51.218 [Thread-10] DEBUG com.github.jhonnymertz.wkhtmltopdf.wrapper.configurations.WrapperConfig - Wkhtmltopdf command found in classpath: /usr/local/bin/wkhtmltopdf
19:47:51.220 [Thread-10] INFO com.github.jhonnymertz.wkhtmltopdf.wrapper.Pdf - Initialized with {xvfbConfig=null, wkhtmltopdfCommand='/usr/local/bin/wkhtmltopdf'}
19:47:51.229 [Thread-22] DEBUG com.github.jhonnymertz.wkhtmltopdf.wrapper.configurations.WrapperConfig - Wkhtmltopdf command found in classpath: /usr/local/bin/wkhtmltopdf
19:47:51.229 [Thread-22] INFO com.github.jhonnymertz.wkhtmltopdf.wrapper.Pdf - Initialized with {xvfbConfig=null, wkhtmltopdfCommand='/usr/local/bin/wkhtmltopdf'}
19:47:51.237 [Thread-8] DEBUG com.github.jhonnymertz.wkhtmltopdf.wrapper.configurations.WrapperConfig - Wkhtmltopdf command found in classpath: /usr/local/bin/wkhtmltopdf
19:47:51.237 [Thread-8] INFO com.github.jhonnymertz.wkhtmltopdf.wrapper.Pdf - Initialized with {xvfbConfig=null, wkhtmltopdfCommand='/usr/local/bin/wkhtmltopdf'}
19:47:51.238 [Thread-19] DEBUG com.github.jhonnymertz.wkhtmltopdf.wrapper.configurations.WrapperConfig - Wkhtmltopdf command found in classpath: /usr/local/bin/wkhtmltopdf
19:47:51.239 [Thread-19] INFO com.github.jhonnymertz.wkhtmltopdf.wrapper.Pdf - Initialized with {xvfbConfig=null, wkhtmltopdfCommand='/usr/local/bin/wkhtmltopdf'}
19:47:51.239 [Thread-5] DEBUG com.github.jhonnymertz.wkhtmltopdf.wrapper.configurations.WrapperConfig - Wkhtmltopdf command found in classpath: /usr/local/bin/wkhtmltopdf
19:47:51.239 [Thread-11] DEBUG com.github.jhonnymertz.wkhtmltopdf.wrapper.configurations.WrapperConfig - Wkhtmltopdf command found in classpath: /usr/local/bin/wkhtmltopdf
19:47:51.241 [Thread-5] INFO com.github.jhonnymertz.wkhtmltopdf.wrapper.Pdf - Initialized with {xvfbConfig=null, wkhtmltopdfCommand='/usr/local/bin/wkhtmltopdf'}
19:47:51.247 [Thread-24] DEBUG com.github.jhonnymertz.wkhtmltopdf.wrapper.configurations.WrapperConfig - Wkhtmltopdf command found in classpath: /usr/local/bin/wkhtmltopdf
19:47:51.248 [Thread-24] INFO com.github.jhonnymertz.wkhtmltopdf.wrapper.Pdf - Initialized with {xvfbConfig=null, wkhtmltopdfCommand='/usr/local/bin/wkhtmltopdf'}
19:47:51.246 [Thread-7] DEBUG com.github.jhonnymertz.wkhtmltopdf.wrapper.configurations.WrapperConfig - Wkhtmltopdf command found in classpath: /usr/local/bin/wkhtmltopdf
19:47:51.249 [Thread-7] INFO com.github.jhonnymertz.wkhtmltopdf.wrapper.Pdf - Initialized with {xvfbConfig=null, wkhtmltopdfCommand='/usr/local/bin/wkhtmltopdf'}
19:47:51.247 [Thread-11] INFO com.github.jhonnymertz.wkhtmltopdf.wrapper.Pdf - Initialized with {xvfbConfig=null, wkhtmltopdfCommand='/usr/local/bin/wkhtmltopdf'}
19:47:51.246 [Thread-21] DEBUG com.github.jhonnymertz.wkhtmltopdf.wrapper.configurations.WrapperConfig - Wkhtmltopdf command found in classpath: /usr/local/bin/wkhtmltopdf
19:47:51.245 [Thread-17] DEBUG com.github.jhonnymertz.wkhtmltopdf.wrapper.configurations.WrapperConfig - Wkhtmltopdf command found in classpath: /usr/local/bin/wkhtmltopdf
19:47:51.246 [Thread-23] DEBUG com.github.jhonnymertz.wkhtmltopdf.wrapper.configurations.WrapperConfig - Wkhtmltopdf command found in classpath: /usr/local/bin/wkhtmltopdf
19:47:51.250 [Thread-17] INFO com.github.jhonnymertz.wkhtmltopdf.wrapper.Pdf - Initialized with {xvfbConfig=null, wkhtmltopdfCommand='/usr/local/bin/wkhtmltopdf'}
19:47:51.245 [Thread-15] DEBUG com.github.jhonnymertz.wkhtmltopdf.wrapper.configurations.WrapperConfig - Wkhtmltopdf command found in classpath: /usr/local/bin/wkhtmltopdf
19:47:51.242 [Thread-18] DEBUG com.github.jhonnymertz.wkhtmltopdf.wrapper.configurations.WrapperConfig - Wkhtmltopdf command found in classpath: /usr/local/bin/wkhtmltopdf
19:47:51.251 [Thread-23] INFO com.github.jhonnymertz.wkhtmltopdf.wrapper.Pdf - Initialized with {xvfbConfig=null, wkhtmltopdfCommand='/usr/local/bin/wkhtmltopdf'}
19:47:51.250 [Thread-21] INFO com.github.jhonnymertz.wkhtmltopdf.wrapper.Pdf - Initialized with {xvfbConfig=null, wkhtmltopdfCommand='/usr/local/bin/wkhtmltopdf'}
19:47:51.242 [Thread-20] DEBUG com.github.jhonnymertz.wkhtmltopdf.wrapper.configurations.WrapperConfig - Wkhtmltopdf command found in classpath: /usr/local/bin/wkhtmltopdf
19:47:51.241 [Thread-12] DEBUG com.github.jhonnymertz.wkhtmltopdf.wrapper.configurations.WrapperConfig - Wkhtmltopdf command found in classpath: /usr/local/bin/wkhtmltopdf
19:47:51.241 [Thread-9] DEBUG com.github.jhonnymertz.wkhtmltopdf.wrapper.configurations.WrapperConfig - Wkhtmltopdf command found in classpath: /usr/local/bin/wkhtmltopdf
19:47:51.241 [Thread-6] DEBUG com.github.jhonnymertz.wkhtmltopdf.wrapper.configurations.WrapperConfig - Wkhtmltopdf command found in classpath: /usr/local/bin/wkhtmltopdf
19:47:51.241 [Thread-14] DEBUG com.github.jhonnymertz.wkhtmltopdf.wrapper.configurations.WrapperConfig - Wkhtmltopdf command found in classpath: /usr/local/bin/wkhtmltopdf
19:47:51.241 [Thread-13] DEBUG com.github.jhonnymertz.wkhtmltopdf.wrapper.configurations.WrapperConfig - Wkhtmltopdf command found in classpath: /usr/local/bin/wkhtmltopdf
19:47:51.241 [Thread-16] DEBUG com.github.jhonnymertz.wkhtmltopdf.wrapper.configurations.WrapperConfig - Wkhtmltopdf command found in classpath: /usr/local/bin/wkhtmltopdf
19:47:51.253 [Thread-14] INFO com.github.jhonnymertz.wkhtmltopdf.wrapper.Pdf - Initialized with {xvfbConfig=null, wkhtmltopdfCommand='/usr/local/bin/wkhtmltopdf'}
19:47:51.251 [Thread-18] INFO com.github.jhonnymertz.wkhtmltopdf.wrapper.Pdf - Initialized with {xvfbConfig=null, wkhtmltopdfCommand='/usr/local/bin/wkhtmltopdf'}
19:47:51.252 [Thread-12] INFO com.github.jhonnymertz.wkhtmltopdf.wrapper.Pdf - Initialized with {xvfbConfig=null, wkhtmltopdfCommand='/usr/local/bin/wkhtmltopdf'}
19:47:51.251 [Thread-15] INFO com.github.jhonnymertz.wkhtmltopdf.wrapper.Pdf - Initialized with {xvfbConfig=null, wkhtmltopdfCommand='/usr/local/bin/wkhtmltopdf'}
19:47:51.253 [Thread-6] INFO com.github.jhonnymertz.wkhtmltopdf.wrapper.Pdf - Initialized with {xvfbConfig=null, wkhtmltopdfCommand='/usr/local/bin/wkhtmltopdf'}
19:47:51.253 [Thread-9] INFO com.github.jhonnymertz.wkhtmltopdf.wrapper.Pdf - Initialized with {xvfbConfig=null, wkhtmltopdfCommand='/usr/local/bin/wkhtmltopdf'}
19:47:51.253 [Thread-13] INFO com.github.jhonnymertz.wkhtmltopdf.wrapper.Pdf - Initialized with {xvfbConfig=null, wkhtmltopdfCommand='/usr/local/bin/wkhtmltopdf'}
19:47:51.253 [Thread-20] INFO com.github.jhonnymertz.wkhtmltopdf.wrapper.Pdf - Initialized with {xvfbConfig=null, wkhtmltopdfCommand='/usr/local/bin/wkhtmltopdf'}
19:47:51.253 [Thread-16] INFO com.github.jhonnymertz.wkhtmltopdf.wrapper.Pdf - Initialized with {xvfbConfig=null, wkhtmltopdfCommand='/usr/local/bin/wkhtmltopdf'}
19:47:51.258 [Thread-17] DEBUG com.github.jhonnymertz.wkhtmltopdf.wrapper.Pdf - [/usr/local/bin/wkhtmltopdf, /tmp/java-wkhtmltopdf-wrapper8ce3a079-a3a7-477f-988b-8c529880abfe2063545305055797569.html, -]
19:47:51.260 [Thread-7] DEBUG com.github.jhonnymertz.wkhtmltopdf.wrapper.Pdf - [/usr/local/bin/wkhtmltopdf, /tmp/java-wkhtmltopdf-wrapper0452aadd-c3e0-4247-9a72-ba64c69c2421320327250946785162.html, -]
19:47:51.264 [Thread-20] DEBUG com.github.jhonnymertz.wkhtmltopdf.wrapper.Pdf - [/usr/local/bin/wkhtmltopdf, /tmp/java-wkhtmltopdf-wrapper61f63d78-37fe-4306-9477-dab8480e80e07279220991123928037.html, -]
19:47:51.264 [Thread-16] DEBUG com.github.jhonnymertz.wkhtmltopdf.wrapper.Pdf - [/usr/local/bin/wkhtmltopdf, /tmp/java-wkhtmltopdf-wrapper0cc138d2-a8a0-419c-b89a-c156d25997c09083773419149962891.html, -]
19:47:51.270 [Thread-13] DEBUG com.github.jhonnymertz.wkhtmltopdf.wrapper.Pdf - [/usr/local/bin/wkhtmltopdf, /tmp/java-wkhtmltopdf-wrappera2879cd6-6167-4805-8946-f918a3d742788901292735212051369.html, -]
19:47:51.269 [Thread-14] DEBUG com.github.jhonnymertz.wkhtmltopdf.wrapper.Pdf - [/usr/local/bin/wkhtmltopdf, /tmp/java-wkhtmltopdf-wrapper9d092f91-f9ee-412b-a81e-3eaf40e1d6b3277444265220302465.html, -]
19:47:51.261 [Thread-19] DEBUG com.github.jhonnymertz.wkhtmltopdf.wrapper.Pdf - [/usr/local/bin/wkhtmltopdf, /tmp/java-wkhtmltopdf-wrapper79093b99-9815-4895-9de0-f0c5bd369cb87247902670569505106.html, -]
19:47:51.271 [Thread-21] DEBUG com.github.jhonnymertz.wkhtmltopdf.wrapper.Pdf - [/usr/local/bin/wkhtmltopdf, /tmp/java-wkhtmltopdf-wrapper173e7487-6e51-479f-b656-28d3e54fd0744208112350889916833.html, -]
19:47:51.272 [Thread-12] DEBUG com.github.jhonnymertz.wkhtmltopdf.wrapper.Pdf - [/usr/local/bin/wkhtmltopdf, /tmp/java-wkhtmltopdf-wrapper12e8d7d7-cc7e-4495-bf21-0327a36da64b3150018972880429110.html, -]
19:47:51.272 [Thread-6] DEBUG com.github.jhonnymertz.wkhtmltopdf.wrapper.Pdf - [/usr/local/bin/wkhtmltopdf, /tmp/java-wkhtmltopdf-wrapper936de2bb-4774-4e1d-b66b-c718447ef83c3143613595680190838.html, -]
19:47:51.269 [Thread-23] DEBUG com.github.jhonnymertz.wkhtmltopdf.wrapper.Pdf - [/usr/local/bin/wkhtmltopdf, /tmp/java-wkhtmltopdf-wrapperbdecb645-07e6-4a13-b23d-f0b35d46bea36232342128464794668.html, -]
19:47:51.272 [Thread-15] DEBUG com.github.jhonnymertz.wkhtmltopdf.wrapper.Pdf - [/usr/local/bin/wkhtmltopdf, /tmp/java-wkhtmltopdf-wrappereaac14bd-2717-4890-b23d-d82493857c1b913746645961237227.html, -]
19:47:51.275 [Thread-22] DEBUG com.github.jhonnymertz.wkhtmltopdf.wrapper.Pdf - [/usr/local/bin/wkhtmltopdf, /tmp/java-wkhtmltopdf-wrapper028674a8-089c-4ba0-bbcc-85df291cac6d4394280029781095297.html, -]
19:47:51.277 [Thread-10] DEBUG com.github.jhonnymertz.wkhtmltopdf.wrapper.Pdf - [/usr/local/bin/wkhtmltopdf, /tmp/java-wkhtmltopdf-wrapperc6d51b9a-baa1-4cf2-ba97-b4d7dd95100d1041378172198537662.html, -]
19:47:51.278 [Thread-24] DEBUG com.github.jhonnymertz.wkhtmltopdf.wrapper.Pdf - [/usr/local/bin/wkhtmltopdf, /tmp/java-wkhtmltopdf-wrapper795c509f-9b10-478b-9280-66829e22abde4536382626383588125.html, -]
19:47:51.282 [Thread-8] DEBUG com.github.jhonnymertz.wkhtmltopdf.wrapper.Pdf - [/usr/local/bin/wkhtmltopdf, /tmp/java-wkhtmltopdf-wrapperfa7964ad-0ab5-4ef2-b106-5ba318ae367c2185957738477653554.html, -]
19:47:51.276 [Thread-11] DEBUG com.github.jhonnymertz.wkhtmltopdf.wrapper.Pdf - [/usr/local/bin/wkhtmltopdf, /tmp/java-wkhtmltopdf-wrapperf9f9fa9a-0a1e-423b-9228-88cf355dadaa2549834507572516878.html, -]
19:47:51.278 [Thread-5] DEBUG com.github.jhonnymertz.wkhtmltopdf.wrapper.Pdf - [/usr/local/bin/wkhtmltopdf, /tmp/java-wkhtmltopdf-wrapper14432403-4ed6-406c-b812-245d9c4dcbec1137185779179854759.html, -]
19:47:51.288 [Thread-9] DEBUG com.github.jhonnymertz.wkhtmltopdf.wrapper.Pdf - [/usr/local/bin/wkhtmltopdf, /tmp/java-wkhtmltopdf-wrapper4dbf5169-9b74-4959-b846-a90a73795f343028059532073174575.html, -]
19:47:51.277 [Thread-18] DEBUG com.github.jhonnymertz.wkhtmltopdf.wrapper.Pdf - [/usr/local/bin/wkhtmltopdf, /tmp/java-wkhtmltopdf-wrapperd9c02c24-44d0-4497-9843-ad14cc1e9a022551659663582051246.html, -]
19:47:51.293 [Thread-16] DEBUG com.github.jhonnymertz.wkhtmltopdf.wrapper.Pdf - Generating pdf with: /usr/local/bin/wkhtmltopdf /tmp/java-wkhtmltopdf-wrapper0cc138d2-a8a0-419c-b89a-c156d25997c09083773419149962891.html -
19:47:51.293 [Thread-20] DEBUG com.github.jhonnymertz.wkhtmltopdf.wrapper.Pdf - Generating pdf with: /usr/local/bin/wkhtmltopdf /tmp/java-wkhtmltopdf-wrapper61f63d78-37fe-4306-9477-dab8480e80e07279220991123928037.html -
19:47:51.293 [Thread-13] DEBUG com.github.jhonnymertz.wkhtmltopdf.wrapper.Pdf - Generating pdf with: /usr/local/bin/wkhtmltopdf /tmp/java-wkhtmltopdf-wrappera2879cd6-6167-4805-8946-f918a3d742788901292735212051369.html -
19:47:51.293 [Thread-17] DEBUG com.github.jhonnymertz.wkhtmltopdf.wrapper.Pdf - Generating pdf with: /usr/local/bin/wkhtmltopdf /tmp/java-wkhtmltopdf-wrapper8ce3a079-a3a7-477f-988b-8c529880abfe2063545305055797569.html -
19:47:51.293 [Thread-7] DEBUG com.github.jhonnymertz.wkhtmltopdf.wrapper.Pdf - Generating pdf with: /usr/local/bin/wkhtmltopdf /tmp/java-wkhtmltopdf-wrapper0452aadd-c3e0-4247-9a72-ba64c69c2421320327250946785162.html -
19:47:51.294 [Thread-19] DEBUG com.github.jhonnymertz.wkhtmltopdf.wrapper.Pdf - Generating pdf with: /usr/local/bin/wkhtmltopdf /tmp/java-wkhtmltopdf-wrapper79093b99-9815-4895-9de0-f0c5bd369cb87247902670569505106.html -
19:47:51.294 [Thread-14] DEBUG com.github.jhonnymertz.wkhtmltopdf.wrapper.Pdf - Generating pdf with: /usr/local/bin/wkhtmltopdf /tmp/java-wkhtmltopdf-wrapper9d092f91-f9ee-412b-a81e-3eaf40e1d6b3277444265220302465.html -
19:47:51.294 [Thread-6] DEBUG com.github.jhonnymertz.wkhtmltopdf.wrapper.Pdf - Generating pdf with: /usr/local/bin/wkhtmltopdf /tmp/java-wkhtmltopdf-wrapper936de2bb-4774-4e1d-b66b-c718447ef83c3143613595680190838.html -
19:47:51.296 [Thread-11] DEBUG com.github.jhonnymertz.wkhtmltopdf.wrapper.Pdf - Generating pdf with: /usr/local/bin/wkhtmltopdf /tmp/java-wkhtmltopdf-wrapperf9f9fa9a-0a1e-423b-9228-88cf355dadaa2549834507572516878.html -
19:47:51.294 [Thread-23] DEBUG com.github.jhonnymertz.wkhtmltopdf.wrapper.Pdf - Generating pdf with: /usr/local/bin/wkhtmltopdf /tmp/java-wkhtmltopdf-wrapperbdecb645-07e6-4a13-b23d-f0b35d46bea36232342128464794668.html -
19:47:51.295 [Thread-12] DEBUG com.github.jhonnymertz.wkhtmltopdf.wrapper.Pdf - Generating pdf with: /usr/local/bin/wkhtmltopdf /tmp/java-wkhtmltopdf-wrapper12e8d7d7-cc7e-4495-bf21-0327a36da64b3150018972880429110.html -
19:47:51.295 [Thread-18] DEBUG com.github.jhonnymertz.wkhtmltopdf.wrapper.Pdf - Generating pdf with: /usr/local/bin/wkhtmltopdf /tmp/java-wkhtmltopdf-wrapperd9c02c24-44d0-4497-9843-ad14cc1e9a022551659663582051246.html -
19:47:51.296 [Thread-9] DEBUG com.github.jhonnymertz.wkhtmltopdf.wrapper.Pdf - Generating pdf with: /usr/local/bin/wkhtmltopdf /tmp/java-wkhtmltopdf-wrapper4dbf5169-9b74-4959-b846-a90a73795f343028059532073174575.html -
19:47:51.296 [Thread-5] DEBUG com.github.jhonnymertz.wkhtmltopdf.wrapper.Pdf - Generating pdf with: /usr/local/bin/wkhtmltopdf /tmp/java-wkhtmltopdf-wrapper14432403-4ed6-406c-b812-245d9c4dcbec1137185779179854759.html -
19:47:51.296 [Thread-8] DEBUG com.github.jhonnymertz.wkhtmltopdf.wrapper.Pdf - Generating pdf with: /usr/local/bin/wkhtmltopdf /tmp/java-wkhtmltopdf-wrapperfa7964ad-0ab5-4ef2-b106-5ba318ae367c2185957738477653554.html -
19:47:51.296 [Thread-24] DEBUG com.github.jhonnymertz.wkhtmltopdf.wrapper.Pdf - Generating pdf with: /usr/local/bin/wkhtmltopdf /tmp/java-wkhtmltopdf-wrapper795c509f-9b10-478b-9280-66829e22abde4536382626383588125.html -
19:47:51.295 [Thread-15] DEBUG com.github.jhonnymertz.wkhtmltopdf.wrapper.Pdf - Generating pdf with: /usr/local/bin/wkhtmltopdf /tmp/java-wkhtmltopdf-wrappereaac14bd-2717-4890-b23d-d82493857c1b913746645961237227.html -
19:47:51.295 [Thread-21] DEBUG com.github.jhonnymertz.wkhtmltopdf.wrapper.Pdf - Generating pdf with: /usr/local/bin/wkhtmltopdf /tmp/java-wkhtmltopdf-wrapper173e7487-6e51-479f-b656-28d3e54fd0744208112350889916833.html -
19:47:51.296 [Thread-10] DEBUG com.github.jhonnymertz.wkhtmltopdf.wrapper.Pdf - Generating pdf with: /usr/local/bin/wkhtmltopdf /tmp/java-wkhtmltopdf-wrapperc6d51b9a-baa1-4cf2-ba97-b4d7dd95100d1041378172198537662.html -
19:47:51.296 [Thread-22] DEBUG com.github.jhonnymertz.wkhtmltopdf.wrapper.Pdf - Generating pdf with: /usr/local/bin/wkhtmltopdf /tmp/java-wkhtmltopdf-wrapper028674a8-089c-4ba0-bbcc-85df291cac6d4394280029781095297.html -
19:47:53.289 [Thread-6] DEBUG com.github.jhonnymertz.wkhtmltopdf.wrapper.Pdf - Wkhtmltopdf output:
Loading pages (1/6)
[>                                                           ] 0%[======>                                                     ] 10%[==============================>                             ] 50%[============================================================] 100%Counting pages (2/6)                                               
[============================================================] Object 1 of 1Resolving links (4/6)                                                       
[============================================================] Object 1 of 1Loading headers and footers (5/6)                                           
Printing pages (6/6)
[>                                                           ] Preparing[============================================================] Page 1 of 1Done                                                                      

19:47:53.290 [Thread-6] INFO com.github.jhonnymertz.wkhtmltopdf.wrapper.Pdf - PDF successfully generated with: /usr/local/bin/wkhtmltopdf /tmp/java-wkhtmltopdf-wrapper936de2bb-4774-4e1d-b66b-c718447ef83c3143613595680190838.html -
19:47:53.290 [Thread-6] DEBUG com.github.jhonnymertz.wkhtmltopdf.wrapper.Pdf - Shutting down executor for wkhtmltopdf.
19:47:53.290 [Thread-6] DEBUG com.github.jhonnymertz.wkhtmltopdf.wrapper.Pdf - Cleaning up temporary files...
19:47:53.294 [Thread-6] DEBUG com.github.jhonnymertz.wkhtmltopdf.wrapper.Pdf - Delete temp file at: /tmp/java-wkhtmltopdf-wrapper936de2bb-4774-4e1d-b66b-c718447ef83c3143613595680190838.html true
19:47:53.295 [Thread-6] INFO com.github.jhonnymertz.wkhtmltopdf.wrapper.Pdf - PDF successfully saved in /home/andrey/WAB3_cache/81963cc8-4f68-4f28-b119-e01ae52a3622/kudir_header.pdf
19:47:53.295 [Thread-6] DEBUG com.github.jhonnymertz.wkhtmltopdf.wrapper.configurations.WrapperConfig - Initialized with default configurations.
19:47:53.369 [Thread-19] DEBUG com.github.jhonnymertz.wkhtmltopdf.wrapper.Pdf - Wkhtmltopdf output:
Loading pages (1/6)
[>                                                           ] 0%[======>                                                     ] 10%[==============================>                             ] 50%[============================================================] 100%Counting pages (2/6)                                               
[============================================================] Object 1 of 1Resolving links (4/6)                                                       
[============================================================] Object 1 of 1Loading headers and footers (5/6)                                           
Printing pages (6/6)
[>                                                           ] Preparing[============================================================] Page 1 of 1Done                                                                      

19:47:53.370 [Thread-19] INFO com.github.jhonnymertz.wkhtmltopdf.wrapper.Pdf - PDF successfully generated with: /usr/local/bin/wkhtmltopdf /tmp/java-wkhtmltopdf-wrapper79093b99-9815-4895-9de0-f0c5bd369cb87247902670569505106.html -
19:47:53.370 [Thread-19] DEBUG com.github.jhonnymertz.wkhtmltopdf.wrapper.Pdf - Shutting down executor for wkhtmltopdf.
19:47:53.379 [Thread-16] DEBUG com.github.jhonnymertz.wkhtmltopdf.wrapper.Pdf - Wkhtmltopdf output:
Loading pages (1/6)
[>                                                           ] 0%[======>                                                     ] 10%[==============================>                             ] 50%[============================================================] 100%Counting pages (2/6)                                               
[============================================================] Object 1 of 1Resolving links (4/6)                                                       
[============================================================] Object 1 of 1Loading headers and footers (5/6)                                           
Printing pages (6/6)
[>                                                           ] Preparing[============================================================] Page 1 of 1Done                                                                      

19:47:53.380 [Thread-19] DEBUG com.github.jhonnymertz.wkhtmltopdf.wrapper.Pdf - Cleaning up temporary files...
19:47:53.382 [Thread-16] INFO com.github.jhonnymertz.wkhtmltopdf.wrapper.Pdf - PDF successfully generated with: /usr/local/bin/wkhtmltopdf /tmp/java-wkhtmltopdf-wrapper0cc138d2-a8a0-419c-b89a-c156d25997c09083773419149962891.html -
19:47:53.383 [Thread-19] DEBUG com.github.jhonnymertz.wkhtmltopdf.wrapper.Pdf - Delete temp file at: /tmp/java-wkhtmltopdf-wrapper79093b99-9815-4895-9de0-f0c5bd369cb87247902670569505106.html true
19:47:53.384 [Thread-16] DEBUG com.github.jhonnymertz.wkhtmltopdf.wrapper.Pdf - Shutting down executor for wkhtmltopdf.
19:47:53.385 [Thread-16] DEBUG com.github.jhonnymertz.wkhtmltopdf.wrapper.Pdf - Cleaning up temporary files...
19:47:53.386 [Thread-19] INFO com.github.jhonnymertz.wkhtmltopdf.wrapper.Pdf - PDF successfully saved in /home/andrey/WAB3_cache/bfba3c85-e7ca-45ef-85c4-586388dfcbec/kudir_header.pdf
19:47:53.387 [Thread-19] DEBUG com.github.jhonnymertz.wkhtmltopdf.wrapper.configurations.WrapperConfig - Initialized with default configurations.
19:47:53.387 [Thread-16] DEBUG com.github.jhonnymertz.wkhtmltopdf.wrapper.Pdf - Delete temp file at: /tmp/java-wkhtmltopdf-wrapper0cc138d2-a8a0-419c-b89a-c156d25997c09083773419149962891.html true
19:47:53.389 [Thread-16] INFO com.github.jhonnymertz.wkhtmltopdf.wrapper.Pdf - PDF successfully saved in /home/andrey/WAB3_cache/f8f922f3-a4b0-417d-ad2b-da5f43e9e79c/kudir_header.pdf
19:47:53.390 [Thread-16] DEBUG com.github.jhonnymertz.wkhtmltopdf.wrapper.configurations.WrapperConfig - Initialized with default configurations.
19:47:53.435 [Thread-6] DEBUG com.github.jhonnymertz.wkhtmltopdf.wrapper.configurations.WrapperConfig - Wkhtmltopdf command found in classpath: /usr/local/bin/wkhtmltopdf
19:47:53.435 [Thread-6] INFO com.github.jhonnymertz.wkhtmltopdf.wrapper.Pdf - Initialized with {xvfbConfig=null, wkhtmltopdfCommand='/usr/local/bin/wkhtmltopdf'}
19:47:53.438 [Thread-6] DEBUG com.github.jhonnymertz.wkhtmltopdf.wrapper.Pdf - [/usr/local/bin/wkhtmltopdf, /tmp/java-wkhtmltopdf-wrapper9bdbffb2-acc0-4b1c-9558-06a0dbf68919511921633094955256.html, -]
19:47:53.438 [Thread-6] DEBUG com.github.jhonnymertz.wkhtmltopdf.wrapper.Pdf - Generating pdf with: /usr/local/bin/wkhtmltopdf /tmp/java-wkhtmltopdf-wrapper9bdbffb2-acc0-4b1c-9558-06a0dbf68919511921633094955256.html -
19:47:53.445 [Thread-16] DEBUG com.github.jhonnymertz.wkhtmltopdf.wrapper.configurations.WrapperConfig - Wkhtmltopdf command found in classpath: /usr/local/bin/wkhtmltopdf
19:47:53.445 [Thread-19] DEBUG com.github.jhonnymertz.wkhtmltopdf.wrapper.configurations.WrapperConfig - Wkhtmltopdf command found in classpath: /usr/local/bin/wkhtmltopdf
19:47:53.445 [Thread-19] INFO com.github.jhonnymertz.wkhtmltopdf.wrapper.Pdf - Initialized with {xvfbConfig=null, wkhtmltopdfCommand='/usr/local/bin/wkhtmltopdf'}
19:47:53.445 [Thread-16] INFO com.github.jhonnymertz.wkhtmltopdf.wrapper.Pdf - Initialized with {xvfbConfig=null, wkhtmltopdfCommand='/usr/local/bin/wkhtmltopdf'}
19:47:53.446 [Thread-19] DEBUG com.github.jhonnymertz.wkhtmltopdf.wrapper.Pdf - [/usr/local/bin/wkhtmltopdf, /tmp/java-wkhtmltopdf-wrapper85d1af9c-61ff-463a-9c8a-fe74045697536394930990733032202.html, -]
19:47:53.447 [Thread-19] DEBUG com.github.jhonnymertz.wkhtmltopdf.wrapper.Pdf - Generating pdf with: /usr/local/bin/wkhtmltopdf /tmp/java-wkhtmltopdf-wrapper85d1af9c-61ff-463a-9c8a-fe74045697536394930990733032202.html -
19:47:53.448 [Thread-16] DEBUG com.github.jhonnymertz.wkhtmltopdf.wrapper.Pdf - [/usr/local/bin/wkhtmltopdf, /tmp/java-wkhtmltopdf-wrapperd3b7dc39-439c-4ff3-8758-6667d21a174e3227692590045299344.html, -]
19:47:53.449 [Thread-16] DEBUG com.github.jhonnymertz.wkhtmltopdf.wrapper.Pdf - Generating pdf with: /usr/local/bin/wkhtmltopdf /tmp/java-wkhtmltopdf-wrapperd3b7dc39-439c-4ff3-8758-6667d21a174e3227692590045299344.html -
19:47:53.490 [Thread-10] DEBUG com.github.jhonnymertz.wkhtmltopdf.wrapper.Pdf - Wkhtmltopdf output:
Loading pages (1/6)
[>                                                           ] 0%[======>                                                     ] 10%[==============================>                             ] 50%[============================================================] 100%Counting pages (2/6)                                               
[============================================================] Object 1 of 1Resolving links (4/6)                                                       
[============================================================] Object 1 of 1Loading headers and footers (5/6)                                           
Printing pages (6/6)
[>                                                           ] Preparing[============================================================] Page 1 of 1Done                                                                      

19:47:53.492 [Thread-10] INFO com.github.jhonnymertz.wkhtmltopdf.wrapper.Pdf - PDF successfully generated with: /usr/local/bin/wkhtmltopdf /tmp/java-wkhtmltopdf-wrapperc6d51b9a-baa1-4cf2-ba97-b4d7dd95100d1041378172198537662.html -
19:47:53.494 [Thread-10] DEBUG com.github.jhonnymertz.wkhtmltopdf.wrapper.Pdf - Shutting down executor for wkhtmltopdf.
19:47:53.554 [Thread-5] DEBUG com.github.jhonnymertz.wkhtmltopdf.wrapper.Pdf - Wkhtmltopdf output:
Loading pages (1/6)
[>                                                           ] 0%[======>                                                     ] 10%[==============================>                             ] 50%[============================================================] 100%Counting pages (2/6)                                               
[============================================================] Object 1 of 1Resolving links (4/6)                                                       
[============================================================] Object 1 of 1Loading headers and footers (5/6)                                           
Printing pages (6/6)
[>                                                           ] Preparing[============================================================] Page 1 of 1Done                                                                      

19:47:53.557 [Thread-5] INFO com.github.jhonnymertz.wkhtmltopdf.wrapper.Pdf - PDF successfully generated with: /usr/local/bin/wkhtmltopdf /tmp/java-wkhtmltopdf-wrapper14432403-4ed6-406c-b812-245d9c4dcbec1137185779179854759.html -
19:47:53.558 [Thread-5] DEBUG com.github.jhonnymertz.wkhtmltopdf.wrapper.Pdf - Shutting down executor for wkhtmltopdf.
19:47:53.559 [Thread-5] DEBUG com.github.jhonnymertz.wkhtmltopdf.wrapper.Pdf - Cleaning up temporary files...
19:47:53.560 [Thread-5] DEBUG com.github.jhonnymertz.wkhtmltopdf.wrapper.Pdf - Delete temp file at: /tmp/java-wkhtmltopdf-wrapper14432403-4ed6-406c-b812-245d9c4dcbec1137185779179854759.html true
19:47:53.562 [Thread-5] INFO com.github.jhonnymertz.wkhtmltopdf.wrapper.Pdf - PDF successfully saved in /home/andrey/WAB3_cache/ee93c321-b424-4cde-b377-a85e72bdbcef/kudir_header.pdf
19:47:53.562 [Thread-5] DEBUG com.github.jhonnymertz.wkhtmltopdf.wrapper.configurations.WrapperConfig - Initialized with default configurations.
19:47:53.590 [Thread-10] DEBUG com.github.jhonnymertz.wkhtmltopdf.wrapper.Pdf - Cleaning up temporary files...
19:47:53.591 [Thread-10] DEBUG com.github.jhonnymertz.wkhtmltopdf.wrapper.Pdf - Delete temp file at: /tmp/java-wkhtmltopdf-wrapperc6d51b9a-baa1-4cf2-ba97-b4d7dd95100d1041378172198537662.html true
19:47:53.592 [Thread-10] INFO com.github.jhonnymertz.wkhtmltopdf.wrapper.Pdf - PDF successfully saved in /home/andrey/WAB3_cache/53290287-3464-437e-9482-ef4447dd668f/kudir_header.pdf
19:47:53.593 [Thread-10] DEBUG com.github.jhonnymertz.wkhtmltopdf.wrapper.configurations.WrapperConfig - Initialized with default configurations.
19:47:53.651 [Thread-5] DEBUG com.github.jhonnymertz.wkhtmltopdf.wrapper.configurations.WrapperConfig - Wkhtmltopdf command found in classpath: /usr/local/bin/wkhtmltopdf
19:47:53.650 [Thread-10] DEBUG com.github.jhonnymertz.wkhtmltopdf.wrapper.configurations.WrapperConfig - Wkhtmltopdf command found in classpath: /usr/local/bin/wkhtmltopdf
19:47:53.653 [Thread-5] INFO com.github.jhonnymertz.wkhtmltopdf.wrapper.Pdf - Initialized with {xvfbConfig=null, wkhtmltopdfCommand='/usr/local/bin/wkhtmltopdf'}
19:47:53.653 [Thread-10] INFO com.github.jhonnymertz.wkhtmltopdf.wrapper.Pdf - Initialized with {xvfbConfig=null, wkhtmltopdfCommand='/usr/local/bin/wkhtmltopdf'}
19:47:53.658 [Thread-10] DEBUG com.github.jhonnymertz.wkhtmltopdf.wrapper.Pdf - [/usr/local/bin/wkhtmltopdf, /tmp/java-wkhtmltopdf-wrapper9ddafc06-238d-40c3-be4a-afbad1f56a554006863986637895968.html, -]
19:47:53.658 [Thread-5] DEBUG com.github.jhonnymertz.wkhtmltopdf.wrapper.Pdf - [/usr/local/bin/wkhtmltopdf, /tmp/java-wkhtmltopdf-wrapper7d8b2a79-c14c-48ce-9bd4-0a2d96a7e8df4260853714025219701.html, -]
19:47:53.658 [Thread-10] DEBUG com.github.jhonnymertz.wkhtmltopdf.wrapper.Pdf - Generating pdf with: /usr/local/bin/wkhtmltopdf /tmp/java-wkhtmltopdf-wrapper9ddafc06-238d-40c3-be4a-afbad1f56a554006863986637895968.html -
19:47:53.659 [Thread-5] DEBUG com.github.jhonnymertz.wkhtmltopdf.wrapper.Pdf - Generating pdf with: /usr/local/bin/wkhtmltopdf /tmp/java-wkhtmltopdf-wrapper7d8b2a79-c14c-48ce-9bd4-0a2d96a7e8df4260853714025219701.html -
19:47:53.780 [Thread-13] DEBUG com.github.jhonnymertz.wkhtmltopdf.wrapper.Pdf - Wkhtmltopdf output:
Loading pages (1/6)
[>                                                           ] 0%[======>                                                     ] 10%[==============================>                             ] 50%[============================================================] 100%Counting pages (2/6)                                               
[============================================================] Object 1 of 1Resolving links (4/6)                                                       
[============================================================] Object 1 of 1Loading headers and footers (5/6)                                           
Printing pages (6/6)
[>                                                           ] Preparing[============================================================] Page 1 of 1Done                                                                      

19:47:53.783 [Thread-13] INFO com.github.jhonnymertz.wkhtmltopdf.wrapper.Pdf - PDF successfully generated with: /usr/local/bin/wkhtmltopdf /tmp/java-wkhtmltopdf-wrappera2879cd6-6167-4805-8946-f918a3d742788901292735212051369.html -
19:47:53.784 [Thread-13] DEBUG com.github.jhonnymertz.wkhtmltopdf.wrapper.Pdf - Shutting down executor for wkhtmltopdf.
19:47:53.785 [Thread-13] DEBUG com.github.jhonnymertz.wkhtmltopdf.wrapper.Pdf - Cleaning up temporary files...
19:47:53.808 [Thread-13] DEBUG com.github.jhonnymertz.wkhtmltopdf.wrapper.Pdf - Delete temp file at: /tmp/java-wkhtmltopdf-wrappera2879cd6-6167-4805-8946-f918a3d742788901292735212051369.html true
19:47:53.809 [Thread-13] INFO com.github.jhonnymertz.wkhtmltopdf.wrapper.Pdf - PDF successfully saved in /home/andrey/WAB3_cache/3f7718df-5db2-454a-b630-96f83bff1504/kudir_header.pdf
19:47:53.810 [Thread-13] DEBUG com.github.jhonnymertz.wkhtmltopdf.wrapper.configurations.WrapperConfig - Initialized with default configurations.
19:47:53.877 [Thread-13] DEBUG com.github.jhonnymertz.wkhtmltopdf.wrapper.configurations.WrapperConfig - Wkhtmltopdf command found in classpath: /usr/local/bin/wkhtmltopdf
19:47:53.877 [Thread-13] INFO com.github.jhonnymertz.wkhtmltopdf.wrapper.Pdf - Initialized with {xvfbConfig=null, wkhtmltopdfCommand='/usr/local/bin/wkhtmltopdf'}
19:47:53.881 [Thread-13] DEBUG com.github.jhonnymertz.wkhtmltopdf.wrapper.Pdf - [/usr/local/bin/wkhtmltopdf, /tmp/java-wkhtmltopdf-wrapper9d5c3aa7-a641-45b5-9214-132a2d6d253e5194488399546061334.html, -]
19:47:53.882 [Thread-13] DEBUG com.github.jhonnymertz.wkhtmltopdf.wrapper.Pdf - Generating pdf with: /usr/local/bin/wkhtmltopdf /tmp/java-wkhtmltopdf-wrapper9d5c3aa7-a641-45b5-9214-132a2d6d253e5194488399546061334.html -
19:47:54.073 [Thread-14] DEBUG com.github.jhonnymertz.wkhtmltopdf.wrapper.Pdf - Wkhtmltopdf output:
Loading pages (1/6)
[>                                                           ] 0%[======>                                                     ] 10%[==============================>                             ] 50%[============================================================] 100%Counting pages (2/6)                                               
[============================================================] Object 1 of 1Resolving links (4/6)                                                       
[============================================================] Object 1 of 1Loading headers and footers (5/6)                                           
Printing pages (6/6)
[>                                                           ] Preparing[============================================================] Page 1 of 1Done                                                                      

19:47:54.083 [Thread-14] INFO com.github.jhonnymertz.wkhtmltopdf.wrapper.Pdf - PDF successfully generated with: /usr/local/bin/wkhtmltopdf /tmp/java-wkhtmltopdf-wrapper9d092f91-f9ee-412b-a81e-3eaf40e1d6b3277444265220302465.html -
19:47:54.084 [Thread-14] DEBUG com.github.jhonnymertz.wkhtmltopdf.wrapper.Pdf - Shutting down executor for wkhtmltopdf.
19:47:54.085 [Thread-14] DEBUG com.github.jhonnymertz.wkhtmltopdf.wrapper.Pdf - Cleaning up temporary files...
19:47:54.086 [Thread-14] DEBUG com.github.jhonnymertz.wkhtmltopdf.wrapper.Pdf - Delete temp file at: /tmp/java-wkhtmltopdf-wrapper9d092f91-f9ee-412b-a81e-3eaf40e1d6b3277444265220302465.html true
19:47:54.087 [Thread-14] INFO com.github.jhonnymertz.wkhtmltopdf.wrapper.Pdf - PDF successfully saved in /home/andrey/WAB3_cache/794dfc2c-e08b-4c3f-8b4a-f40f0b093725/kudir_header.pdf
19:47:54.088 [Thread-14] DEBUG com.github.jhonnymertz.wkhtmltopdf.wrapper.configurations.WrapperConfig - Initialized with default configurations.
19:47:54.098 [Thread-11] DEBUG com.github.jhonnymertz.wkhtmltopdf.wrapper.Pdf - Wkhtmltopdf output:
Loading pages (1/6)
[>                                                           ] 0%[======>                                                     ] 10%[==============================>                             ] 50%[============================================================] 100%Counting pages (2/6)                                               
[============================================================] Object 1 of 1Resolving links (4/6)                                                       
[============================================================] Object 1 of 1Loading headers and footers (5/6)                                           
Printing pages (6/6)
[>                                                           ] Preparing[============================================================] Page 1 of 1Done                                                                      

19:47:54.099 [Thread-11] INFO com.github.jhonnymertz.wkhtmltopdf.wrapper.Pdf - PDF successfully generated with: /usr/local/bin/wkhtmltopdf /tmp/java-wkhtmltopdf-wrapperf9f9fa9a-0a1e-423b-9228-88cf355dadaa2549834507572516878.html -
19:47:54.099 [Thread-11] DEBUG com.github.jhonnymertz.wkhtmltopdf.wrapper.Pdf - Shutting down executor for wkhtmltopdf.
19:47:54.099 [Thread-11] DEBUG com.github.jhonnymertz.wkhtmltopdf.wrapper.Pdf - Cleaning up temporary files...
19:47:54.099 [Thread-11] DEBUG com.github.jhonnymertz.wkhtmltopdf.wrapper.Pdf - Delete temp file at: /tmp/java-wkhtmltopdf-wrapperf9f9fa9a-0a1e-423b-9228-88cf355dadaa2549834507572516878.html true
19:47:54.100 [Thread-11] INFO com.github.jhonnymertz.wkhtmltopdf.wrapper.Pdf - PDF successfully saved in /home/andrey/WAB3_cache/6f8e0320-8539-44af-8152-5ecb801c084b/kudir_header.pdf
19:47:54.102 [Thread-11] DEBUG com.github.jhonnymertz.wkhtmltopdf.wrapper.configurations.WrapperConfig - Initialized with default configurations.
19:47:54.128 [Thread-14] DEBUG com.github.jhonnymertz.wkhtmltopdf.wrapper.configurations.WrapperConfig - Wkhtmltopdf command found in classpath: /usr/local/bin/wkhtmltopdf
19:47:54.128 [Thread-14] INFO com.github.jhonnymertz.wkhtmltopdf.wrapper.Pdf - Initialized with {xvfbConfig=null, wkhtmltopdfCommand='/usr/local/bin/wkhtmltopdf'}
19:47:54.131 [Thread-14] DEBUG com.github.jhonnymertz.wkhtmltopdf.wrapper.Pdf - [/usr/local/bin/wkhtmltopdf, /tmp/java-wkhtmltopdf-wrapper6a5625e9-2fbb-4969-b03f-6d5261affc9c8725671619460296751.html, -]
19:47:54.132 [Thread-14] DEBUG com.github.jhonnymertz.wkhtmltopdf.wrapper.Pdf - Generating pdf with: /usr/local/bin/wkhtmltopdf /tmp/java-wkhtmltopdf-wrapper6a5625e9-2fbb-4969-b03f-6d5261affc9c8725671619460296751.html -
19:47:54.148 [Thread-11] DEBUG com.github.jhonnymertz.wkhtmltopdf.wrapper.configurations.WrapperConfig - Wkhtmltopdf command found in classpath: /usr/local/bin/wkhtmltopdf
19:47:54.148 [Thread-11] INFO com.github.jhonnymertz.wkhtmltopdf.wrapper.Pdf - Initialized with {xvfbConfig=null, wkhtmltopdfCommand='/usr/local/bin/wkhtmltopdf'}
19:47:54.150 [Thread-11] DEBUG com.github.jhonnymertz.wkhtmltopdf.wrapper.Pdf - [/usr/local/bin/wkhtmltopdf, /tmp/java-wkhtmltopdf-wrapper734cf89b-afff-4c6d-a72d-353747a4775c3144347498479993853.html, -]
19:47:54.150 [Thread-11] DEBUG com.github.jhonnymertz.wkhtmltopdf.wrapper.Pdf - Generating pdf with: /usr/local/bin/wkhtmltopdf /tmp/java-wkhtmltopdf-wrapper734cf89b-afff-4c6d-a72d-353747a4775c3144347498479993853.html -
19:47:54.304 [Thread-24] DEBUG com.github.jhonnymertz.wkhtmltopdf.wrapper.Pdf - Wkhtmltopdf output:
Loading pages (1/6)
[>                                                           ] 0%[======>                                                     ] 10%[==============================>                             ] 50%[============================================================] 100%Counting pages (2/6)                                               
[============================================================] Object 1 of 1Resolving links (4/6)                                                       
[============================================================] Object 1 of 1Loading headers and footers (5/6)                                           
Printing pages (6/6)
[>                                                           ] Preparing[============================================================] Page 1 of 1Done                                                                      

19:47:54.304 [Thread-24] INFO com.github.jhonnymertz.wkhtmltopdf.wrapper.Pdf - PDF successfully generated with: /usr/local/bin/wkhtmltopdf /tmp/java-wkhtmltopdf-wrapper795c509f-9b10-478b-9280-66829e22abde4536382626383588125.html -
19:47:54.306 [Thread-24] DEBUG com.github.jhonnymertz.wkhtmltopdf.wrapper.Pdf - Shutting down executor for wkhtmltopdf.
19:47:54.307 [Thread-24] DEBUG com.github.jhonnymertz.wkhtmltopdf.wrapper.Pdf - Cleaning up temporary files...
19:47:54.308 [Thread-24] DEBUG com.github.jhonnymertz.wkhtmltopdf.wrapper.Pdf - Delete temp file at: /tmp/java-wkhtmltopdf-wrapper795c509f-9b10-478b-9280-66829e22abde4536382626383588125.html true
19:47:54.309 [Thread-24] INFO com.github.jhonnymertz.wkhtmltopdf.wrapper.Pdf - PDF successfully saved in /home/andrey/WAB3_cache/8a7941e7-5426-47ac-92af-6bb7adaad6bb/kudir_header.pdf
19:47:54.309 [Thread-24] DEBUG com.github.jhonnymertz.wkhtmltopdf.wrapper.configurations.WrapperConfig - Initialized with default configurations.
19:47:54.350 [Thread-24] DEBUG com.github.jhonnymertz.wkhtmltopdf.wrapper.configurations.WrapperConfig - Wkhtmltopdf command found in classpath: /usr/local/bin/wkhtmltopdf
19:47:54.350 [Thread-24] INFO com.github.jhonnymertz.wkhtmltopdf.wrapper.Pdf - Initialized with {xvfbConfig=null, wkhtmltopdfCommand='/usr/local/bin/wkhtmltopdf'}
19:47:54.352 [Thread-24] DEBUG com.github.jhonnymertz.wkhtmltopdf.wrapper.Pdf - [/usr/local/bin/wkhtmltopdf, /tmp/java-wkhtmltopdf-wrapper7ceea1cd-5cb5-44f5-85eb-3cac215171158555824044525681833.html, -]
19:47:54.352 [Thread-24] DEBUG com.github.jhonnymertz.wkhtmltopdf.wrapper.Pdf - Generating pdf with: /usr/local/bin/wkhtmltopdf /tmp/java-wkhtmltopdf-wrapper7ceea1cd-5cb5-44f5-85eb-3cac215171158555824044525681833.html -
19:47:54.405 [Thread-21] DEBUG com.github.jhonnymertz.wkhtmltopdf.wrapper.Pdf - Wkhtmltopdf output:
Loading pages (1/6)
[>                                                           ] 0%[======>                                                     ] 10%[==============================>                             ] 50%[============================================================] 100%Counting pages (2/6)                                               
[============================================================] Object 1 of 1Resolving links (4/6)                                                       
[============================================================] Object 1 of 1Loading headers and footers (5/6)                                           
Printing pages (6/6)
[>                                                           ] Preparing[============================================================] Page 1 of 1Done                                                                      

19:47:54.407 [Thread-21] INFO com.github.jhonnymertz.wkhtmltopdf.wrapper.Pdf - PDF successfully generated with: /usr/local/bin/wkhtmltopdf /tmp/java-wkhtmltopdf-wrapper173e7487-6e51-479f-b656-28d3e54fd0744208112350889916833.html -
19:47:54.408 [Thread-21] DEBUG com.github.jhonnymertz.wkhtmltopdf.wrapper.Pdf - Shutting down executor for wkhtmltopdf.
19:47:54.423 [Thread-21] DEBUG com.github.jhonnymertz.wkhtmltopdf.wrapper.Pdf - Cleaning up temporary files...
19:47:54.424 [Thread-21] DEBUG com.github.jhonnymertz.wkhtmltopdf.wrapper.Pdf - Delete temp file at: /tmp/java-wkhtmltopdf-wrapper173e7487-6e51-479f-b656-28d3e54fd0744208112350889916833.html true
19:47:54.425 [Thread-21] INFO com.github.jhonnymertz.wkhtmltopdf.wrapper.Pdf - PDF successfully saved in /home/andrey/WAB3_cache/9b0def63-3019-4316-b6ab-60cf887874d8/kudir_header.pdf
19:47:54.425 [Thread-21] DEBUG com.github.jhonnymertz.wkhtmltopdf.wrapper.configurations.WrapperConfig - Initialized with default configurations.
19:47:54.467 [Thread-21] DEBUG com.github.jhonnymertz.wkhtmltopdf.wrapper.configurations.WrapperConfig - Wkhtmltopdf command found in classpath: /usr/local/bin/wkhtmltopdf
19:47:54.468 [Thread-21] INFO com.github.jhonnymertz.wkhtmltopdf.wrapper.Pdf - Initialized with {xvfbConfig=null, wkhtmltopdfCommand='/usr/local/bin/wkhtmltopdf'}
19:47:54.470 [Thread-21] DEBUG com.github.jhonnymertz.wkhtmltopdf.wrapper.Pdf - [/usr/local/bin/wkhtmltopdf, /tmp/java-wkhtmltopdf-wrapper9ac57186-ee55-4c99-8698-e34b36245b01284417031542205466.html, -]
19:47:54.470 [Thread-21] DEBUG com.github.jhonnymertz.wkhtmltopdf.wrapper.Pdf - Generating pdf with: /usr/local/bin/wkhtmltopdf /tmp/java-wkhtmltopdf-wrapper9ac57186-ee55-4c99-8698-e34b36245b01284417031542205466.html -
19:47:54.744 [Thread-9] DEBUG com.github.jhonnymertz.wkhtmltopdf.wrapper.Pdf - Wkhtmltopdf output:
Loading pages (1/6)
[>                                                           ] 0%[======>                                                     ] 10%[==============================>                             ] 50%[============================================================] 100%Counting pages (2/6)                                               
[============================================================] Object 1 of 1Resolving links (4/6)                                                       
[============================================================] Object 1 of 1Loading headers and footers (5/6)                                           
Printing pages (6/6)
[>                                                           ] Preparing[============================================================] Page 1 of 1Done                                                                      

19:47:54.746 [Thread-9] INFO com.github.jhonnymertz.wkhtmltopdf.wrapper.Pdf - PDF successfully generated with: /usr/local/bin/wkhtmltopdf /tmp/java-wkhtmltopdf-wrapper4dbf5169-9b74-4959-b846-a90a73795f343028059532073174575.html -
19:47:54.747 [Thread-9] DEBUG com.github.jhonnymertz.wkhtmltopdf.wrapper.Pdf - Shutting down executor for wkhtmltopdf.
19:47:54.747 [Thread-9] DEBUG com.github.jhonnymertz.wkhtmltopdf.wrapper.Pdf - Cleaning up temporary files...
19:47:54.749 [Thread-9] DEBUG com.github.jhonnymertz.wkhtmltopdf.wrapper.Pdf - Delete temp file at: /tmp/java-wkhtmltopdf-wrapper4dbf5169-9b74-4959-b846-a90a73795f343028059532073174575.html true
19:47:54.750 [Thread-9] INFO com.github.jhonnymertz.wkhtmltopdf.wrapper.Pdf - PDF successfully saved in /home/andrey/WAB3_cache/7ed1691d-1de1-4369-b837-5a563cc613a9/kudir_header.pdf
19:47:54.750 [Thread-9] DEBUG com.github.jhonnymertz.wkhtmltopdf.wrapper.configurations.WrapperConfig - Initialized with default configurations.
19:47:54.792 [Thread-9] DEBUG com.github.jhonnymertz.wkhtmltopdf.wrapper.configurations.WrapperConfig - Wkhtmltopdf command found in classpath: /usr/local/bin/wkhtmltopdf
19:47:54.792 [Thread-9] INFO com.github.jhonnymertz.wkhtmltopdf.wrapper.Pdf - Initialized with {xvfbConfig=null, wkhtmltopdfCommand='/usr/local/bin/wkhtmltopdf'}
19:47:54.794 [Thread-9] DEBUG com.github.jhonnymertz.wkhtmltopdf.wrapper.Pdf - [/usr/local/bin/wkhtmltopdf, /tmp/java-wkhtmltopdf-wrapper5ccf7334-aa03-49dd-a3df-ab511004dec53049383806217649478.html, -]
19:47:54.795 [Thread-9] DEBUG com.github.jhonnymertz.wkhtmltopdf.wrapper.Pdf - Generating pdf with: /usr/local/bin/wkhtmltopdf /tmp/java-wkhtmltopdf-wrapper5ccf7334-aa03-49dd-a3df-ab511004dec53049383806217649478.html -
19:47:55.225 [Thread-17] DEBUG com.github.jhonnymertz.wkhtmltopdf.wrapper.Pdf - Wkhtmltopdf output:
Loading pages (1/6)
[>                                                           ] 0%[======>                                                     ] 10%[==============================>                             ] 50%[============================================================] 100%Counting pages (2/6)                                               
[============================================================] Object 1 of 1Resolving links (4/6)                                                       
[============================================================] Object 1 of 1Loading headers and footers (5/6)                                           
Printing pages (6/6)
[>                                                           ] Preparing[============================================================] Page 1 of 1Done                                                                      

19:47:55.227 [Thread-17] INFO com.github.jhonnymertz.wkhtmltopdf.wrapper.Pdf - PDF successfully generated with: /usr/local/bin/wkhtmltopdf /tmp/java-wkhtmltopdf-wrapper8ce3a079-a3a7-477f-988b-8c529880abfe2063545305055797569.html -
19:47:55.227 [Thread-17] DEBUG com.github.jhonnymertz.wkhtmltopdf.wrapper.Pdf - Shutting down executor for wkhtmltopdf.
19:47:55.228 [Thread-17] DEBUG com.github.jhonnymertz.wkhtmltopdf.wrapper.Pdf - Cleaning up temporary files...
19:47:55.230 [Thread-17] DEBUG com.github.jhonnymertz.wkhtmltopdf.wrapper.Pdf - Delete temp file at: /tmp/java-wkhtmltopdf-wrapper8ce3a079-a3a7-477f-988b-8c529880abfe2063545305055797569.html true
19:47:55.232 [Thread-17] INFO com.github.jhonnymertz.wkhtmltopdf.wrapper.Pdf - PDF successfully saved in /home/andrey/WAB3_cache/f1596384-3747-4e5c-92b8-6088dbad14e0/kudir_header.pdf
19:47:55.233 [Thread-17] DEBUG com.github.jhonnymertz.wkhtmltopdf.wrapper.configurations.WrapperConfig - Initialized with default configurations.
19:47:55.241 [Thread-8] DEBUG com.github.jhonnymertz.wkhtmltopdf.wrapper.Pdf - Wkhtmltopdf output:
Loading pages (1/6)
[>                                                           ] 0%[======>                                                     ] 10%[==============================>                             ] 50%[============================================================] 100%Counting pages (2/6)                                               
[============================================================] Object 1 of 1Resolving links (4/6)                                                       
[============================================================] Object 1 of 1Loading headers and footers (5/6)                                           
Printing pages (6/6)
[>                                                           ] Preparing[============================================================] Page 1 of 1Done                                                                      

19:47:55.242 [Thread-8] INFO com.github.jhonnymertz.wkhtmltopdf.wrapper.Pdf - PDF successfully generated with: /usr/local/bin/wkhtmltopdf /tmp/java-wkhtmltopdf-wrapperfa7964ad-0ab5-4ef2-b106-5ba318ae367c2185957738477653554.html -
19:47:55.242 [Thread-8] DEBUG com.github.jhonnymertz.wkhtmltopdf.wrapper.Pdf - Shutting down executor for wkhtmltopdf.
19:47:55.242 [Thread-8] DEBUG com.github.jhonnymertz.wkhtmltopdf.wrapper.Pdf - Cleaning up temporary files...
19:47:55.242 [Thread-8] DEBUG com.github.jhonnymertz.wkhtmltopdf.wrapper.Pdf - Delete temp file at: /tmp/java-wkhtmltopdf-wrapperfa7964ad-0ab5-4ef2-b106-5ba318ae367c2185957738477653554.html true
19:47:55.243 [Thread-8] INFO com.github.jhonnymertz.wkhtmltopdf.wrapper.Pdf - PDF successfully saved in /home/andrey/WAB3_cache/fac5f4cf-1f85-41ec-b553-163b80ac8b24/kudir_header.pdf
19:47:55.243 [Thread-8] DEBUG com.github.jhonnymertz.wkhtmltopdf.wrapper.configurations.WrapperConfig - Initialized with default configurations.
19:47:55.279 [Thread-17] DEBUG com.github.jhonnymertz.wkhtmltopdf.wrapper.configurations.WrapperConfig - Wkhtmltopdf command found in classpath: /usr/local/bin/wkhtmltopdf
19:47:55.279 [Thread-17] INFO com.github.jhonnymertz.wkhtmltopdf.wrapper.Pdf - Initialized with {xvfbConfig=null, wkhtmltopdfCommand='/usr/local/bin/wkhtmltopdf'}
19:47:55.281 [Thread-17] DEBUG com.github.jhonnymertz.wkhtmltopdf.wrapper.Pdf - [/usr/local/bin/wkhtmltopdf, /tmp/java-wkhtmltopdf-wrappercc54183f-1dd2-47e6-af81-d653313ce6528716198014628058294.html, -]
19:47:55.282 [Thread-17] DEBUG com.github.jhonnymertz.wkhtmltopdf.wrapper.Pdf - Generating pdf with: /usr/local/bin/wkhtmltopdf /tmp/java-wkhtmltopdf-wrappercc54183f-1dd2-47e6-af81-d653313ce6528716198014628058294.html -
19:47:55.293 [Thread-8] DEBUG com.github.jhonnymertz.wkhtmltopdf.wrapper.configurations.WrapperConfig - Wkhtmltopdf command found in classpath: /usr/local/bin/wkhtmltopdf
19:47:55.294 [Thread-8] INFO com.github.jhonnymertz.wkhtmltopdf.wrapper.Pdf - Initialized with {xvfbConfig=null, wkhtmltopdfCommand='/usr/local/bin/wkhtmltopdf'}
19:47:55.295 [Thread-8] DEBUG com.github.jhonnymertz.wkhtmltopdf.wrapper.Pdf - [/usr/local/bin/wkhtmltopdf, /tmp/java-wkhtmltopdf-wrapper57bdf44c-3904-4409-a27a-370d0dba20a86446729933112611966.html, -]
19:47:55.296 [Thread-8] DEBUG com.github.jhonnymertz.wkhtmltopdf.wrapper.Pdf - Generating pdf with: /usr/local/bin/wkhtmltopdf /tmp/java-wkhtmltopdf-wrapper57bdf44c-3904-4409-a27a-370d0dba20a86446729933112611966.html -
19:47:55.344 [Thread-18] DEBUG com.github.jhonnymertz.wkhtmltopdf.wrapper.Pdf - Wkhtmltopdf output:
Loading pages (1/6)
[>                                                           ] 0%[======>                                                     ] 10%[==============================>                             ] 50%[============================================================] 100%Counting pages (2/6)                                               
[============================================================] Object 1 of 1Resolving links (4/6)                                                       
[============================================================] Object 1 of 1Loading headers and footers (5/6)                                           
Printing pages (6/6)
[>                                                           ] Preparing[============================================================] Page 1 of 1Done                                                                      

19:47:55.344 [Thread-18] INFO com.github.jhonnymertz.wkhtmltopdf.wrapper.Pdf - PDF successfully generated with: /usr/local/bin/wkhtmltopdf /tmp/java-wkhtmltopdf-wrapperd9c02c24-44d0-4497-9843-ad14cc1e9a022551659663582051246.html -
19:47:55.345 [Thread-15] DEBUG com.github.jhonnymertz.wkhtmltopdf.wrapper.Pdf - Wkhtmltopdf output:
Loading pages (1/6)
[>                                                           ] 0%[======>                                                     ] 10%[==============================>                             ] 50%[============================================================] 100%Counting pages (2/6)                                               
[============================================================] Object 1 of 1Resolving links (4/6)                                                       
[============================================================] Object 1 of 1Loading headers and footers (5/6)                                           
Printing pages (6/6)
[>                                                           ] Preparing[============================================================] Page 1 of 1Done                                                                      

19:47:55.345 [Thread-15] INFO com.github.jhonnymertz.wkhtmltopdf.wrapper.Pdf - PDF successfully generated with: /usr/local/bin/wkhtmltopdf /tmp/java-wkhtmltopdf-wrappereaac14bd-2717-4890-b23d-d82493857c1b913746645961237227.html -
19:47:55.345 [Thread-15] DEBUG com.github.jhonnymertz.wkhtmltopdf.wrapper.Pdf - Shutting down executor for wkhtmltopdf.
19:47:55.345 [Thread-18] DEBUG com.github.jhonnymertz.wkhtmltopdf.wrapper.Pdf - Shutting down executor for wkhtmltopdf.
19:47:55.358 [Thread-15] DEBUG com.github.jhonnymertz.wkhtmltopdf.wrapper.Pdf - Cleaning up temporary files...
19:47:55.358 [Thread-15] DEBUG com.github.jhonnymertz.wkhtmltopdf.wrapper.Pdf - Delete temp file at: /tmp/java-wkhtmltopdf-wrappereaac14bd-2717-4890-b23d-d82493857c1b913746645961237227.html true
19:47:55.359 [Thread-15] INFO com.github.jhonnymertz.wkhtmltopdf.wrapper.Pdf - PDF successfully saved in /home/andrey/WAB3_cache/941d5f59-6772-4e7b-bbf7-5812c555fbcd/kudir_header.pdf
19:47:55.360 [Thread-15] DEBUG com.github.jhonnymertz.wkhtmltopdf.wrapper.configurations.WrapperConfig - Initialized with default configurations.
19:47:55.366 [Thread-22] DEBUG com.github.jhonnymertz.wkhtmltopdf.wrapper.Pdf - Wkhtmltopdf output:
Loading pages (1/6)
[>                                                           ] 0%[======>                                                     ] 10%[==============================>                             ] 50%[============================================================] 100%Counting pages (2/6)                                               
[============================================================] Object 1 of 1Resolving links (4/6)                                                       
[============================================================] Object 1 of 1Loading headers and footers (5/6)                                           
Printing pages (6/6)
[>                                                           ] Preparing[============================================================] Page 1 of 1Done                                                                      

19:47:55.366 [Thread-22] INFO com.github.jhonnymertz.wkhtmltopdf.wrapper.Pdf - PDF successfully generated with: /usr/local/bin/wkhtmltopdf /tmp/java-wkhtmltopdf-wrapper028674a8-089c-4ba0-bbcc-85df291cac6d4394280029781095297.html -
19:47:55.366 [Thread-22] DEBUG com.github.jhonnymertz.wkhtmltopdf.wrapper.Pdf - Shutting down executor for wkhtmltopdf.
19:47:55.380 [Thread-18] DEBUG com.github.jhonnymertz.wkhtmltopdf.wrapper.Pdf - Cleaning up temporary files...
19:47:55.415 [Thread-20] DEBUG com.github.jhonnymertz.wkhtmltopdf.wrapper.Pdf - Wkhtmltopdf output:
Loading pages (1/6)
[>                                                           ] 0%[======>                                                     ] 10%[==============================>                             ] 50%[============================================================] 100%Counting pages (2/6)                                               
[============================================================] Object 1 of 1Resolving links (4/6)                                                       
[============================================================] Object 1 of 1Loading headers and footers (5/6)                                           
Printing pages (6/6)
[>                                                           ] Preparing[============================================================] Page 1 of 1Done                                                                      

19:47:55.380 [Thread-22] DEBUG com.github.jhonnymertz.wkhtmltopdf.wrapper.Pdf - Cleaning up temporary files...
19:47:55.409 [Thread-15] DEBUG com.github.jhonnymertz.wkhtmltopdf.wrapper.configurations.WrapperConfig - Wkhtmltopdf command found in classpath: /usr/local/bin/wkhtmltopdf
19:47:55.423 [Thread-15] INFO com.github.jhonnymertz.wkhtmltopdf.wrapper.Pdf - Initialized with {xvfbConfig=null, wkhtmltopdfCommand='/usr/local/bin/wkhtmltopdf'}
19:47:55.424 [Thread-20] INFO com.github.jhonnymertz.wkhtmltopdf.wrapper.Pdf - PDF successfully generated with: /usr/local/bin/wkhtmltopdf /tmp/java-wkhtmltopdf-wrapper61f63d78-37fe-4306-9477-dab8480e80e07279220991123928037.html -
19:47:55.424 [Thread-22] DEBUG com.github.jhonnymertz.wkhtmltopdf.wrapper.Pdf - Delete temp file at: /tmp/java-wkhtmltopdf-wrapper028674a8-089c-4ba0-bbcc-85df291cac6d4394280029781095297.html true
19:47:55.424 [Thread-18] DEBUG com.github.jhonnymertz.wkhtmltopdf.wrapper.Pdf - Delete temp file at: /tmp/java-wkhtmltopdf-wrapperd9c02c24-44d0-4497-9843-ad14cc1e9a022551659663582051246.html true
19:47:55.425 [Thread-20] DEBUG com.github.jhonnymertz.wkhtmltopdf.wrapper.Pdf - Shutting down executor for wkhtmltopdf.
19:47:55.426 [Thread-22] INFO com.github.jhonnymertz.wkhtmltopdf.wrapper.Pdf - PDF successfully saved in /home/andrey/WAB3_cache/ef06289b-4f24-464c-b2f4-6a35ca0f2a85/kudir_header.pdf
19:47:55.427 [Thread-18] INFO com.github.jhonnymertz.wkhtmltopdf.wrapper.Pdf - PDF successfully saved in /home/andrey/WAB3_cache/5ff310a0-f390-4da9-bff9-af9fa073e672/kudir_header.pdf
19:47:55.427 [Thread-20] DEBUG com.github.jhonnymertz.wkhtmltopdf.wrapper.Pdf - Cleaning up temporary files...
19:47:55.428 [Thread-22] DEBUG com.github.jhonnymertz.wkhtmltopdf.wrapper.configurations.WrapperConfig - Initialized with default configurations.
19:47:55.429 [Thread-18] DEBUG com.github.jhonnymertz.wkhtmltopdf.wrapper.configurations.WrapperConfig - Initialized with default configurations.
19:47:55.430 [Thread-20] DEBUG com.github.jhonnymertz.wkhtmltopdf.wrapper.Pdf - Delete temp file at: /tmp/java-wkhtmltopdf-wrapper61f63d78-37fe-4306-9477-dab8480e80e07279220991123928037.html true
19:47:55.431 [Thread-15] DEBUG com.github.jhonnymertz.wkhtmltopdf.wrapper.Pdf - [/usr/local/bin/wkhtmltopdf, /tmp/java-wkhtmltopdf-wrapper3f9fedd5-cd94-438c-8109-b089adbe52a57094451348043686088.html, -]
19:47:55.433 [Thread-15] DEBUG com.github.jhonnymertz.wkhtmltopdf.wrapper.Pdf - Generating pdf with: /usr/local/bin/wkhtmltopdf /tmp/java-wkhtmltopdf-wrapper3f9fedd5-cd94-438c-8109-b089adbe52a57094451348043686088.html -
19:47:55.433 [Thread-20] INFO com.github.jhonnymertz.wkhtmltopdf.wrapper.Pdf - PDF successfully saved in /home/andrey/WAB3_cache/376e1bae-9073-4822-8895-4c703ca946e4/kudir_header.pdf
19:47:55.434 [Thread-20] DEBUG com.github.jhonnymertz.wkhtmltopdf.wrapper.configurations.WrapperConfig - Initialized with default configurations.
19:47:55.447 [Thread-12] DEBUG com.github.jhonnymertz.wkhtmltopdf.wrapper.Pdf - Wkhtmltopdf output:
Loading pages (1/6)
[>                                                           ] 0%[======>                                                     ] 10%[==============================>                             ] 50%[============================================================] 100%Counting pages (2/6)                                               
[============================================================] Object 1 of 1Resolving links (4/6)                                                       
[============================================================] Object 1 of 1Loading headers and footers (5/6)                                           
Printing pages (6/6)
[>                                                           ] Preparing[============================================================] Page 1 of 1Done                                                                      

19:47:55.447 [Thread-12] INFO com.github.jhonnymertz.wkhtmltopdf.wrapper.Pdf - PDF successfully generated with: /usr/local/bin/wkhtmltopdf /tmp/java-wkhtmltopdf-wrapper12e8d7d7-cc7e-4495-bf21-0327a36da64b3150018972880429110.html -
19:47:55.447 [Thread-12] DEBUG com.github.jhonnymertz.wkhtmltopdf.wrapper.Pdf - Shutting down executor for wkhtmltopdf.
19:47:55.458 [Thread-12] DEBUG com.github.jhonnymertz.wkhtmltopdf.wrapper.Pdf - Cleaning up temporary files...
19:47:55.461 [Thread-12] DEBUG com.github.jhonnymertz.wkhtmltopdf.wrapper.Pdf - Delete temp file at: /tmp/java-wkhtmltopdf-wrapper12e8d7d7-cc7e-4495-bf21-0327a36da64b3150018972880429110.html true
19:47:55.461 [Thread-12] INFO com.github.jhonnymertz.wkhtmltopdf.wrapper.Pdf - PDF successfully saved in /home/andrey/WAB3_cache/1f20a9b0-35db-47a4-aa95-db9f9f610ecc/kudir_header.pdf
19:47:55.461 [Thread-12] DEBUG com.github.jhonnymertz.wkhtmltopdf.wrapper.configurations.WrapperConfig - Initialized with default configurations.
19:47:55.493 [Thread-18] DEBUG com.github.jhonnymertz.wkhtmltopdf.wrapper.configurations.WrapperConfig - Wkhtmltopdf command found in classpath: /usr/local/bin/wkhtmltopdf
19:47:55.493 [Thread-18] INFO com.github.jhonnymertz.wkhtmltopdf.wrapper.Pdf - Initialized with {xvfbConfig=null, wkhtmltopdfCommand='/usr/local/bin/wkhtmltopdf'}
19:47:55.495 [Thread-22] DEBUG com.github.jhonnymertz.wkhtmltopdf.wrapper.configurations.WrapperConfig - Wkhtmltopdf command found in classpath: /usr/local/bin/wkhtmltopdf
19:47:55.496 [Thread-22] INFO com.github.jhonnymertz.wkhtmltopdf.wrapper.Pdf - Initialized with {xvfbConfig=null, wkhtmltopdfCommand='/usr/local/bin/wkhtmltopdf'}
19:47:55.498 [Thread-18] DEBUG com.github.jhonnymertz.wkhtmltopdf.wrapper.Pdf - [/usr/local/bin/wkhtmltopdf, /tmp/java-wkhtmltopdf-wrapper479fa8fe-75c0-4749-bd6b-02a370bfdfc03824809350428548748.html, -]
19:47:55.499 [Thread-18] DEBUG com.github.jhonnymertz.wkhtmltopdf.wrapper.Pdf - Generating pdf with: /usr/local/bin/wkhtmltopdf /tmp/java-wkhtmltopdf-wrapper479fa8fe-75c0-4749-bd6b-02a370bfdfc03824809350428548748.html -
19:47:55.500 [Thread-22] DEBUG com.github.jhonnymertz.wkhtmltopdf.wrapper.Pdf - [/usr/local/bin/wkhtmltopdf, /tmp/java-wkhtmltopdf-wrapper6db29c3c-f322-410b-9332-de6db7a1b12669908600559413190.html, -]
19:47:55.501 [Thread-22] DEBUG com.github.jhonnymertz.wkhtmltopdf.wrapper.Pdf - Generating pdf with: /usr/local/bin/wkhtmltopdf /tmp/java-wkhtmltopdf-wrapper6db29c3c-f322-410b-9332-de6db7a1b12669908600559413190.html -
19:47:55.505 [Thread-20] DEBUG com.github.jhonnymertz.wkhtmltopdf.wrapper.configurations.WrapperConfig - Wkhtmltopdf command found in classpath: /usr/local/bin/wkhtmltopdf
19:47:55.506 [Thread-20] INFO com.github.jhonnymertz.wkhtmltopdf.wrapper.Pdf - Initialized with {xvfbConfig=null, wkhtmltopdfCommand='/usr/local/bin/wkhtmltopdf'}
19:47:55.507 [Thread-20] DEBUG com.github.jhonnymertz.wkhtmltopdf.wrapper.Pdf - [/usr/local/bin/wkhtmltopdf, /tmp/java-wkhtmltopdf-wrapper1415c10d-ca8b-452d-9d55-1e6ef85077991787134283826894184.html, -]
19:47:55.508 [Thread-20] DEBUG com.github.jhonnymertz.wkhtmltopdf.wrapper.Pdf - Generating pdf with: /usr/local/bin/wkhtmltopdf /tmp/java-wkhtmltopdf-wrapper1415c10d-ca8b-452d-9d55-1e6ef85077991787134283826894184.html -
19:47:55.530 [Thread-12] DEBUG com.github.jhonnymertz.wkhtmltopdf.wrapper.configurations.WrapperConfig - Wkhtmltopdf command found in classpath: /usr/local/bin/wkhtmltopdf
19:47:55.530 [Thread-12] INFO com.github.jhonnymertz.wkhtmltopdf.wrapper.Pdf - Initialized with {xvfbConfig=null, wkhtmltopdfCommand='/usr/local/bin/wkhtmltopdf'}
19:47:55.569 [Thread-12] DEBUG com.github.jhonnymertz.wkhtmltopdf.wrapper.Pdf - [/usr/local/bin/wkhtmltopdf, /tmp/java-wkhtmltopdf-wrapper5ec3d5bc-ec49-459b-9a4e-937ede314f9d8573674018470996361.html, -]
19:47:55.569 [Thread-12] DEBUG com.github.jhonnymertz.wkhtmltopdf.wrapper.Pdf - Generating pdf with: /usr/local/bin/wkhtmltopdf /tmp/java-wkhtmltopdf-wrapper5ec3d5bc-ec49-459b-9a4e-937ede314f9d8573674018470996361.html -
19:47:55.641 [Thread-7] DEBUG com.github.jhonnymertz.wkhtmltopdf.wrapper.Pdf - Wkhtmltopdf output:
Loading pages (1/6)
[>                                                           ] 0%[======>                                                     ] 10%[==============================>                             ] 50%[============================================================] 100%Counting pages (2/6)                                               
[============================================================] Object 1 of 1Resolving links (4/6)                                                       
[============================================================] Object 1 of 1Loading headers and footers (5/6)                                           
Printing pages (6/6)
[>                                                           ] Preparing[============================================================] Page 1 of 1Done                                                                      

19:47:55.643 [Thread-7] INFO com.github.jhonnymertz.wkhtmltopdf.wrapper.Pdf - PDF successfully generated with: /usr/local/bin/wkhtmltopdf /tmp/java-wkhtmltopdf-wrapper0452aadd-c3e0-4247-9a72-ba64c69c2421320327250946785162.html -
19:47:55.644 [Thread-7] DEBUG com.github.jhonnymertz.wkhtmltopdf.wrapper.Pdf - Shutting down executor for wkhtmltopdf.
19:47:55.691 [Thread-7] DEBUG com.github.jhonnymertz.wkhtmltopdf.wrapper.Pdf - Cleaning up temporary files...
19:47:55.692 [Thread-7] DEBUG com.github.jhonnymertz.wkhtmltopdf.wrapper.Pdf - Delete temp file at: /tmp/java-wkhtmltopdf-wrapper0452aadd-c3e0-4247-9a72-ba64c69c2421320327250946785162.html true
19:47:55.693 [Thread-7] INFO com.github.jhonnymertz.wkhtmltopdf.wrapper.Pdf - PDF successfully saved in /home/andrey/WAB3_cache/725f5ce3-4258-40a7-b0e2-67aa5026d300/kudir_header.pdf
19:47:55.693 [Thread-7] DEBUG com.github.jhonnymertz.wkhtmltopdf.wrapper.configurations.WrapperConfig - Initialized with default configurations.
19:47:55.714 [Thread-23] DEBUG com.github.jhonnymertz.wkhtmltopdf.wrapper.Pdf - Wkhtmltopdf output:
Loading pages (1/6)
[>                                                           ] 0%[======>                                                     ] 10%[==============================>                             ] 50%[============================================================] 100%Counting pages (2/6)                                               
[============================================================] Object 1 of 1Resolving links (4/6)                                                       
[============================================================] Object 1 of 1Loading headers and footers (5/6)                                           
Printing pages (6/6)
[>                                                           ] Preparing[============================================================] Page 1 of 1Done                                                                      

19:47:55.715 [Thread-23] INFO com.github.jhonnymertz.wkhtmltopdf.wrapper.Pdf - PDF successfully generated with: /usr/local/bin/wkhtmltopdf /tmp/java-wkhtmltopdf-wrapperbdecb645-07e6-4a13-b23d-f0b35d46bea36232342128464794668.html -
19:47:55.715 [Thread-23] DEBUG com.github.jhonnymertz.wkhtmltopdf.wrapper.Pdf - Shutting down executor for wkhtmltopdf.
19:47:55.715 [Thread-23] DEBUG com.github.jhonnymertz.wkhtmltopdf.wrapper.Pdf - Cleaning up temporary files...
19:47:55.716 [Thread-23] DEBUG com.github.jhonnymertz.wkhtmltopdf.wrapper.Pdf - Delete temp file at: /tmp/java-wkhtmltopdf-wrapperbdecb645-07e6-4a13-b23d-f0b35d46bea36232342128464794668.html true
19:47:55.717 [Thread-23] INFO com.github.jhonnymertz.wkhtmltopdf.wrapper.Pdf - PDF successfully saved in /home/andrey/WAB3_cache/72bae195-d489-45fc-bec6-b94ef02854e6/kudir_header.pdf
19:47:55.717 [Thread-23] DEBUG com.github.jhonnymertz.wkhtmltopdf.wrapper.configurations.WrapperConfig - Initialized with default configurations.
19:47:55.754 [Thread-7] DEBUG com.github.jhonnymertz.wkhtmltopdf.wrapper.configurations.WrapperConfig - Wkhtmltopdf command found in classpath: /usr/local/bin/wkhtmltopdf
19:47:55.755 [Thread-7] INFO com.github.jhonnymertz.wkhtmltopdf.wrapper.Pdf - Initialized with {xvfbConfig=null, wkhtmltopdfCommand='/usr/local/bin/wkhtmltopdf'}
19:47:55.757 [Thread-7] DEBUG com.github.jhonnymertz.wkhtmltopdf.wrapper.Pdf - [/usr/local/bin/wkhtmltopdf, /tmp/java-wkhtmltopdf-wrapperb07349ce-271d-43d9-a2f5-b03d69976ca88966544442588819946.html, -]
19:47:55.757 [Thread-7] DEBUG com.github.jhonnymertz.wkhtmltopdf.wrapper.Pdf - Generating pdf with: /usr/local/bin/wkhtmltopdf /tmp/java-wkhtmltopdf-wrapperb07349ce-271d-43d9-a2f5-b03d69976ca88966544442588819946.html -
19:47:55.781 [Thread-23] DEBUG com.github.jhonnymertz.wkhtmltopdf.wrapper.configurations.WrapperConfig - Wkhtmltopdf command found in classpath: /usr/local/bin/wkhtmltopdf
19:47:55.781 [Thread-23] INFO com.github.jhonnymertz.wkhtmltopdf.wrapper.Pdf - Initialized with {xvfbConfig=null, wkhtmltopdfCommand='/usr/local/bin/wkhtmltopdf'}
19:47:55.783 [Thread-23] DEBUG com.github.jhonnymertz.wkhtmltopdf.wrapper.Pdf - [/usr/local/bin/wkhtmltopdf, /tmp/java-wkhtmltopdf-wrapperad374430-e319-4b23-86a2-f27e980630c62244527767011399595.html, -]
19:47:55.783 [Thread-23] DEBUG com.github.jhonnymertz.wkhtmltopdf.wrapper.Pdf - Generating pdf with: /usr/local/bin/wkhtmltopdf /tmp/java-wkhtmltopdf-wrapperad374430-e319-4b23-86a2-f27e980630c62244527767011399595.html -
19:47:55.878 [Thread-19] DEBUG com.github.jhonnymertz.wkhtmltopdf.wrapper.Pdf - Wkhtmltopdf output:
Loading pages (1/6)
[>                                                           ] 0%[======>                                                     ] 10%[==============================>                             ] 50%[============================================================] 100%Counting pages (2/6)                                               
[============================================================] Object 1 of 1Resolving links (4/6)                                                       
[============================================================] Object 1 of 1Loading headers and footers (5/6)                                           
Printing pages (6/6)
[>                                                           ] Preparing[===============>                                            ] Page 1 of 4[==============================>                             ] Page 2 of 4[=============================================>              ] Page 3 of 4[============================================================] Page 4 of 4Done                                                                      

19:47:55.879 [Thread-19] INFO com.github.jhonnymertz.wkhtmltopdf.wrapper.Pdf - PDF successfully generated with: /usr/local/bin/wkhtmltopdf /tmp/java-wkhtmltopdf-wrapper85d1af9c-61ff-463a-9c8a-fe74045697536394930990733032202.html -
19:47:55.880 [Thread-19] DEBUG com.github.jhonnymertz.wkhtmltopdf.wrapper.Pdf - Shutting down executor for wkhtmltopdf.
19:47:55.880 [Thread-19] DEBUG com.github.jhonnymertz.wkhtmltopdf.wrapper.Pdf - Cleaning up temporary files...
19:47:55.881 [Thread-19] DEBUG com.github.jhonnymertz.wkhtmltopdf.wrapper.Pdf - Delete temp file at: /tmp/java-wkhtmltopdf-wrapper85d1af9c-61ff-463a-9c8a-fe74045697536394930990733032202.html true
19:47:55.882 [Thread-19] INFO com.github.jhonnymertz.wkhtmltopdf.wrapper.Pdf - PDF successfully saved in /home/andrey/WAB3_cache/bfba3c85-e7ca-45ef-85c4-586388dfcbec/kudir_incomes.pdf
19:47:55.883 [Thread-19] DEBUG com.github.jhonnymertz.wkhtmltopdf.wrapper.configurations.WrapperConfig - Initialized with default configurations.
19:47:55.899 [Thread-6] DEBUG com.github.jhonnymertz.wkhtmltopdf.wrapper.Pdf - Wkhtmltopdf output:
Loading pages (1/6)
[>                                                           ] 0%[======>                                                     ] 10%[==============================>                             ] 50%[============================================================] 100%Counting pages (2/6)                                               
[============================================================] Object 1 of 1Resolving links (4/6)                                                       
[============================================================] Object 1 of 1Loading headers and footers (5/6)                                           
Printing pages (6/6)
[>                                                           ] Preparing[===============>                                            ] Page 1 of 4[==============================>                             ] Page 2 of 4[=============================================>              ] Page 3 of 4[============================================================] Page 4 of 4Done                                                                      

19:47:55.900 [Thread-6] INFO com.github.jhonnymertz.wkhtmltopdf.wrapper.Pdf - PDF successfully generated with: /usr/local/bin/wkhtmltopdf /tmp/java-wkhtmltopdf-wrapper9bdbffb2-acc0-4b1c-9558-06a0dbf68919511921633094955256.html -
19:47:55.900 [Thread-6] DEBUG com.github.jhonnymertz.wkhtmltopdf.wrapper.Pdf - Shutting down executor for wkhtmltopdf.
19:47:55.900 [Thread-6] DEBUG com.github.jhonnymertz.wkhtmltopdf.wrapper.Pdf - Cleaning up temporary files...
19:47:55.900 [Thread-6] DEBUG com.github.jhonnymertz.wkhtmltopdf.wrapper.Pdf - Delete temp file at: /tmp/java-wkhtmltopdf-wrapper9bdbffb2-acc0-4b1c-9558-06a0dbf68919511921633094955256.html true
19:47:55.902 [Thread-6] INFO com.github.jhonnymertz.wkhtmltopdf.wrapper.Pdf - PDF successfully saved in /home/andrey/WAB3_cache/81963cc8-4f68-4f28-b119-e01ae52a3622/kudir_incomes.pdf
19:47:55.902 [Thread-6] DEBUG com.github.jhonnymertz.wkhtmltopdf.wrapper.configurations.WrapperConfig - Initialized with default configurations.
19:47:55.930 [Thread-19] DEBUG com.github.jhonnymertz.wkhtmltopdf.wrapper.configurations.WrapperConfig - Wkhtmltopdf command found in classpath: /usr/local/bin/wkhtmltopdf
19:47:55.931 [Thread-19] INFO com.github.jhonnymertz.wkhtmltopdf.wrapper.Pdf - Initialized with {xvfbConfig=null, wkhtmltopdfCommand='/usr/local/bin/wkhtmltopdf'}
19:47:55.933 [Thread-19] DEBUG com.github.jhonnymertz.wkhtmltopdf.wrapper.Pdf - [/usr/local/bin/wkhtmltopdf, -O , landscape, /tmp/java-wkhtmltopdf-wrapper41b624d2-8bbd-4f3d-b1eb-4261c4cbe90f5323117969283093525.html, -]
19:47:55.934 [Thread-19] DEBUG com.github.jhonnymertz.wkhtmltopdf.wrapper.Pdf - Generating pdf with: /usr/local/bin/wkhtmltopdf -O  landscape /tmp/java-wkhtmltopdf-wrapper41b624d2-8bbd-4f3d-b1eb-4261c4cbe90f5323117969283093525.html -
19:47:55.947 [Thread-6] DEBUG com.github.jhonnymertz.wkhtmltopdf.wrapper.configurations.WrapperConfig - Wkhtmltopdf command found in classpath: /usr/local/bin/wkhtmltopdf
19:47:55.947 [Thread-6] INFO com.github.jhonnymertz.wkhtmltopdf.wrapper.Pdf - Initialized with {xvfbConfig=null, wkhtmltopdfCommand='/usr/local/bin/wkhtmltopdf'}
19:47:55.949 [Thread-6] DEBUG com.github.jhonnymertz.wkhtmltopdf.wrapper.Pdf - [/usr/local/bin/wkhtmltopdf, -O , landscape, /tmp/java-wkhtmltopdf-wrapper50e68893-f69c-488b-918d-c1f8e1bdce0b7798014234470972234.html, -]
19:47:55.949 [Thread-6] DEBUG com.github.jhonnymertz.wkhtmltopdf.wrapper.Pdf - Generating pdf with: /usr/local/bin/wkhtmltopdf -O  landscape /tmp/java-wkhtmltopdf-wrapper50e68893-f69c-488b-918d-c1f8e1bdce0b7798014234470972234.html -
19:47:56.045 [Thread-10] DEBUG com.github.jhonnymertz.wkhtmltopdf.wrapper.Pdf - Wkhtmltopdf output:
Loading pages (1/6)
[>                                                           ] 0%[======>                                                     ] 10%[==============================>                             ] 50%[============================================================] 100%Counting pages (2/6)                                               
[============================================================] Object 1 of 1Resolving links (4/6)                                                       
[============================================================] Object 1 of 1Loading headers and footers (5/6)                                           
Printing pages (6/6)
[>                                                           ] Preparing[===============>                                            ] Page 1 of 4[==============================>                             ] Page 2 of 4[=============================================>              ] Page 3 of 4[============================================================] Page 4 of 4Done                                                                      

19:47:56.046 [Thread-10] INFO com.github.jhonnymertz.wkhtmltopdf.wrapper.Pdf - PDF successfully generated with: /usr/local/bin/wkhtmltopdf /tmp/java-wkhtmltopdf-wrapper9ddafc06-238d-40c3-be4a-afbad1f56a554006863986637895968.html -
19:47:56.047 [Thread-10] DEBUG com.github.jhonnymertz.wkhtmltopdf.wrapper.Pdf - Shutting down executor for wkhtmltopdf.
19:47:56.055 [Thread-5] DEBUG com.github.jhonnymertz.wkhtmltopdf.wrapper.Pdf - Wkhtmltopdf output:
Loading pages (1/6)
[>                                                           ] 0%[======>                                                     ] 10%[==============================>                             ] 50%[============================================================] 100%Counting pages (2/6)                                               
[============================================================] Object 1 of 1Resolving links (4/6)                                                       
[============================================================] Object 1 of 1Loading headers and footers (5/6)                                           
Printing pages (6/6)
[>                                                           ] Preparing[===============>                                            ] Page 1 of 4[==============================>                             ] Page 2 of 4[=============================================>              ] Page 3 of 4[============================================================] Page 4 of 4Done                                                                      

19:47:56.055 [Thread-5] INFO com.github.jhonnymertz.wkhtmltopdf.wrapper.Pdf - PDF successfully generated with: /usr/local/bin/wkhtmltopdf /tmp/java-wkhtmltopdf-wrapper7d8b2a79-c14c-48ce-9bd4-0a2d96a7e8df4260853714025219701.html -
19:47:56.056 [Thread-5] DEBUG com.github.jhonnymertz.wkhtmltopdf.wrapper.Pdf - Shutting down executor for wkhtmltopdf.
19:47:56.062 [Thread-10] DEBUG com.github.jhonnymertz.wkhtmltopdf.wrapper.Pdf - Cleaning up temporary files...
19:47:56.063 [Thread-5] DEBUG com.github.jhonnymertz.wkhtmltopdf.wrapper.Pdf - Cleaning up temporary files...
19:47:56.064 [Thread-10] DEBUG com.github.jhonnymertz.wkhtmltopdf.wrapper.Pdf - Delete temp file at: /tmp/java-wkhtmltopdf-wrapper9ddafc06-238d-40c3-be4a-afbad1f56a554006863986637895968.html true
19:47:56.064 [Thread-5] DEBUG com.github.jhonnymertz.wkhtmltopdf.wrapper.Pdf - Delete temp file at: /tmp/java-wkhtmltopdf-wrapper7d8b2a79-c14c-48ce-9bd4-0a2d96a7e8df4260853714025219701.html true
19:47:56.065 [Thread-10] INFO com.github.jhonnymertz.wkhtmltopdf.wrapper.Pdf - PDF successfully saved in /home/andrey/WAB3_cache/53290287-3464-437e-9482-ef4447dd668f/kudir_incomes.pdf
19:47:56.065 [Thread-5] INFO com.github.jhonnymertz.wkhtmltopdf.wrapper.Pdf - PDF successfully saved in /home/andrey/WAB3_cache/ee93c321-b424-4cde-b377-a85e72bdbcef/kudir_incomes.pdf
19:47:56.066 [Thread-10] DEBUG com.github.jhonnymertz.wkhtmltopdf.wrapper.configurations.WrapperConfig - Initialized with default configurations.
19:47:56.066 [Thread-5] DEBUG com.github.jhonnymertz.wkhtmltopdf.wrapper.configurations.WrapperConfig - Initialized with default configurations.
19:47:56.100 [Thread-10] DEBUG com.github.jhonnymertz.wkhtmltopdf.wrapper.configurations.WrapperConfig - Wkhtmltopdf command found in classpath: /usr/local/bin/wkhtmltopdf
19:47:56.101 [Thread-10] INFO com.github.jhonnymertz.wkhtmltopdf.wrapper.Pdf - Initialized with {xvfbConfig=null, wkhtmltopdfCommand='/usr/local/bin/wkhtmltopdf'}
19:47:56.104 [Thread-10] DEBUG com.github.jhonnymertz.wkhtmltopdf.wrapper.Pdf - [/usr/local/bin/wkhtmltopdf, -O , landscape, /tmp/java-wkhtmltopdf-wrapper054e6618-8b3b-406f-a5ce-52185b99f94e8450586125171058111.html, -]
19:47:56.105 [Thread-10] DEBUG com.github.jhonnymertz.wkhtmltopdf.wrapper.Pdf - Generating pdf with: /usr/local/bin/wkhtmltopdf -O  landscape /tmp/java-wkhtmltopdf-wrapper054e6618-8b3b-406f-a5ce-52185b99f94e8450586125171058111.html -
19:47:56.108 [Thread-5] DEBUG com.github.jhonnymertz.wkhtmltopdf.wrapper.configurations.WrapperConfig - Wkhtmltopdf command found in classpath: /usr/local/bin/wkhtmltopdf
19:47:56.109 [Thread-5] INFO com.github.jhonnymertz.wkhtmltopdf.wrapper.Pdf - Initialized with {xvfbConfig=null, wkhtmltopdfCommand='/usr/local/bin/wkhtmltopdf'}
19:47:56.110 [Thread-5] DEBUG com.github.jhonnymertz.wkhtmltopdf.wrapper.Pdf - [/usr/local/bin/wkhtmltopdf, -O , landscape, /tmp/java-wkhtmltopdf-wrapper04e54332-761f-46f2-a8b2-03a5310a2b476641605363837572097.html, -]
19:47:56.111 [Thread-5] DEBUG com.github.jhonnymertz.wkhtmltopdf.wrapper.Pdf - Generating pdf with: /usr/local/bin/wkhtmltopdf -O  landscape /tmp/java-wkhtmltopdf-wrapper04e54332-761f-46f2-a8b2-03a5310a2b476641605363837572097.html -
19:47:56.520 [Thread-14] DEBUG com.github.jhonnymertz.wkhtmltopdf.wrapper.Pdf - Wkhtmltopdf output:
Loading pages (1/6)
[>                                                           ] 0%[======>                                                     ] 10%[==============================>                             ] 50%[============================================================] 100%Counting pages (2/6)                                               
[============================================================] Object 1 of 1Resolving links (4/6)                                                       
[============================================================] Object 1 of 1Loading headers and footers (5/6)                                           
Printing pages (6/6)
[>                                                           ] Preparing[===============>                                            ] Page 1 of 4[==============================>                             ] Page 2 of 4[=============================================>              ] Page 3 of 4[============================================================] Page 4 of 4Done                                                                      

19:47:56.521 [Thread-14] INFO com.github.jhonnymertz.wkhtmltopdf.wrapper.Pdf - PDF successfully generated with: /usr/local/bin/wkhtmltopdf /tmp/java-wkhtmltopdf-wrapper6a5625e9-2fbb-4969-b03f-6d5261affc9c8725671619460296751.html -
19:47:56.521 [Thread-14] DEBUG com.github.jhonnymertz.wkhtmltopdf.wrapper.Pdf - Shutting down executor for wkhtmltopdf.
19:47:56.522 [Thread-14] DEBUG com.github.jhonnymertz.wkhtmltopdf.wrapper.Pdf - Cleaning up temporary files...
19:47:56.524 [Thread-14] DEBUG com.github.jhonnymertz.wkhtmltopdf.wrapper.Pdf - Delete temp file at: /tmp/java-wkhtmltopdf-wrapper6a5625e9-2fbb-4969-b03f-6d5261affc9c8725671619460296751.html true
19:47:56.526 [Thread-14] INFO com.github.jhonnymertz.wkhtmltopdf.wrapper.Pdf - PDF successfully saved in /home/andrey/WAB3_cache/794dfc2c-e08b-4c3f-8b4a-f40f0b093725/kudir_incomes.pdf
19:47:56.526 [Thread-14] DEBUG com.github.jhonnymertz.wkhtmltopdf.wrapper.configurations.WrapperConfig - Initialized with default configurations.
19:47:56.544 [Thread-11] DEBUG com.github.jhonnymertz.wkhtmltopdf.wrapper.Pdf - Wkhtmltopdf output:
Loading pages (1/6)
[>                                                           ] 0%[======>                                                     ] 10%[==============================>                             ] 50%[============================================================] 100%Counting pages (2/6)                                               
[============================================================] Object 1 of 1Resolving links (4/6)                                                       
[============================================================] Object 1 of 1Loading headers and footers (5/6)                                           
Printing pages (6/6)
[>                                                           ] Preparing[===============>                                            ] Page 1 of 4[==============================>                             ] Page 2 of 4[=============================================>              ] Page 3 of 4[============================================================] Page 4 of 4Done                                                                      

19:47:56.545 [Thread-11] INFO com.github.jhonnymertz.wkhtmltopdf.wrapper.Pdf - PDF successfully generated with: /usr/local/bin/wkhtmltopdf /tmp/java-wkhtmltopdf-wrapper734cf89b-afff-4c6d-a72d-353747a4775c3144347498479993853.html -
19:47:56.547 [Thread-11] DEBUG com.github.jhonnymertz.wkhtmltopdf.wrapper.Pdf - Shutting down executor for wkhtmltopdf.
19:47:56.548 [Thread-11] DEBUG com.github.jhonnymertz.wkhtmltopdf.wrapper.Pdf - Cleaning up temporary files...
19:47:56.549 [Thread-11] DEBUG com.github.jhonnymertz.wkhtmltopdf.wrapper.Pdf - Delete temp file at: /tmp/java-wkhtmltopdf-wrapper734cf89b-afff-4c6d-a72d-353747a4775c3144347498479993853.html true
19:47:56.550 [Thread-11] INFO com.github.jhonnymertz.wkhtmltopdf.wrapper.Pdf - PDF successfully saved in /home/andrey/WAB3_cache/6f8e0320-8539-44af-8152-5ecb801c084b/kudir_incomes.pdf
19:47:56.551 [Thread-11] DEBUG com.github.jhonnymertz.wkhtmltopdf.wrapper.configurations.WrapperConfig - Initialized with default configurations.
19:47:56.577 [Thread-14] DEBUG com.github.jhonnymertz.wkhtmltopdf.wrapper.configurations.WrapperConfig - Wkhtmltopdf command found in classpath: /usr/local/bin/wkhtmltopdf
19:47:56.578 [Thread-14] INFO com.github.jhonnymertz.wkhtmltopdf.wrapper.Pdf - Initialized with {xvfbConfig=null, wkhtmltopdfCommand='/usr/local/bin/wkhtmltopdf'}
19:47:56.580 [Thread-14] DEBUG com.github.jhonnymertz.wkhtmltopdf.wrapper.Pdf - [/usr/local/bin/wkhtmltopdf, -O , landscape, /tmp/java-wkhtmltopdf-wrapper4d37139f-9a9c-4087-a496-91f5eeef19ee7898271809990580155.html, -]
19:47:56.580 [Thread-14] DEBUG com.github.jhonnymertz.wkhtmltopdf.wrapper.Pdf - Generating pdf with: /usr/local/bin/wkhtmltopdf -O  landscape /tmp/java-wkhtmltopdf-wrapper4d37139f-9a9c-4087-a496-91f5eeef19ee7898271809990580155.html -
19:47:56.592 [Thread-11] DEBUG com.github.jhonnymertz.wkhtmltopdf.wrapper.configurations.WrapperConfig - Wkhtmltopdf command found in classpath: /usr/local/bin/wkhtmltopdf
19:47:56.592 [Thread-11] INFO com.github.jhonnymertz.wkhtmltopdf.wrapper.Pdf - Initialized with {xvfbConfig=null, wkhtmltopdfCommand='/usr/local/bin/wkhtmltopdf'}
19:47:56.594 [Thread-11] DEBUG com.github.jhonnymertz.wkhtmltopdf.wrapper.Pdf - [/usr/local/bin/wkhtmltopdf, -O , landscape, /tmp/java-wkhtmltopdf-wrapper4b633f74-250a-4d12-ad57-b071f293a7a54020916756009726075.html, -]
19:47:56.595 [Thread-11] DEBUG com.github.jhonnymertz.wkhtmltopdf.wrapper.Pdf - Generating pdf with: /usr/local/bin/wkhtmltopdf -O  landscape /tmp/java-wkhtmltopdf-wrapper4b633f74-250a-4d12-ad57-b071f293a7a54020916756009726075.html -
19:47:56.864 [Thread-21] DEBUG com.github.jhonnymertz.wkhtmltopdf.wrapper.Pdf - Wkhtmltopdf output:
Loading pages (1/6)
[>                                                           ] 0%[======>                                                     ] 10%[==============================>                             ] 50%[============================================================] 100%Counting pages (2/6)                                               
[============================================================] Object 1 of 1Resolving links (4/6)                                                       
[============================================================] Object 1 of 1Loading headers and footers (5/6)                                           
Printing pages (6/6)
[>                                                           ] Preparing[===============>                                            ] Page 1 of 4[==============================>                             ] Page 2 of 4[=============================================>              ] Page 3 of 4[============================================================] Page 4 of 4Done                                                                      

19:47:56.865 [Thread-21] INFO com.github.jhonnymertz.wkhtmltopdf.wrapper.Pdf - PDF successfully generated with: /usr/local/bin/wkhtmltopdf /tmp/java-wkhtmltopdf-wrapper9ac57186-ee55-4c99-8698-e34b36245b01284417031542205466.html -
19:47:56.866 [Thread-21] DEBUG com.github.jhonnymertz.wkhtmltopdf.wrapper.Pdf - Shutting down executor for wkhtmltopdf.
19:47:56.868 [Thread-21] DEBUG com.github.jhonnymertz.wkhtmltopdf.wrapper.Pdf - Cleaning up temporary files...
19:47:56.869 [Thread-21] DEBUG com.github.jhonnymertz.wkhtmltopdf.wrapper.Pdf - Delete temp file at: /tmp/java-wkhtmltopdf-wrapper9ac57186-ee55-4c99-8698-e34b36245b01284417031542205466.html true
19:47:56.871 [Thread-21] INFO com.github.jhonnymertz.wkhtmltopdf.wrapper.Pdf - PDF successfully saved in /home/andrey/WAB3_cache/9b0def63-3019-4316-b6ab-60cf887874d8/kudir_incomes.pdf
19:47:56.871 [Thread-21] DEBUG com.github.jhonnymertz.wkhtmltopdf.wrapper.configurations.WrapperConfig - Initialized with default configurations.
19:47:56.911 [Thread-21] DEBUG com.github.jhonnymertz.wkhtmltopdf.wrapper.configurations.WrapperConfig - Wkhtmltopdf command found in classpath: /usr/local/bin/wkhtmltopdf
19:47:56.912 [Thread-21] INFO com.github.jhonnymertz.wkhtmltopdf.wrapper.Pdf - Initialized with {xvfbConfig=null, wkhtmltopdfCommand='/usr/local/bin/wkhtmltopdf'}
19:47:56.913 [Thread-21] DEBUG com.github.jhonnymertz.wkhtmltopdf.wrapper.Pdf - [/usr/local/bin/wkhtmltopdf, -O , landscape, /tmp/java-wkhtmltopdf-wrapperdf5968ec-fd1a-4b29-a3f4-bf9441e10c998061074404812272577.html, -]
19:47:56.913 [Thread-21] DEBUG com.github.jhonnymertz.wkhtmltopdf.wrapper.Pdf - Generating pdf with: /usr/local/bin/wkhtmltopdf -O  landscape /tmp/java-wkhtmltopdf-wrapperdf5968ec-fd1a-4b29-a3f4-bf9441e10c998061074404812272577.html -
19:47:56.985 [Thread-16] DEBUG com.github.jhonnymertz.wkhtmltopdf.wrapper.Pdf - Wkhtmltopdf output:
Loading pages (1/6)
[>                                                           ] 0%[======>                                                     ] 10%[==============================>                             ] 50%[============================================================] 100%Counting pages (2/6)                                               
[============================================================] Object 1 of 1Resolving links (4/6)                                                       
[============================================================] Object 1 of 1Loading headers and footers (5/6)                                           
Printing pages (6/6)
[>                                                           ] Preparing[===============>                                            ] Page 1 of 4[==============================>                             ] Page 2 of 4[=============================================>              ] Page 3 of 4[============================================================] Page 4 of 4Done                                                                      

19:47:56.985 [Thread-16] INFO com.github.jhonnymertz.wkhtmltopdf.wrapper.Pdf - PDF successfully generated with: /usr/local/bin/wkhtmltopdf /tmp/java-wkhtmltopdf-wrapperd3b7dc39-439c-4ff3-8758-6667d21a174e3227692590045299344.html -
19:47:56.985 [Thread-16] DEBUG com.github.jhonnymertz.wkhtmltopdf.wrapper.Pdf - Shutting down executor for wkhtmltopdf.
19:47:56.986 [Thread-16] DEBUG com.github.jhonnymertz.wkhtmltopdf.wrapper.Pdf - Cleaning up temporary files...
19:47:56.986 [Thread-16] DEBUG com.github.jhonnymertz.wkhtmltopdf.wrapper.Pdf - Delete temp file at: /tmp/java-wkhtmltopdf-wrapperd3b7dc39-439c-4ff3-8758-6667d21a174e3227692590045299344.html true
19:47:56.986 [Thread-16] INFO com.github.jhonnymertz.wkhtmltopdf.wrapper.Pdf - PDF successfully saved in /home/andrey/WAB3_cache/f8f922f3-a4b0-417d-ad2b-da5f43e9e79c/kudir_incomes.pdf
19:47:56.986 [Thread-16] DEBUG com.github.jhonnymertz.wkhtmltopdf.wrapper.configurations.WrapperConfig - Initialized with default configurations.
19:47:57.029 [Thread-16] DEBUG com.github.jhonnymertz.wkhtmltopdf.wrapper.configurations.WrapperConfig - Wkhtmltopdf command found in classpath: /usr/local/bin/wkhtmltopdf
19:47:57.029 [Thread-16] INFO com.github.jhonnymertz.wkhtmltopdf.wrapper.Pdf - Initialized with {xvfbConfig=null, wkhtmltopdfCommand='/usr/local/bin/wkhtmltopdf'}
19:47:57.031 [Thread-16] DEBUG com.github.jhonnymertz.wkhtmltopdf.wrapper.Pdf - [/usr/local/bin/wkhtmltopdf, -O , landscape, /tmp/java-wkhtmltopdf-wrapper04b53ade-756f-4c23-afe8-a664b38997dc8715596364662917122.html, -]
19:47:57.032 [Thread-16] DEBUG com.github.jhonnymertz.wkhtmltopdf.wrapper.Pdf - Generating pdf with: /usr/local/bin/wkhtmltopdf -O  landscape /tmp/java-wkhtmltopdf-wrapper04b53ade-756f-4c23-afe8-a664b38997dc8715596364662917122.html -
19:47:57.082 [Thread-24] DEBUG com.github.jhonnymertz.wkhtmltopdf.wrapper.Pdf - Wkhtmltopdf output:
Loading pages (1/6)
[>                                                           ] 0%[======>                                                     ] 10%[==============================>                             ] 50%[============================================================] 100%Counting pages (2/6)                                               
[============================================================] Object 1 of 1Resolving links (4/6)                                                       
[============================================================] Object 1 of 1Loading headers and footers (5/6)                                           
Printing pages (6/6)
[>                                                           ] Preparing[===============>                                            ] Page 1 of 4[==============================>                             ] Page 2 of 4[=============================================>              ] Page 3 of 4[============================================================] Page 4 of 4Done                                                                      

19:47:57.082 [Thread-24] INFO com.github.jhonnymertz.wkhtmltopdf.wrapper.Pdf - PDF successfully generated with: /usr/local/bin/wkhtmltopdf /tmp/java-wkhtmltopdf-wrapper7ceea1cd-5cb5-44f5-85eb-3cac215171158555824044525681833.html -
19:47:57.083 [Thread-24] DEBUG com.github.jhonnymertz.wkhtmltopdf.wrapper.Pdf - Shutting down executor for wkhtmltopdf.
19:47:57.084 [Thread-24] DEBUG com.github.jhonnymertz.wkhtmltopdf.wrapper.Pdf - Cleaning up temporary files...
19:47:57.085 [Thread-24] DEBUG com.github.jhonnymertz.wkhtmltopdf.wrapper.Pdf - Delete temp file at: /tmp/java-wkhtmltopdf-wrapper7ceea1cd-5cb5-44f5-85eb-3cac215171158555824044525681833.html true
19:47:57.086 [Thread-24] INFO com.github.jhonnymertz.wkhtmltopdf.wrapper.Pdf - PDF successfully saved in /home/andrey/WAB3_cache/8a7941e7-5426-47ac-92af-6bb7adaad6bb/kudir_incomes.pdf
19:47:57.087 [Thread-24] DEBUG com.github.jhonnymertz.wkhtmltopdf.wrapper.configurations.WrapperConfig - Initialized with default configurations.
19:47:57.114 [Thread-24] DEBUG com.github.jhonnymertz.wkhtmltopdf.wrapper.configurations.WrapperConfig - Wkhtmltopdf command found in classpath: /usr/local/bin/wkhtmltopdf
19:47:57.114 [Thread-24] INFO com.github.jhonnymertz.wkhtmltopdf.wrapper.Pdf - Initialized with {xvfbConfig=null, wkhtmltopdfCommand='/usr/local/bin/wkhtmltopdf'}
19:47:57.119 [Thread-24] DEBUG com.github.jhonnymertz.wkhtmltopdf.wrapper.Pdf - [/usr/local/bin/wkhtmltopdf, -O , landscape, /tmp/java-wkhtmltopdf-wrapper253516f9-172e-4ae9-b437-dfe60ca1dcdb4224430141089287290.html, -]
19:47:57.119 [Thread-24] DEBUG com.github.jhonnymertz.wkhtmltopdf.wrapper.Pdf - Generating pdf with: /usr/local/bin/wkhtmltopdf -O  landscape /tmp/java-wkhtmltopdf-wrapper253516f9-172e-4ae9-b437-dfe60ca1dcdb4224430141089287290.html -
19:47:57.285 [Thread-9] DEBUG com.github.jhonnymertz.wkhtmltopdf.wrapper.Pdf - Wkhtmltopdf output:
Loading pages (1/6)
[>                                                           ] 0%[======>                                                     ] 10%[==============================>                             ] 50%[============================================================] 100%Counting pages (2/6)                                               
[============================================================] Object 1 of 1Resolving links (4/6)                                                       
[============================================================] Object 1 of 1Loading headers and footers (5/6)                                           
Printing pages (6/6)
[>                                                           ] Preparing[===============>                                            ] Page 1 of 4[==============================>                             ] Page 2 of 4[=============================================>              ] Page 3 of 4[============================================================] Page 4 of 4Done                                                                      

19:47:57.286 [Thread-9] INFO com.github.jhonnymertz.wkhtmltopdf.wrapper.Pdf - PDF successfully generated with: /usr/local/bin/wkhtmltopdf /tmp/java-wkhtmltopdf-wrapper5ccf7334-aa03-49dd-a3df-ab511004dec53049383806217649478.html -
19:47:57.287 [Thread-9] DEBUG com.github.jhonnymertz.wkhtmltopdf.wrapper.Pdf - Shutting down executor for wkhtmltopdf.
19:47:57.288 [Thread-9] DEBUG com.github.jhonnymertz.wkhtmltopdf.wrapper.Pdf - Cleaning up temporary files...
19:47:57.290 [Thread-9] DEBUG com.github.jhonnymertz.wkhtmltopdf.wrapper.Pdf - Delete temp file at: /tmp/java-wkhtmltopdf-wrapper5ccf7334-aa03-49dd-a3df-ab511004dec53049383806217649478.html true
19:47:57.291 [Thread-9] INFO com.github.jhonnymertz.wkhtmltopdf.wrapper.Pdf - PDF successfully saved in /home/andrey/WAB3_cache/7ed1691d-1de1-4369-b837-5a563cc613a9/kudir_incomes.pdf
19:47:57.292 [Thread-9] DEBUG com.github.jhonnymertz.wkhtmltopdf.wrapper.configurations.WrapperConfig - Initialized with default configurations.
19:47:57.330 [Thread-9] DEBUG com.github.jhonnymertz.wkhtmltopdf.wrapper.configurations.WrapperConfig - Wkhtmltopdf command found in classpath: /usr/local/bin/wkhtmltopdf
19:47:57.331 [Thread-9] INFO com.github.jhonnymertz.wkhtmltopdf.wrapper.Pdf - Initialized with {xvfbConfig=null, wkhtmltopdfCommand='/usr/local/bin/wkhtmltopdf'}
19:47:57.334 [Thread-9] DEBUG com.github.jhonnymertz.wkhtmltopdf.wrapper.Pdf - [/usr/local/bin/wkhtmltopdf, -O , landscape, /tmp/java-wkhtmltopdf-wrapper9076c8f9-ef51-41ff-8c0c-43bafc6775c01915277805207154705.html, -]
19:47:57.335 [Thread-9] DEBUG com.github.jhonnymertz.wkhtmltopdf.wrapper.Pdf - Generating pdf with: /usr/local/bin/wkhtmltopdf -O  landscape /tmp/java-wkhtmltopdf-wrapper9076c8f9-ef51-41ff-8c0c-43bafc6775c01915277805207154705.html -
19:47:57.365 [Thread-13] DEBUG com.github.jhonnymertz.wkhtmltopdf.wrapper.Pdf - Wkhtmltopdf output:
Loading pages (1/6)
[>                                                           ] 0%[======>                                                     ] 10%[==============================>                             ] 50%[============================================================] 100%Counting pages (2/6)                                               
[============================================================] Object 1 of 1Resolving links (4/6)                                                       
[============================================================] Object 1 of 1Loading headers and footers (5/6)                                           
Printing pages (6/6)
[>                                                           ] Preparing[===============>                                            ] Page 1 of 4[==============================>                             ] Page 2 of 4[=============================================>              ] Page 3 of 4[============================================================] Page 4 of 4Done                                                                      

19:47:57.365 [Thread-13] INFO com.github.jhonnymertz.wkhtmltopdf.wrapper.Pdf - PDF successfully generated with: /usr/local/bin/wkhtmltopdf /tmp/java-wkhtmltopdf-wrapper9d5c3aa7-a641-45b5-9214-132a2d6d253e5194488399546061334.html -
19:47:57.365 [Thread-13] DEBUG com.github.jhonnymertz.wkhtmltopdf.wrapper.Pdf - Shutting down executor for wkhtmltopdf.
19:47:57.366 [Thread-13] DEBUG com.github.jhonnymertz.wkhtmltopdf.wrapper.Pdf - Cleaning up temporary files...
19:47:57.368 [Thread-13] DEBUG com.github.jhonnymertz.wkhtmltopdf.wrapper.Pdf - Delete temp file at: /tmp/java-wkhtmltopdf-wrapper9d5c3aa7-a641-45b5-9214-132a2d6d253e5194488399546061334.html true
19:47:57.369 [Thread-13] INFO com.github.jhonnymertz.wkhtmltopdf.wrapper.Pdf - PDF successfully saved in /home/andrey/WAB3_cache/3f7718df-5db2-454a-b630-96f83bff1504/kudir_incomes.pdf
19:47:57.369 [Thread-13] DEBUG com.github.jhonnymertz.wkhtmltopdf.wrapper.configurations.WrapperConfig - Initialized with default configurations.
19:47:57.417 [Thread-13] DEBUG com.github.jhonnymertz.wkhtmltopdf.wrapper.configurations.WrapperConfig - Wkhtmltopdf command found in classpath: /usr/local/bin/wkhtmltopdf
19:47:57.417 [Thread-13] INFO com.github.jhonnymertz.wkhtmltopdf.wrapper.Pdf - Initialized with {xvfbConfig=null, wkhtmltopdfCommand='/usr/local/bin/wkhtmltopdf'}
19:47:57.418 [Thread-13] DEBUG com.github.jhonnymertz.wkhtmltopdf.wrapper.Pdf - [/usr/local/bin/wkhtmltopdf, -O , landscape, /tmp/java-wkhtmltopdf-wrappere29b375c-b214-46ca-a723-d5f863e13ae88680917240328073840.html, -]
19:47:57.419 [Thread-13] DEBUG com.github.jhonnymertz.wkhtmltopdf.wrapper.Pdf - Generating pdf with: /usr/local/bin/wkhtmltopdf -O  landscape /tmp/java-wkhtmltopdf-wrappere29b375c-b214-46ca-a723-d5f863e13ae88680917240328073840.html -
19:47:57.678 [Thread-15] DEBUG com.github.jhonnymertz.wkhtmltopdf.wrapper.Pdf - Wkhtmltopdf output:
Loading pages (1/6)
[>                                                           ] 0%[======>                                                     ] 10%[==============================>                             ] 50%[============================================================] 100%Counting pages (2/6)                                               
[============================================================] Object 1 of 1Resolving links (4/6)                                                       
[============================================================] Object 1 of 1Loading headers and footers (5/6)                                           
Printing pages (6/6)
[>                                                           ] Preparing[===============>                                            ] Page 1 of 4[==============================>                             ] Page 2 of 4[=============================================>              ] Page 3 of 4[============================================================] Page 4 of 4Done                                                                      

19:47:57.679 [Thread-15] INFO com.github.jhonnymertz.wkhtmltopdf.wrapper.Pdf - PDF successfully generated with: /usr/local/bin/wkhtmltopdf /tmp/java-wkhtmltopdf-wrapper3f9fedd5-cd94-438c-8109-b089adbe52a57094451348043686088.html -
19:47:57.679 [Thread-15] DEBUG com.github.jhonnymertz.wkhtmltopdf.wrapper.Pdf - Shutting down executor for wkhtmltopdf.
19:47:57.679 [Thread-15] DEBUG com.github.jhonnymertz.wkhtmltopdf.wrapper.Pdf - Cleaning up temporary files...
19:47:57.680 [Thread-15] DEBUG com.github.jhonnymertz.wkhtmltopdf.wrapper.Pdf - Delete temp file at: /tmp/java-wkhtmltopdf-wrapper3f9fedd5-cd94-438c-8109-b089adbe52a57094451348043686088.html true
19:47:57.680 [Thread-15] INFO com.github.jhonnymertz.wkhtmltopdf.wrapper.Pdf - PDF successfully saved in /home/andrey/WAB3_cache/941d5f59-6772-4e7b-bbf7-5812c555fbcd/kudir_incomes.pdf
19:47:57.680 [Thread-15] DEBUG com.github.jhonnymertz.wkhtmltopdf.wrapper.configurations.WrapperConfig - Initialized with default configurations.
19:47:57.688 [Thread-22] DEBUG com.github.jhonnymertz.wkhtmltopdf.wrapper.Pdf - Wkhtmltopdf output:
Loading pages (1/6)
[>                                                           ] 0%[======>                                                     ] 10%[==============================>                             ] 50%[============================================================] 100%Counting pages (2/6)                                               
[============================================================] Object 1 of 1Resolving links (4/6)                                                       
[============================================================] Object 1 of 1Loading headers and footers (5/6)                                           
Printing pages (6/6)
[>                                                           ] Preparing[===============>                                            ] Page 1 of 4[==============================>                             ] Page 2 of 4[=============================================>              ] Page 3 of 4[============================================================] Page 4 of 4Done                                                                      

19:47:57.688 [Thread-22] INFO com.github.jhonnymertz.wkhtmltopdf.wrapper.Pdf - PDF successfully generated with: /usr/local/bin/wkhtmltopdf /tmp/java-wkhtmltopdf-wrapper6db29c3c-f322-410b-9332-de6db7a1b12669908600559413190.html -
19:47:57.688 [Thread-22] DEBUG com.github.jhonnymertz.wkhtmltopdf.wrapper.Pdf - Shutting down executor for wkhtmltopdf.
19:47:57.689 [Thread-22] DEBUG com.github.jhonnymertz.wkhtmltopdf.wrapper.Pdf - Cleaning up temporary files...
19:47:57.689 [Thread-22] DEBUG com.github.jhonnymertz.wkhtmltopdf.wrapper.Pdf - Delete temp file at: /tmp/java-wkhtmltopdf-wrapper6db29c3c-f322-410b-9332-de6db7a1b12669908600559413190.html true
19:47:57.689 [Thread-22] INFO com.github.jhonnymertz.wkhtmltopdf.wrapper.Pdf - PDF successfully saved in /home/andrey/WAB3_cache/ef06289b-4f24-464c-b2f4-6a35ca0f2a85/kudir_incomes.pdf
19:47:57.690 [Thread-22] DEBUG com.github.jhonnymertz.wkhtmltopdf.wrapper.configurations.WrapperConfig - Initialized with default configurations.
19:47:57.718 [Thread-15] DEBUG com.github.jhonnymertz.wkhtmltopdf.wrapper.configurations.WrapperConfig - Wkhtmltopdf command found in classpath: /usr/local/bin/wkhtmltopdf
19:47:57.719 [Thread-15] INFO com.github.jhonnymertz.wkhtmltopdf.wrapper.Pdf - Initialized with {xvfbConfig=null, wkhtmltopdfCommand='/usr/local/bin/wkhtmltopdf'}
19:47:57.721 [Thread-15] DEBUG com.github.jhonnymertz.wkhtmltopdf.wrapper.Pdf - [/usr/local/bin/wkhtmltopdf, -O , landscape, /tmp/java-wkhtmltopdf-wrapper12173818-c738-4c24-b0ea-a6eec2000d925529113499156733489.html, -]
19:47:57.721 [Thread-15] DEBUG com.github.jhonnymertz.wkhtmltopdf.wrapper.Pdf - Generating pdf with: /usr/local/bin/wkhtmltopdf -O  landscape /tmp/java-wkhtmltopdf-wrapper12173818-c738-4c24-b0ea-a6eec2000d925529113499156733489.html -
19:47:57.729 [Thread-22] DEBUG com.github.jhonnymertz.wkhtmltopdf.wrapper.configurations.WrapperConfig - Wkhtmltopdf command found in classpath: /usr/local/bin/wkhtmltopdf
19:47:57.730 [Thread-22] INFO com.github.jhonnymertz.wkhtmltopdf.wrapper.Pdf - Initialized with {xvfbConfig=null, wkhtmltopdfCommand='/usr/local/bin/wkhtmltopdf'}
19:47:57.735 [Thread-22] DEBUG com.github.jhonnymertz.wkhtmltopdf.wrapper.Pdf - [/usr/local/bin/wkhtmltopdf, -O , landscape, /tmp/java-wkhtmltopdf-wrapperd1a7974c-6c84-4beb-9008-9d4a3df8314b5348601180651166650.html, -]
19:47:57.736 [Thread-22] DEBUG com.github.jhonnymertz.wkhtmltopdf.wrapper.Pdf - Generating pdf with: /usr/local/bin/wkhtmltopdf -O  landscape /tmp/java-wkhtmltopdf-wrapperd1a7974c-6c84-4beb-9008-9d4a3df8314b5348601180651166650.html -
19:47:57.816 [Thread-20] DEBUG com.github.jhonnymertz.wkhtmltopdf.wrapper.Pdf - Wkhtmltopdf output:
Loading pages (1/6)
[>                                                           ] 0%[======>                                                     ] 10%[==============================>                             ] 50%[============================================================] 100%Counting pages (2/6)                                               
[============================================================] Object 1 of 1Resolving links (4/6)                                                       
[============================================================] Object 1 of 1Loading headers and footers (5/6)                                           
Printing pages (6/6)
[>                                                           ] Preparing[===============>                                            ] Page 1 of 4[==============================>                             ] Page 2 of 4[=============================================>              ] Page 3 of 4[============================================================] Page 4 of 4Done                                                                      

19:47:57.819 [Thread-20] INFO com.github.jhonnymertz.wkhtmltopdf.wrapper.Pdf - PDF successfully generated with: /usr/local/bin/wkhtmltopdf /tmp/java-wkhtmltopdf-wrapper1415c10d-ca8b-452d-9d55-1e6ef85077991787134283826894184.html -
19:47:57.819 [Thread-20] DEBUG com.github.jhonnymertz.wkhtmltopdf.wrapper.Pdf - Shutting down executor for wkhtmltopdf.
19:47:57.837 [Thread-20] DEBUG com.github.jhonnymertz.wkhtmltopdf.wrapper.Pdf - Cleaning up temporary files...
19:47:57.837 [Thread-20] DEBUG com.github.jhonnymertz.wkhtmltopdf.wrapper.Pdf - Delete temp file at: /tmp/java-wkhtmltopdf-wrapper1415c10d-ca8b-452d-9d55-1e6ef85077991787134283826894184.html true
19:47:57.837 [Thread-20] INFO com.github.jhonnymertz.wkhtmltopdf.wrapper.Pdf - PDF successfully saved in /home/andrey/WAB3_cache/376e1bae-9073-4822-8895-4c703ca946e4/kudir_incomes.pdf
19:47:57.837 [Thread-20] DEBUG com.github.jhonnymertz.wkhtmltopdf.wrapper.configurations.WrapperConfig - Initialized with default configurations.
19:47:57.877 [Thread-20] DEBUG com.github.jhonnymertz.wkhtmltopdf.wrapper.configurations.WrapperConfig - Wkhtmltopdf command found in classpath: /usr/local/bin/wkhtmltopdf
19:47:57.877 [Thread-20] INFO com.github.jhonnymertz.wkhtmltopdf.wrapper.Pdf - Initialized with {xvfbConfig=null, wkhtmltopdfCommand='/usr/local/bin/wkhtmltopdf'}
19:47:57.878 [Thread-20] DEBUG com.github.jhonnymertz.wkhtmltopdf.wrapper.Pdf - [/usr/local/bin/wkhtmltopdf, -O , landscape, /tmp/java-wkhtmltopdf-wrapper2e37caaa-b08b-4531-bad5-4ee1576e34cc4840381729921612397.html, -]
19:47:57.878 [Thread-20] DEBUG com.github.jhonnymertz.wkhtmltopdf.wrapper.Pdf - Generating pdf with: /usr/local/bin/wkhtmltopdf -O  landscape /tmp/java-wkhtmltopdf-wrapper2e37caaa-b08b-4531-bad5-4ee1576e34cc4840381729921612397.html -
19:47:58.123 [Thread-5] DEBUG com.github.jhonnymertz.wkhtmltopdf.wrapper.Pdf - Wkhtmltopdf output:
Loading pages (1/6)
[>                                                           ] 0%[======>                                                     ] 10%[==============================>                             ] 50%[============================================================] 100%Counting pages (2/6)                                               
[============================================================] Object 1 of 1Resolving links (4/6)                                                       
[============================================================] Object 1 of 1Loading headers and footers (5/6)                                           
Printing pages (6/6)
[>                                                           ] Preparing[============================================================] Page 1 of 1Done                                                                      

19:47:58.123 [Thread-5] INFO com.github.jhonnymertz.wkhtmltopdf.wrapper.Pdf - PDF successfully generated with: /usr/local/bin/wkhtmltopdf -O  landscape /tmp/java-wkhtmltopdf-wrapper04e54332-761f-46f2-a8b2-03a5310a2b476641605363837572097.html -
19:47:58.123 [Thread-5] DEBUG com.github.jhonnymertz.wkhtmltopdf.wrapper.Pdf - Shutting down executor for wkhtmltopdf.
19:47:58.124 [Thread-5] DEBUG com.github.jhonnymertz.wkhtmltopdf.wrapper.Pdf - Cleaning up temporary files...
19:47:58.124 [Thread-5] DEBUG com.github.jhonnymertz.wkhtmltopdf.wrapper.Pdf - Delete temp file at: /tmp/java-wkhtmltopdf-wrapper04e54332-761f-46f2-a8b2-03a5310a2b476641605363837572097.html true
19:47:58.124 [Thread-5] INFO com.github.jhonnymertz.wkhtmltopdf.wrapper.Pdf - PDF successfully saved in /home/andrey/WAB3_cache/ee93c321-b424-4cde-b377-a85e72bdbcef/kudir_spendings.pdf
19:47:58.191 [Thread-17] DEBUG com.github.jhonnymertz.wkhtmltopdf.wrapper.Pdf - Wkhtmltopdf output:
Loading pages (1/6)
[>                                                           ] 0%[======>                                                     ] 10%[==============================>                             ] 50%[============================================================] 100%Counting pages (2/6)                                               
[============================================================] Object 1 of 1Resolving links (4/6)                                                       
[============================================================] Object 1 of 1Loading headers and footers (5/6)                                           
Printing pages (6/6)
[>                                                           ] Preparing[===============>                                            ] Page 1 of 4[==============================>                             ] Page 2 of 4[=============================================>              ] Page 3 of 4[============================================================] Page 4 of 4Done                                                                      

19:47:58.191 [Thread-17] INFO com.github.jhonnymertz.wkhtmltopdf.wrapper.Pdf - PDF successfully generated with: /usr/local/bin/wkhtmltopdf /tmp/java-wkhtmltopdf-wrappercc54183f-1dd2-47e6-af81-d653313ce6528716198014628058294.html -
19:47:58.191 [Thread-17] DEBUG com.github.jhonnymertz.wkhtmltopdf.wrapper.Pdf - Shutting down executor for wkhtmltopdf.
19:47:58.191 [Thread-17] DEBUG com.github.jhonnymertz.wkhtmltopdf.wrapper.Pdf - Cleaning up temporary files...
19:47:58.192 [Thread-17] DEBUG com.github.jhonnymertz.wkhtmltopdf.wrapper.Pdf - Delete temp file at: /tmp/java-wkhtmltopdf-wrappercc54183f-1dd2-47e6-af81-d653313ce6528716198014628058294.html true
19:47:58.192 [Thread-17] INFO com.github.jhonnymertz.wkhtmltopdf.wrapper.Pdf - PDF successfully saved in /home/andrey/WAB3_cache/f1596384-3747-4e5c-92b8-6088dbad14e0/kudir_incomes.pdf
19:47:58.192 [Thread-17] DEBUG com.github.jhonnymertz.wkhtmltopdf.wrapper.configurations.WrapperConfig - Initialized with default configurations.
19:47:58.212 [Thread-8] DEBUG com.github.jhonnymertz.wkhtmltopdf.wrapper.Pdf - Wkhtmltopdf output:
Loading pages (1/6)
[>                                                           ] 0%[======>                                                     ] 10%[==============================>                             ] 50%[============================================================] 100%Counting pages (2/6)                                               
[============================================================] Object 1 of 1Resolving links (4/6)                                                       
[============================================================] Object 1 of 1Loading headers and footers (5/6)                                           
Printing pages (6/6)
[>                                                           ] Preparing[===============>                                            ] Page 1 of 4[==============================>                             ] Page 2 of 4[=============================================>              ] Page 3 of 4[============================================================] Page 4 of 4Done                                                                      

19:47:58.212 [Thread-8] INFO com.github.jhonnymertz.wkhtmltopdf.wrapper.Pdf - PDF successfully generated with: /usr/local/bin/wkhtmltopdf /tmp/java-wkhtmltopdf-wrapper57bdf44c-3904-4409-a27a-370d0dba20a86446729933112611966.html -
19:47:58.212 [Thread-8] DEBUG com.github.jhonnymertz.wkhtmltopdf.wrapper.Pdf - Shutting down executor for wkhtmltopdf.
19:47:58.213 [Thread-8] DEBUG com.github.jhonnymertz.wkhtmltopdf.wrapper.Pdf - Cleaning up temporary files...
19:47:58.213 [Thread-8] DEBUG com.github.jhonnymertz.wkhtmltopdf.wrapper.Pdf - Delete temp file at: /tmp/java-wkhtmltopdf-wrapper57bdf44c-3904-4409-a27a-370d0dba20a86446729933112611966.html true
19:47:58.214 [Thread-8] INFO com.github.jhonnymertz.wkhtmltopdf.wrapper.Pdf - PDF successfully saved in /home/andrey/WAB3_cache/fac5f4cf-1f85-41ec-b553-163b80ac8b24/kudir_incomes.pdf
19:47:58.214 [Thread-8] DEBUG com.github.jhonnymertz.wkhtmltopdf.wrapper.configurations.WrapperConfig - Initialized with default configurations.
19:47:58.244 [Thread-17] DEBUG com.github.jhonnymertz.wkhtmltopdf.wrapper.configurations.WrapperConfig - Wkhtmltopdf command found in classpath: /usr/local/bin/wkhtmltopdf
19:47:58.245 [Thread-17] INFO com.github.jhonnymertz.wkhtmltopdf.wrapper.Pdf - Initialized with {xvfbConfig=null, wkhtmltopdfCommand='/usr/local/bin/wkhtmltopdf'}
19:47:58.246 [Thread-17] DEBUG com.github.jhonnymertz.wkhtmltopdf.wrapper.Pdf - [/usr/local/bin/wkhtmltopdf, -O , landscape, /tmp/java-wkhtmltopdf-wrapper199f7d6e-d76c-42f2-a73e-1f846880888f5149980440541407478.html, -]
19:47:58.246 [Thread-17] DEBUG com.github.jhonnymertz.wkhtmltopdf.wrapper.Pdf - Generating pdf with: /usr/local/bin/wkhtmltopdf -O  landscape /tmp/java-wkhtmltopdf-wrapper199f7d6e-d76c-42f2-a73e-1f846880888f5149980440541407478.html -
19:47:58.257 [Thread-8] DEBUG com.github.jhonnymertz.wkhtmltopdf.wrapper.configurations.WrapperConfig - Wkhtmltopdf command found in classpath: /usr/local/bin/wkhtmltopdf
19:47:58.258 [Thread-8] INFO com.github.jhonnymertz.wkhtmltopdf.wrapper.Pdf - Initialized with {xvfbConfig=null, wkhtmltopdfCommand='/usr/local/bin/wkhtmltopdf'}
19:47:58.259 [Thread-8] DEBUG com.github.jhonnymertz.wkhtmltopdf.wrapper.Pdf - [/usr/local/bin/wkhtmltopdf, -O , landscape, /tmp/java-wkhtmltopdf-wrapper99f724ee-4a8f-455b-96c2-2a68969207ed8647934473682940188.html, -]
19:47:58.260 [Thread-8] DEBUG com.github.jhonnymertz.wkhtmltopdf.wrapper.Pdf - Generating pdf with: /usr/local/bin/wkhtmltopdf -O  landscape /tmp/java-wkhtmltopdf-wrapper99f724ee-4a8f-455b-96c2-2a68969207ed8647934473682940188.html -
19:47:58.263 [Thread-10] DEBUG com.github.jhonnymertz.wkhtmltopdf.wrapper.Pdf - Wkhtmltopdf output:
Loading pages (1/6)
[>                                                           ] 0%[======>                                                     ] 10%[==============================>                             ] 50%[============================================================] 100%Counting pages (2/6)                                               
[============================================================] Object 1 of 1Resolving links (4/6)                                                       
[============================================================] Object 1 of 1Loading headers and footers (5/6)                                           
Printing pages (6/6)
[>                                                           ] Preparing[============================================================] Page 1 of 1Done                                                                      

19:47:58.263 [Thread-10] INFO com.github.jhonnymertz.wkhtmltopdf.wrapper.Pdf - PDF successfully generated with: /usr/local/bin/wkhtmltopdf -O  landscape /tmp/java-wkhtmltopdf-wrapper054e6618-8b3b-406f-a5ce-52185b99f94e8450586125171058111.html -
19:47:58.263 [Thread-10] DEBUG com.github.jhonnymertz.wkhtmltopdf.wrapper.Pdf - Shutting down executor for wkhtmltopdf.
19:47:58.263 [Thread-10] DEBUG com.github.jhonnymertz.wkhtmltopdf.wrapper.Pdf - Cleaning up temporary files...
19:47:58.264 [Thread-10] DEBUG com.github.jhonnymertz.wkhtmltopdf.wrapper.Pdf - Delete temp file at: /tmp/java-wkhtmltopdf-wrapper054e6618-8b3b-406f-a5ce-52185b99f94e8450586125171058111.html true
19:47:58.264 [Thread-10] INFO com.github.jhonnymertz.wkhtmltopdf.wrapper.Pdf - PDF successfully saved in /home/andrey/WAB3_cache/53290287-3464-437e-9482-ef4447dd668f/kudir_spendings.pdf
19:47:58.451 [Thread-18] DEBUG com.github.jhonnymertz.wkhtmltopdf.wrapper.Pdf - Wkhtmltopdf output:
Loading pages (1/6)
[>                                                           ] 0%[======>                                                     ] 10%[==============================>                             ] 50%[============================================================] 100%Counting pages (2/6)                                               
[============================================================] Object 1 of 1Resolving links (4/6)                                                       
[============================================================] Object 1 of 1Loading headers and footers (5/6)                                           
Printing pages (6/6)
[>                                                           ] Preparing[===============>                                            ] Page 1 of 4[==============================>                             ] Page 2 of 4[=============================================>              ] Page 3 of 4[============================================================] Page 4 of 4Done                                                                      

19:47:58.451 [Thread-18] INFO com.github.jhonnymertz.wkhtmltopdf.wrapper.Pdf - PDF successfully generated with: /usr/local/bin/wkhtmltopdf /tmp/java-wkhtmltopdf-wrapper479fa8fe-75c0-4749-bd6b-02a370bfdfc03824809350428548748.html -
19:47:58.451 [Thread-18] DEBUG com.github.jhonnymertz.wkhtmltopdf.wrapper.Pdf - Shutting down executor for wkhtmltopdf.
19:47:58.452 [Thread-18] DEBUG com.github.jhonnymertz.wkhtmltopdf.wrapper.Pdf - Cleaning up temporary files...
19:47:58.452 [Thread-18] DEBUG com.github.jhonnymertz.wkhtmltopdf.wrapper.Pdf - Delete temp file at: /tmp/java-wkhtmltopdf-wrapper479fa8fe-75c0-4749-bd6b-02a370bfdfc03824809350428548748.html true
19:47:58.452 [Thread-18] INFO com.github.jhonnymertz.wkhtmltopdf.wrapper.Pdf - PDF successfully saved in /home/andrey/WAB3_cache/5ff310a0-f390-4da9-bff9-af9fa073e672/kudir_incomes.pdf
19:47:58.452 [Thread-18] DEBUG com.github.jhonnymertz.wkhtmltopdf.wrapper.configurations.WrapperConfig - Initialized with default configurations.
19:47:58.507 [Thread-18] DEBUG com.github.jhonnymertz.wkhtmltopdf.wrapper.configurations.WrapperConfig - Wkhtmltopdf command found in classpath: /usr/local/bin/wkhtmltopdf
19:47:58.507 [Thread-18] INFO com.github.jhonnymertz.wkhtmltopdf.wrapper.Pdf - Initialized with {xvfbConfig=null, wkhtmltopdfCommand='/usr/local/bin/wkhtmltopdf'}
19:47:58.508 [Thread-18] DEBUG com.github.jhonnymertz.wkhtmltopdf.wrapper.Pdf - [/usr/local/bin/wkhtmltopdf, -O , landscape, /tmp/java-wkhtmltopdf-wrapper88fb0056-64b5-4af2-a472-5f05dd30ee8f6956532840008256996.html, -]
19:47:58.509 [Thread-18] DEBUG com.github.jhonnymertz.wkhtmltopdf.wrapper.Pdf - Generating pdf with: /usr/local/bin/wkhtmltopdf -O  landscape /tmp/java-wkhtmltopdf-wrapper88fb0056-64b5-4af2-a472-5f05dd30ee8f6956532840008256996.html -
19:47:58.581 [Thread-12] DEBUG com.github.jhonnymertz.wkhtmltopdf.wrapper.Pdf - Wkhtmltopdf output:
Loading pages (1/6)
[>                                                           ] 0%[======>                                                     ] 10%[==============================>                             ] 50%[============================================================] 100%Counting pages (2/6)                                               
[============================================================] Object 1 of 1Resolving links (4/6)                                                       
[============================================================] Object 1 of 1Loading headers and footers (5/6)                                           
Printing pages (6/6)
[>                                                           ] Preparing[===============>                                            ] Page 1 of 4[==============================>                             ] Page 2 of 4[=============================================>              ] Page 3 of 4[============================================================] Page 4 of 4Done                                                                      

19:47:58.581 [Thread-12] INFO com.github.jhonnymertz.wkhtmltopdf.wrapper.Pdf - PDF successfully generated with: /usr/local/bin/wkhtmltopdf /tmp/java-wkhtmltopdf-wrapper5ec3d5bc-ec49-459b-9a4e-937ede314f9d8573674018470996361.html -
19:47:58.581 [Thread-12] DEBUG com.github.jhonnymertz.wkhtmltopdf.wrapper.Pdf - Shutting down executor for wkhtmltopdf.
19:47:58.581 [Thread-12] DEBUG com.github.jhonnymertz.wkhtmltopdf.wrapper.Pdf - Cleaning up temporary files...
19:47:58.582 [Thread-12] DEBUG com.github.jhonnymertz.wkhtmltopdf.wrapper.Pdf - Delete temp file at: /tmp/java-wkhtmltopdf-wrapper5ec3d5bc-ec49-459b-9a4e-937ede314f9d8573674018470996361.html true
19:47:58.582 [Thread-12] INFO com.github.jhonnymertz.wkhtmltopdf.wrapper.Pdf - PDF successfully saved in /home/andrey/WAB3_cache/1f20a9b0-35db-47a4-aa95-db9f9f610ecc/kudir_incomes.pdf
19:47:58.582 [Thread-12] DEBUG com.github.jhonnymertz.wkhtmltopdf.wrapper.configurations.WrapperConfig - Initialized with default configurations.
19:47:58.593 [Thread-6] DEBUG com.github.jhonnymertz.wkhtmltopdf.wrapper.Pdf - Wkhtmltopdf output:
Loading pages (1/6)
[>                                                           ] 0%[======>                                                     ] 10%[==============================>                             ] 50%[============================================================] 100%Counting pages (2/6)                                               
[============================================================] Object 1 of 1Resolving links (4/6)                                                       
[============================================================] Object 1 of 1Loading headers and footers (5/6)                                           
Printing pages (6/6)
[>                                                           ] Preparing[============================================================] Page 1 of 1Done                                                                      

19:47:58.595 [Thread-6] INFO com.github.jhonnymertz.wkhtmltopdf.wrapper.Pdf - PDF successfully generated with: /usr/local/bin/wkhtmltopdf -O  landscape /tmp/java-wkhtmltopdf-wrapper50e68893-f69c-488b-918d-c1f8e1bdce0b7798014234470972234.html -
19:47:58.596 [Thread-6] DEBUG com.github.jhonnymertz.wkhtmltopdf.wrapper.Pdf - Shutting down executor for wkhtmltopdf.
19:47:58.597 [Thread-6] DEBUG com.github.jhonnymertz.wkhtmltopdf.wrapper.Pdf - Cleaning up temporary files...
19:47:58.598 [Thread-6] DEBUG com.github.jhonnymertz.wkhtmltopdf.wrapper.Pdf - Delete temp file at: /tmp/java-wkhtmltopdf-wrapper50e68893-f69c-488b-918d-c1f8e1bdce0b7798014234470972234.html true
19:47:58.599 [Thread-6] INFO com.github.jhonnymertz.wkhtmltopdf.wrapper.Pdf - PDF successfully saved in /home/andrey/WAB3_cache/81963cc8-4f68-4f28-b119-e01ae52a3622/kudir_spendings.pdf
19:47:58.601 [Thread-7] DEBUG com.github.jhonnymertz.wkhtmltopdf.wrapper.Pdf - Wkhtmltopdf output:
Loading pages (1/6)
[>                                                           ] 0%[======>                                                     ] 10%[==============================>                             ] 50%[============================================================] 100%Counting pages (2/6)                                               
[============================================================] Object 1 of 1Resolving links (4/6)                                                       
[============================================================] Object 1 of 1Loading headers and footers (5/6)                                           
Printing pages (6/6)
[>                                                           ] Preparing[===============>                                            ] Page 1 of 4[==============================>                             ] Page 2 of 4[=============================================>              ] Page 3 of 4[============================================================] Page 4 of 4Done                                                                      

19:47:58.601 [Thread-7] INFO com.github.jhonnymertz.wkhtmltopdf.wrapper.Pdf - PDF successfully generated with: /usr/local/bin/wkhtmltopdf /tmp/java-wkhtmltopdf-wrapperb07349ce-271d-43d9-a2f5-b03d69976ca88966544442588819946.html -
19:47:58.601 [Thread-7] DEBUG com.github.jhonnymertz.wkhtmltopdf.wrapper.Pdf - Shutting down executor for wkhtmltopdf.
19:47:58.602 [Thread-7] DEBUG com.github.jhonnymertz.wkhtmltopdf.wrapper.Pdf - Cleaning up temporary files...
19:47:58.602 [Thread-7] DEBUG com.github.jhonnymertz.wkhtmltopdf.wrapper.Pdf - Delete temp file at: /tmp/java-wkhtmltopdf-wrapperb07349ce-271d-43d9-a2f5-b03d69976ca88966544442588819946.html true
19:47:58.602 [Thread-7] INFO com.github.jhonnymertz.wkhtmltopdf.wrapper.Pdf - PDF successfully saved in /home/andrey/WAB3_cache/725f5ce3-4258-40a7-b0e2-67aa5026d300/kudir_incomes.pdf
19:47:58.602 [Thread-7] DEBUG com.github.jhonnymertz.wkhtmltopdf.wrapper.configurations.WrapperConfig - Initialized with default configurations.
19:47:58.608 [Thread-19] DEBUG com.github.jhonnymertz.wkhtmltopdf.wrapper.Pdf - Wkhtmltopdf output:
Loading pages (1/6)
[>                                                           ] 0%[======>                                                     ] 10%[==============================>                             ] 50%[============================================================] 100%Counting pages (2/6)                                               
[============================================================] Object 1 of 1Resolving links (4/6)                                                       
[============================================================] Object 1 of 1Loading headers and footers (5/6)                                           
Printing pages (6/6)
[>                                                           ] Preparing[============================================================] Page 1 of 1Done                                                                      

19:47:58.608 [Thread-19] INFO com.github.jhonnymertz.wkhtmltopdf.wrapper.Pdf - PDF successfully generated with: /usr/local/bin/wkhtmltopdf -O  landscape /tmp/java-wkhtmltopdf-wrapper41b624d2-8bbd-4f3d-b1eb-4261c4cbe90f5323117969283093525.html -
19:47:58.608 [Thread-19] DEBUG com.github.jhonnymertz.wkhtmltopdf.wrapper.Pdf - Shutting down executor for wkhtmltopdf.
19:47:58.608 [Thread-19] DEBUG com.github.jhonnymertz.wkhtmltopdf.wrapper.Pdf - Cleaning up temporary files...
19:47:58.609 [Thread-19] DEBUG com.github.jhonnymertz.wkhtmltopdf.wrapper.Pdf - Delete temp file at: /tmp/java-wkhtmltopdf-wrapper41b624d2-8bbd-4f3d-b1eb-4261c4cbe90f5323117969283093525.html true
19:47:58.609 [Thread-19] INFO com.github.jhonnymertz.wkhtmltopdf.wrapper.Pdf - PDF successfully saved in /home/andrey/WAB3_cache/bfba3c85-e7ca-45ef-85c4-586388dfcbec/kudir_spendings.pdf
19:47:58.620 [Thread-12] DEBUG com.github.jhonnymertz.wkhtmltopdf.wrapper.configurations.WrapperConfig - Wkhtmltopdf command found in classpath: /usr/local/bin/wkhtmltopdf
19:47:58.621 [Thread-12] INFO com.github.jhonnymertz.wkhtmltopdf.wrapper.Pdf - Initialized with {xvfbConfig=null, wkhtmltopdfCommand='/usr/local/bin/wkhtmltopdf'}
19:47:58.622 [Thread-12] DEBUG com.github.jhonnymertz.wkhtmltopdf.wrapper.Pdf - [/usr/local/bin/wkhtmltopdf, -O , landscape, /tmp/java-wkhtmltopdf-wrapperb4663cc8-6578-4f45-862a-fa20bd1e08d63314768617927124896.html, -]
19:47:58.622 [Thread-12] DEBUG com.github.jhonnymertz.wkhtmltopdf.wrapper.Pdf - Generating pdf with: /usr/local/bin/wkhtmltopdf -O  landscape /tmp/java-wkhtmltopdf-wrapperb4663cc8-6578-4f45-862a-fa20bd1e08d63314768617927124896.html -
19:47:58.646 [Thread-7] DEBUG com.github.jhonnymertz.wkhtmltopdf.wrapper.configurations.WrapperConfig - Wkhtmltopdf command found in classpath: /usr/local/bin/wkhtmltopdf
19:47:58.646 [Thread-7] INFO com.github.jhonnymertz.wkhtmltopdf.wrapper.Pdf - Initialized with {xvfbConfig=null, wkhtmltopdfCommand='/usr/local/bin/wkhtmltopdf'}
19:47:58.648 [Thread-7] DEBUG com.github.jhonnymertz.wkhtmltopdf.wrapper.Pdf - [/usr/local/bin/wkhtmltopdf, -O , landscape, /tmp/java-wkhtmltopdf-wrapper242f3bf0-b838-4329-b43f-cd99fcda283c8589028994519959632.html, -]
19:47:58.648 [Thread-7] DEBUG com.github.jhonnymertz.wkhtmltopdf.wrapper.Pdf - Generating pdf with: /usr/local/bin/wkhtmltopdf -O  landscape /tmp/java-wkhtmltopdf-wrapper242f3bf0-b838-4329-b43f-cd99fcda283c8589028994519959632.html -
19:47:58.693 [Thread-23] DEBUG com.github.jhonnymertz.wkhtmltopdf.wrapper.Pdf - Wkhtmltopdf output:
Loading pages (1/6)
[>                                                           ] 0%[======>                                                     ] 10%[==============================>                             ] 50%[============================================================] 100%Counting pages (2/6)                                               
[============================================================] Object 1 of 1Resolving links (4/6)                                                       
[============================================================] Object 1 of 1Loading headers and footers (5/6)                                           
Printing pages (6/6)
[>                                                           ] Preparing[===============>                                            ] Page 1 of 4[==============================>                             ] Page 2 of 4[=============================================>              ] Page 3 of 4[============================================================] Page 4 of 4Done                                                                      

19:47:58.693 [Thread-23] INFO com.github.jhonnymertz.wkhtmltopdf.wrapper.Pdf - PDF successfully generated with: /usr/local/bin/wkhtmltopdf /tmp/java-wkhtmltopdf-wrapperad374430-e319-4b23-86a2-f27e980630c62244527767011399595.html -
19:47:58.693 [Thread-23] DEBUG com.github.jhonnymertz.wkhtmltopdf.wrapper.Pdf - Shutting down executor for wkhtmltopdf.
19:47:58.697 [Thread-23] DEBUG com.github.jhonnymertz.wkhtmltopdf.wrapper.Pdf - Cleaning up temporary files...
19:47:58.698 [Thread-23] DEBUG com.github.jhonnymertz.wkhtmltopdf.wrapper.Pdf - Delete temp file at: /tmp/java-wkhtmltopdf-wrapperad374430-e319-4b23-86a2-f27e980630c62244527767011399595.html true
19:47:58.698 [Thread-23] INFO com.github.jhonnymertz.wkhtmltopdf.wrapper.Pdf - PDF successfully saved in /home/andrey/WAB3_cache/72bae195-d489-45fc-bec6-b94ef02854e6/kudir_incomes.pdf
19:47:58.698 [Thread-23] DEBUG com.github.jhonnymertz.wkhtmltopdf.wrapper.configurations.WrapperConfig - Initialized with default configurations.
19:47:58.743 [Thread-23] DEBUG com.github.jhonnymertz.wkhtmltopdf.wrapper.configurations.WrapperConfig - Wkhtmltopdf command found in classpath: /usr/local/bin/wkhtmltopdf
19:47:58.743 [Thread-23] INFO com.github.jhonnymertz.wkhtmltopdf.wrapper.Pdf - Initialized with {xvfbConfig=null, wkhtmltopdfCommand='/usr/local/bin/wkhtmltopdf'}
19:47:58.744 [Thread-23] DEBUG com.github.jhonnymertz.wkhtmltopdf.wrapper.Pdf - [/usr/local/bin/wkhtmltopdf, -O , landscape, /tmp/java-wkhtmltopdf-wrapper907854e7-366e-4188-83dc-ff858550cad97584745869362878642.html, -]
19:47:58.744 [Thread-23] DEBUG com.github.jhonnymertz.wkhtmltopdf.wrapper.Pdf - Generating pdf with: /usr/local/bin/wkhtmltopdf -O  landscape /tmp/java-wkhtmltopdf-wrapper907854e7-366e-4188-83dc-ff858550cad97584745869362878642.html -
19:47:58.809 [Thread-14] DEBUG com.github.jhonnymertz.wkhtmltopdf.wrapper.Pdf - Wkhtmltopdf output:
Loading pages (1/6)
[>                                                           ] 0%[======>                                                     ] 10%[==============================>                             ] 50%[============================================================] 100%Counting pages (2/6)                                               
[============================================================] Object 1 of 1Resolving links (4/6)                                                       
[============================================================] Object 1 of 1Loading headers and footers (5/6)                                           
Printing pages (6/6)
[>                                                           ] Preparing[============================================================] Page 1 of 1Done                                                                      

19:47:58.809 [Thread-14] INFO com.github.jhonnymertz.wkhtmltopdf.wrapper.Pdf - PDF successfully generated with: /usr/local/bin/wkhtmltopdf -O  landscape /tmp/java-wkhtmltopdf-wrapper4d37139f-9a9c-4087-a496-91f5eeef19ee7898271809990580155.html -
19:47:58.810 [Thread-14] DEBUG com.github.jhonnymertz.wkhtmltopdf.wrapper.Pdf - Shutting down executor for wkhtmltopdf.
19:47:58.811 [Thread-14] DEBUG com.github.jhonnymertz.wkhtmltopdf.wrapper.Pdf - Cleaning up temporary files...
19:47:58.812 [Thread-14] DEBUG com.github.jhonnymertz.wkhtmltopdf.wrapper.Pdf - Delete temp file at: /tmp/java-wkhtmltopdf-wrapper4d37139f-9a9c-4087-a496-91f5eeef19ee7898271809990580155.html true
19:47:58.812 [Thread-14] INFO com.github.jhonnymertz.wkhtmltopdf.wrapper.Pdf - PDF successfully saved in /home/andrey/WAB3_cache/794dfc2c-e08b-4c3f-8b4a-f40f0b093725/kudir_spendings.pdf
19:47:59.064 [Thread-16] DEBUG com.github.jhonnymertz.wkhtmltopdf.wrapper.Pdf - Wkhtmltopdf output:
Loading pages (1/6)
[>                                                           ] 0%[======>                                                     ] 10%[==============================>                             ] 50%[============================================================] 100%Counting pages (2/6)                                               
[============================================================] Object 1 of 1Resolving links (4/6)                                                       
[============================================================] Object 1 of 1Loading headers and footers (5/6)                                           
Printing pages (6/6)
[>                                                           ] Preparing[============================================================] Page 1 of 1Done                                                                      

19:47:59.065 [Thread-16] INFO com.github.jhonnymertz.wkhtmltopdf.wrapper.Pdf - PDF successfully generated with: /usr/local/bin/wkhtmltopdf -O  landscape /tmp/java-wkhtmltopdf-wrapper04b53ade-756f-4c23-afe8-a664b38997dc8715596364662917122.html -
19:47:59.066 [Thread-16] DEBUG com.github.jhonnymertz.wkhtmltopdf.wrapper.Pdf - Shutting down executor for wkhtmltopdf.
19:47:59.067 [Thread-16] DEBUG com.github.jhonnymertz.wkhtmltopdf.wrapper.Pdf - Cleaning up temporary files...
19:47:59.067 [Thread-16] DEBUG com.github.jhonnymertz.wkhtmltopdf.wrapper.Pdf - Delete temp file at: /tmp/java-wkhtmltopdf-wrapper04b53ade-756f-4c23-afe8-a664b38997dc8715596364662917122.html true
19:47:59.068 [Thread-16] INFO com.github.jhonnymertz.wkhtmltopdf.wrapper.Pdf - PDF successfully saved in /home/andrey/WAB3_cache/f8f922f3-a4b0-417d-ad2b-da5f43e9e79c/kudir_spendings.pdf
19:47:59.140 [Thread-21] DEBUG com.github.jhonnymertz.wkhtmltopdf.wrapper.Pdf - Wkhtmltopdf output:
Loading pages (1/6)
[>                                                           ] 0%[======>                                                     ] 10%[==============================>                             ] 50%[============================================================] 100%Counting pages (2/6)                                               
[============================================================] Object 1 of 1Resolving links (4/6)                                                       
[============================================================] Object 1 of 1Loading headers and footers (5/6)                                           
Printing pages (6/6)
[>                                                           ] Preparing[============================================================] Page 1 of 1Done                                                                      

19:47:59.140 [Thread-21] INFO com.github.jhonnymertz.wkhtmltopdf.wrapper.Pdf - PDF successfully generated with: /usr/local/bin/wkhtmltopdf -O  landscape /tmp/java-wkhtmltopdf-wrapperdf5968ec-fd1a-4b29-a3f4-bf9441e10c998061074404812272577.html -
19:47:59.141 [Thread-21] DEBUG com.github.jhonnymertz.wkhtmltopdf.wrapper.Pdf - Shutting down executor for wkhtmltopdf.
19:47:59.142 [Thread-21] DEBUG com.github.jhonnymertz.wkhtmltopdf.wrapper.Pdf - Cleaning up temporary files...
19:47:59.143 [Thread-21] DEBUG com.github.jhonnymertz.wkhtmltopdf.wrapper.Pdf - Delete temp file at: /tmp/java-wkhtmltopdf-wrapperdf5968ec-fd1a-4b29-a3f4-bf9441e10c998061074404812272577.html true
19:47:59.144 [Thread-21] INFO com.github.jhonnymertz.wkhtmltopdf.wrapper.Pdf - PDF successfully saved in /home/andrey/WAB3_cache/9b0def63-3019-4316-b6ab-60cf887874d8/kudir_spendings.pdf
19:47:59.291 [Thread-9] DEBUG com.github.jhonnymertz.wkhtmltopdf.wrapper.Pdf - Wkhtmltopdf output:
Loading pages (1/6)
[>                                                           ] 0%[======>                                                     ] 10%[==============================>                             ] 50%[============================================================] 100%Counting pages (2/6)                                               
[============================================================] Object 1 of 1Resolving links (4/6)                                                       
[============================================================] Object 1 of 1Loading headers and footers (5/6)                                           
Printing pages (6/6)
[>                                                           ] Preparing[============================================================] Page 1 of 1Done                                                                      

19:47:59.292 [Thread-9] INFO com.github.jhonnymertz.wkhtmltopdf.wrapper.Pdf - PDF successfully generated with: /usr/local/bin/wkhtmltopdf -O  landscape /tmp/java-wkhtmltopdf-wrapper9076c8f9-ef51-41ff-8c0c-43bafc6775c01915277805207154705.html -
19:47:59.293 [Thread-9] DEBUG com.github.jhonnymertz.wkhtmltopdf.wrapper.Pdf - Shutting down executor for wkhtmltopdf.
19:47:59.293 [Thread-9] DEBUG com.github.jhonnymertz.wkhtmltopdf.wrapper.Pdf - Cleaning up temporary files...
19:47:59.294 [Thread-9] DEBUG com.github.jhonnymertz.wkhtmltopdf.wrapper.Pdf - Delete temp file at: /tmp/java-wkhtmltopdf-wrapper9076c8f9-ef51-41ff-8c0c-43bafc6775c01915277805207154705.html true
19:47:59.295 [Thread-9] INFO com.github.jhonnymertz.wkhtmltopdf.wrapper.Pdf - PDF successfully saved in /home/andrey/WAB3_cache/7ed1691d-1de1-4369-b837-5a563cc613a9/kudir_spendings.pdf
19:47:59.376 [Thread-11] DEBUG com.github.jhonnymertz.wkhtmltopdf.wrapper.Pdf - Wkhtmltopdf output:
Loading pages (1/6)
[>                                                           ] 0%[======>                                                     ] 10%[==============================>                             ] 50%[============================================================] 100%Counting pages (2/6)                                               
[============================================================] Object 1 of 1Resolving links (4/6)                                                       
[============================================================] Object 1 of 1Loading headers and footers (5/6)                                           
Printing pages (6/6)
[>                                                           ] Preparing[============================================================] Page 1 of 1Done                                                                      

19:47:59.377 [Thread-11] INFO com.github.jhonnymertz.wkhtmltopdf.wrapper.Pdf - PDF successfully generated with: /usr/local/bin/wkhtmltopdf -O  landscape /tmp/java-wkhtmltopdf-wrapper4b633f74-250a-4d12-ad57-b071f293a7a54020916756009726075.html -
19:47:59.378 [Thread-11] DEBUG com.github.jhonnymertz.wkhtmltopdf.wrapper.Pdf - Shutting down executor for wkhtmltopdf.
19:47:59.379 [Thread-11] DEBUG com.github.jhonnymertz.wkhtmltopdf.wrapper.Pdf - Cleaning up temporary files...
19:47:59.380 [Thread-11] DEBUG com.github.jhonnymertz.wkhtmltopdf.wrapper.Pdf - Delete temp file at: /tmp/java-wkhtmltopdf-wrapper4b633f74-250a-4d12-ad57-b071f293a7a54020916756009726075.html true
19:47:59.381 [Thread-11] INFO com.github.jhonnymertz.wkhtmltopdf.wrapper.Pdf - PDF successfully saved in /home/andrey/WAB3_cache/6f8e0320-8539-44af-8152-5ecb801c084b/kudir_spendings.pdf
19:47:59.449 [Thread-15] DEBUG com.github.jhonnymertz.wkhtmltopdf.wrapper.Pdf - Wkhtmltopdf output:
Loading pages (1/6)
[>                                                           ] 0%[======>                                                     ] 10%[==============================>                             ] 50%[============================================================] 100%Counting pages (2/6)                                               
[============================================================] Object 1 of 1Resolving links (4/6)                                                       
[============================================================] Object 1 of 1Loading headers and footers (5/6)                                           
Printing pages (6/6)
[>                                                           ] Preparing[============================================================] Page 1 of 1Done                                                                      

19:47:59.449 [Thread-15] INFO com.github.jhonnymertz.wkhtmltopdf.wrapper.Pdf - PDF successfully generated with: /usr/local/bin/wkhtmltopdf -O  landscape /tmp/java-wkhtmltopdf-wrapper12173818-c738-4c24-b0ea-a6eec2000d925529113499156733489.html -
19:47:59.450 [Thread-15] DEBUG com.github.jhonnymertz.wkhtmltopdf.wrapper.Pdf - Shutting down executor for wkhtmltopdf.
19:47:59.451 [Thread-15] DEBUG com.github.jhonnymertz.wkhtmltopdf.wrapper.Pdf - Cleaning up temporary files...
19:47:59.452 [Thread-15] DEBUG com.github.jhonnymertz.wkhtmltopdf.wrapper.Pdf - Delete temp file at: /tmp/java-wkhtmltopdf-wrapper12173818-c738-4c24-b0ea-a6eec2000d925529113499156733489.html true
19:47:59.453 [Thread-15] INFO com.github.jhonnymertz.wkhtmltopdf.wrapper.Pdf - PDF successfully saved in /home/andrey/WAB3_cache/941d5f59-6772-4e7b-bbf7-5812c555fbcd/kudir_spendings.pdf
19:47:59.521 [Thread-20] DEBUG com.github.jhonnymertz.wkhtmltopdf.wrapper.Pdf - Wkhtmltopdf output:
Loading pages (1/6)
[>                                                           ] 0%[======>                                                     ] 10%[==============================>                             ] 50%[============================================================] 100%Counting pages (2/6)                                               
[============================================================] Object 1 of 1Resolving links (4/6)                                                       
[============================================================] Object 1 of 1Loading headers and footers (5/6)                                           
Printing pages (6/6)
[>                                                           ] Preparing[============================================================] Page 1 of 1Done                                                                      

19:47:59.522 [Thread-20] INFO com.github.jhonnymertz.wkhtmltopdf.wrapper.Pdf - PDF successfully generated with: /usr/local/bin/wkhtmltopdf -O  landscape /tmp/java-wkhtmltopdf-wrapper2e37caaa-b08b-4531-bad5-4ee1576e34cc4840381729921612397.html -
19:47:59.522 [Thread-20] DEBUG com.github.jhonnymertz.wkhtmltopdf.wrapper.Pdf - Shutting down executor for wkhtmltopdf.
19:47:59.523 [Thread-20] DEBUG com.github.jhonnymertz.wkhtmltopdf.wrapper.Pdf - Cleaning up temporary files...
19:47:59.525 [Thread-20] DEBUG com.github.jhonnymertz.wkhtmltopdf.wrapper.Pdf - Delete temp file at: /tmp/java-wkhtmltopdf-wrapper2e37caaa-b08b-4531-bad5-4ee1576e34cc4840381729921612397.html true
19:47:59.526 [Thread-20] INFO com.github.jhonnymertz.wkhtmltopdf.wrapper.Pdf - PDF successfully saved in /home/andrey/WAB3_cache/376e1bae-9073-4822-8895-4c703ca946e4/kudir_spendings.pdf
19:47:59.643 [Thread-24] DEBUG com.github.jhonnymertz.wkhtmltopdf.wrapper.Pdf - Wkhtmltopdf output:
Loading pages (1/6)
[>                                                           ] 0%[======>                                                     ] 10%[==============================>                             ] 50%[============================================================] 100%Counting pages (2/6)                                               
[============================================================] Object 1 of 1Resolving links (4/6)                                                       
[============================================================] Object 1 of 1Loading headers and footers (5/6)                                           
Printing pages (6/6)
[>                                                           ] Preparing[============================================================] Page 1 of 1Done                                                                      

19:47:59.644 [Thread-24] INFO com.github.jhonnymertz.wkhtmltopdf.wrapper.Pdf - PDF successfully generated with: /usr/local/bin/wkhtmltopdf -O  landscape /tmp/java-wkhtmltopdf-wrapper253516f9-172e-4ae9-b437-dfe60ca1dcdb4224430141089287290.html -
19:47:59.645 [Thread-24] DEBUG com.github.jhonnymertz.wkhtmltopdf.wrapper.Pdf - Shutting down executor for wkhtmltopdf.
19:47:59.645 [Thread-24] DEBUG com.github.jhonnymertz.wkhtmltopdf.wrapper.Pdf - Cleaning up temporary files...
19:47:59.646 [Thread-24] DEBUG com.github.jhonnymertz.wkhtmltopdf.wrapper.Pdf - Delete temp file at: /tmp/java-wkhtmltopdf-wrapper253516f9-172e-4ae9-b437-dfe60ca1dcdb4224430141089287290.html true
19:47:59.648 [Thread-24] INFO com.github.jhonnymertz.wkhtmltopdf.wrapper.Pdf - PDF successfully saved in /home/andrey/WAB3_cache/8a7941e7-5426-47ac-92af-6bb7adaad6bb/kudir_spendings.pdf
19:47:59.761 [Thread-13] DEBUG com.github.jhonnymertz.wkhtmltopdf.wrapper.Pdf - Wkhtmltopdf output:
Loading pages (1/6)
[>                                                           ] 0%[======>                                                     ] 10%[==============================>                             ] 50%[============================================================] 100%Counting pages (2/6)                                               
[============================================================] Object 1 of 1Resolving links (4/6)                                                       
[============================================================] Object 1 of 1Loading headers and footers (5/6)                                           
Printing pages (6/6)
[>                                                           ] Preparing[============================================================] Page 1 of 1Done                                                                      

19:47:59.761 [Thread-13] INFO com.github.jhonnymertz.wkhtmltopdf.wrapper.Pdf - PDF successfully generated with: /usr/local/bin/wkhtmltopdf -O  landscape /tmp/java-wkhtmltopdf-wrappere29b375c-b214-46ca-a723-d5f863e13ae88680917240328073840.html -
19:47:59.761 [Thread-13] DEBUG com.github.jhonnymertz.wkhtmltopdf.wrapper.Pdf - Shutting down executor for wkhtmltopdf.
19:47:59.762 [Thread-13] DEBUG com.github.jhonnymertz.wkhtmltopdf.wrapper.Pdf - Cleaning up temporary files...
19:47:59.762 [Thread-13] DEBUG com.github.jhonnymertz.wkhtmltopdf.wrapper.Pdf - Delete temp file at: /tmp/java-wkhtmltopdf-wrappere29b375c-b214-46ca-a723-d5f863e13ae88680917240328073840.html true
19:47:59.762 [Thread-13] INFO com.github.jhonnymertz.wkhtmltopdf.wrapper.Pdf - PDF successfully saved in /home/andrey/WAB3_cache/3f7718df-5db2-454a-b630-96f83bff1504/kudir_spendings.pdf
19:47:59.770 [Thread-17] DEBUG com.github.jhonnymertz.wkhtmltopdf.wrapper.Pdf - Wkhtmltopdf output:
Loading pages (1/6)
[>                                                           ] 0%[======>                                                     ] 10%[==============================>                             ] 50%[============================================================] 100%Counting pages (2/6)                                               
[============================================================] Object 1 of 1Resolving links (4/6)                                                       
[============================================================] Object 1 of 1Loading headers and footers (5/6)                                           
Printing pages (6/6)
[>                                                           ] Preparing[============================================================] Page 1 of 1Done                                                                      

19:47:59.770 [Thread-17] INFO com.github.jhonnymertz.wkhtmltopdf.wrapper.Pdf - PDF successfully generated with: /usr/local/bin/wkhtmltopdf -O  landscape /tmp/java-wkhtmltopdf-wrapper199f7d6e-d76c-42f2-a73e-1f846880888f5149980440541407478.html -
19:47:59.770 [Thread-17] DEBUG com.github.jhonnymertz.wkhtmltopdf.wrapper.Pdf - Shutting down executor for wkhtmltopdf.
19:47:59.770 [Thread-17] DEBUG com.github.jhonnymertz.wkhtmltopdf.wrapper.Pdf - Cleaning up temporary files...
19:47:59.771 [Thread-17] DEBUG com.github.jhonnymertz.wkhtmltopdf.wrapper.Pdf - Delete temp file at: /tmp/java-wkhtmltopdf-wrapper199f7d6e-d76c-42f2-a73e-1f846880888f5149980440541407478.html true
19:47:59.771 [Thread-17] INFO com.github.jhonnymertz.wkhtmltopdf.wrapper.Pdf - PDF successfully saved in /home/andrey/WAB3_cache/f1596384-3747-4e5c-92b8-6088dbad14e0/kudir_spendings.pdf
19:47:59.782 [Thread-8] DEBUG com.github.jhonnymertz.wkhtmltopdf.wrapper.Pdf - Wkhtmltopdf output:
Loading pages (1/6)
[>                                                           ] 0%[======>                                                     ] 10%[==============================>                             ] 50%[============================================================] 100%Counting pages (2/6)                                               
[============================================================] Object 1 of 1Resolving links (4/6)                                                       
[============================================================] Object 1 of 1Loading headers and footers (5/6)                                           
Printing pages (6/6)
[>                                                           ] Preparing[============================================================] Page 1 of 1Done                                                                      

19:47:59.782 [Thread-8] INFO com.github.jhonnymertz.wkhtmltopdf.wrapper.Pdf - PDF successfully generated with: /usr/local/bin/wkhtmltopdf -O  landscape /tmp/java-wkhtmltopdf-wrapper99f724ee-4a8f-455b-96c2-2a68969207ed8647934473682940188.html -
19:47:59.782 [Thread-8] DEBUG com.github.jhonnymertz.wkhtmltopdf.wrapper.Pdf - Shutting down executor for wkhtmltopdf.
19:47:59.782 [Thread-8] DEBUG com.github.jhonnymertz.wkhtmltopdf.wrapper.Pdf - Cleaning up temporary files...
19:47:59.782 [Thread-8] DEBUG com.github.jhonnymertz.wkhtmltopdf.wrapper.Pdf - Delete temp file at: /tmp/java-wkhtmltopdf-wrapper99f724ee-4a8f-455b-96c2-2a68969207ed8647934473682940188.html true
19:47:59.783 [Thread-8] INFO com.github.jhonnymertz.wkhtmltopdf.wrapper.Pdf - PDF successfully saved in /home/andrey/WAB3_cache/fac5f4cf-1f85-41ec-b553-163b80ac8b24/kudir_spendings.pdf
19:47:59.839 [Thread-22] DEBUG com.github.jhonnymertz.wkhtmltopdf.wrapper.Pdf - Wkhtmltopdf output:
Loading pages (1/6)
[>                                                           ] 0%[======>                                                     ] 10%[==============================>                             ] 50%[============================================================] 100%Counting pages (2/6)                                               
[============================================================] Object 1 of 1Resolving links (4/6)                                                       
[============================================================] Object 1 of 1Loading headers and footers (5/6)                                           
Printing pages (6/6)
[>                                                           ] Preparing[============================================================] Page 1 of 1Done                                                                      

19:47:59.839 [Thread-22] INFO com.github.jhonnymertz.wkhtmltopdf.wrapper.Pdf - PDF successfully generated with: /usr/local/bin/wkhtmltopdf -O  landscape /tmp/java-wkhtmltopdf-wrapperd1a7974c-6c84-4beb-9008-9d4a3df8314b5348601180651166650.html -
19:47:59.839 [Thread-22] DEBUG com.github.jhonnymertz.wkhtmltopdf.wrapper.Pdf - Shutting down executor for wkhtmltopdf.
19:47:59.839 [Thread-22] DEBUG com.github.jhonnymertz.wkhtmltopdf.wrapper.Pdf - Cleaning up temporary files...
19:47:59.840 [Thread-22] DEBUG com.github.jhonnymertz.wkhtmltopdf.wrapper.Pdf - Delete temp file at: /tmp/java-wkhtmltopdf-wrapperd1a7974c-6c84-4beb-9008-9d4a3df8314b5348601180651166650.html true
19:47:59.840 [Thread-22] INFO com.github.jhonnymertz.wkhtmltopdf.wrapper.Pdf - PDF successfully saved in /home/andrey/WAB3_cache/ef06289b-4f24-464c-b2f4-6a35ca0f2a85/kudir_spendings.pdf
19:47:59.890 [Thread-18] DEBUG com.github.jhonnymertz.wkhtmltopdf.wrapper.Pdf - Wkhtmltopdf output:
Loading pages (1/6)
[>                                                           ] 0%[======>                                                     ] 10%[==============================>                             ] 50%[============================================================] 100%Counting pages (2/6)                                               
[============================================================] Object 1 of 1Resolving links (4/6)                                                       
[============================================================] Object 1 of 1Loading headers and footers (5/6)                                           
Printing pages (6/6)
[>                                                           ] Preparing[============================================================] Page 1 of 1Done                                                                      

19:47:59.891 [Thread-18] INFO com.github.jhonnymertz.wkhtmltopdf.wrapper.Pdf - PDF successfully generated with: /usr/local/bin/wkhtmltopdf -O  landscape /tmp/java-wkhtmltopdf-wrapper88fb0056-64b5-4af2-a472-5f05dd30ee8f6956532840008256996.html -
19:47:59.891 [Thread-18] DEBUG com.github.jhonnymertz.wkhtmltopdf.wrapper.Pdf - Shutting down executor for wkhtmltopdf.
19:47:59.891 [Thread-18] DEBUG com.github.jhonnymertz.wkhtmltopdf.wrapper.Pdf - Cleaning up temporary files...
19:47:59.891 [Thread-18] DEBUG com.github.jhonnymertz.wkhtmltopdf.wrapper.Pdf - Delete temp file at: /tmp/java-wkhtmltopdf-wrapper88fb0056-64b5-4af2-a472-5f05dd30ee8f6956532840008256996.html true
19:47:59.892 [Thread-18] INFO com.github.jhonnymertz.wkhtmltopdf.wrapper.Pdf - PDF successfully saved in /home/andrey/WAB3_cache/5ff310a0-f390-4da9-bff9-af9fa073e672/kudir_spendings.pdf
19:48:00.002 [Thread-12] DEBUG com.github.jhonnymertz.wkhtmltopdf.wrapper.Pdf - Wkhtmltopdf output:
Loading pages (1/6)
[>                                                           ] 0%[======>                                                     ] 10%[==============================>                             ] 50%[============================================================] 100%Counting pages (2/6)                                               
[============================================================] Object 1 of 1Resolving links (4/6)                                                       
[============================================================] Object 1 of 1Loading headers and footers (5/6)                                           
Printing pages (6/6)
[>                                                           ] Preparing[============================================================] Page 1 of 1Done                                                                      

19:48:00.002 [Thread-12] INFO com.github.jhonnymertz.wkhtmltopdf.wrapper.Pdf - PDF successfully generated with: /usr/local/bin/wkhtmltopdf -O  landscape /tmp/java-wkhtmltopdf-wrapperb4663cc8-6578-4f45-862a-fa20bd1e08d63314768617927124896.html -
19:48:00.003 [Thread-12] DEBUG com.github.jhonnymertz.wkhtmltopdf.wrapper.Pdf - Shutting down executor for wkhtmltopdf.
19:48:00.003 [Thread-12] DEBUG com.github.jhonnymertz.wkhtmltopdf.wrapper.Pdf - Cleaning up temporary files...
19:48:00.005 [Thread-12] DEBUG com.github.jhonnymertz.wkhtmltopdf.wrapper.Pdf - Delete temp file at: /tmp/java-wkhtmltopdf-wrapperb4663cc8-6578-4f45-862a-fa20bd1e08d63314768617927124896.html true
19:48:00.005 [Thread-12] INFO com.github.jhonnymertz.wkhtmltopdf.wrapper.Pdf - PDF successfully saved in /home/andrey/WAB3_cache/1f20a9b0-35db-47a4-aa95-db9f9f610ecc/kudir_spendings.pdf
19:48:00.042 [Thread-7] DEBUG com.github.jhonnymertz.wkhtmltopdf.wrapper.Pdf - Wkhtmltopdf output:
Loading pages (1/6)
[>                                                           ] 0%[======>                                                     ] 10%[==============================>                             ] 50%[============================================================] 100%Counting pages (2/6)                                               
[============================================================] Object 1 of 1Resolving links (4/6)                                                       
[============================================================] Object 1 of 1Loading headers and footers (5/6)                                           
Printing pages (6/6)
[>                                                           ] Preparing[============================================================] Page 1 of 1Done                                                                      

19:48:00.042 [Thread-7] INFO com.github.jhonnymertz.wkhtmltopdf.wrapper.Pdf - PDF successfully generated with: /usr/local/bin/wkhtmltopdf -O  landscape /tmp/java-wkhtmltopdf-wrapper242f3bf0-b838-4329-b43f-cd99fcda283c8589028994519959632.html -
19:48:00.042 [Thread-7] DEBUG com.github.jhonnymertz.wkhtmltopdf.wrapper.Pdf - Shutting down executor for wkhtmltopdf.
19:48:00.042 [Thread-7] DEBUG com.github.jhonnymertz.wkhtmltopdf.wrapper.Pdf - Cleaning up temporary files...
19:48:00.042 [Thread-7] DEBUG com.github.jhonnymertz.wkhtmltopdf.wrapper.Pdf - Delete temp file at: /tmp/java-wkhtmltopdf-wrapper242f3bf0-b838-4329-b43f-cd99fcda283c8589028994519959632.html true
19:48:00.042 [Thread-7] INFO com.github.jhonnymertz.wkhtmltopdf.wrapper.Pdf - PDF successfully saved in /home/andrey/WAB3_cache/725f5ce3-4258-40a7-b0e2-67aa5026d300/kudir_spendings.pdf
19:48:00.061 [Thread-23] DEBUG com.github.jhonnymertz.wkhtmltopdf.wrapper.Pdf - Wkhtmltopdf output:
Loading pages (1/6)
[>                                                           ] 0%[======>                                                     ] 10%[==============================>                             ] 50%[============================================================] 100%Counting pages (2/6)                                               
[============================================================] Object 1 of 1Resolving links (4/6)                                                       
[============================================================] Object 1 of 1Loading headers and footers (5/6)                                           
Printing pages (6/6)
[>                                                           ] Preparing[============================================================] Page 1 of 1Done                                                                      

19:48:00.062 [Thread-23] INFO com.github.jhonnymertz.wkhtmltopdf.wrapper.Pdf - PDF successfully generated with: /usr/local/bin/wkhtmltopdf -O  landscape /tmp/java-wkhtmltopdf-wrapper907854e7-366e-4188-83dc-ff858550cad97584745869362878642.html -
19:48:00.062 [Thread-23] DEBUG com.github.jhonnymertz.wkhtmltopdf.wrapper.Pdf - Shutting down executor for wkhtmltopdf.
19:48:00.063 [Thread-23] DEBUG com.github.jhonnymertz.wkhtmltopdf.wrapper.Pdf - Cleaning up temporary files...
19:48:00.064 [Thread-23] DEBUG com.github.jhonnymertz.wkhtmltopdf.wrapper.Pdf - Delete temp file at: /tmp/java-wkhtmltopdf-wrapper907854e7-366e-4188-83dc-ff858550cad97584745869362878642.html true
19:48:00.065 [Thread-23] INFO com.github.jhonnymertz.wkhtmltopdf.wrapper.Pdf - PDF successfully saved in /home/andrey/WAB3_cache/72bae195-d489-45fc-bec6-b94ef02854e6/kudir_spendings.pdf
19:48:09.317 [nettyCallPool-4-2] DEBUG com.github.jhonnymertz.wkhtmltopdf.wrapper.configurations.WrapperConfig - Initialized with default configurations.
19:48:09.327 [nettyCallPool-4-2] DEBUG com.github.jhonnymertz.wkhtmltopdf.wrapper.configurations.WrapperConfig - Wkhtmltopdf command found in classpath: /usr/local/bin/wkhtmltopdf
19:48:09.327 [nettyCallPool-4-2] INFO com.github.jhonnymertz.wkhtmltopdf.wrapper.Pdf - Initialized with {xvfbConfig=null, wkhtmltopdfCommand='/usr/local/bin/wkhtmltopdf'}
19:48:09.328 [nettyCallPool-4-2] DEBUG com.github.jhonnymertz.wkhtmltopdf.wrapper.Pdf - [/usr/local/bin/wkhtmltopdf, /tmp/java-wkhtmltopdf-wrapper770b8928-a622-417a-87df-8c3d293e1e6f6723818244788289549.html, -]
19:48:09.328 [nettyCallPool-4-2] DEBUG com.github.jhonnymertz.wkhtmltopdf.wrapper.Pdf - Generating pdf with: /usr/local/bin/wkhtmltopdf /tmp/java-wkhtmltopdf-wrapper770b8928-a622-417a-87df-8c3d293e1e6f6723818244788289549.html -
19:48:09.798 [nettyCallPool-4-2] DEBUG com.github.jhonnymertz.wkhtmltopdf.wrapper.Pdf - Wkhtmltopdf output:
Loading pages (1/6)
[>                                                           ] 0%[======>                                                     ] 10%[==============================>                             ] 50%[============================================================] 100%Counting pages (2/6)                                               
[============================================================] Object 1 of 1Resolving links (4/6)                                                       
[============================================================] Object 1 of 1Loading headers and footers (5/6)                                           
Printing pages (6/6)
[>                                                           ] Preparing[============================================================] Page 1 of 1Done                                                                      

19:48:09.799 [nettyCallPool-4-2] INFO com.github.jhonnymertz.wkhtmltopdf.wrapper.Pdf - PDF successfully generated with: /usr/local/bin/wkhtmltopdf /tmp/java-wkhtmltopdf-wrapper770b8928-a622-417a-87df-8c3d293e1e6f6723818244788289549.html -
19:48:09.800 [nettyCallPool-4-2] DEBUG com.github.jhonnymertz.wkhtmltopdf.wrapper.Pdf - Shutting down executor for wkhtmltopdf.
19:48:09.802 [nettyCallPool-4-2] DEBUG com.github.jhonnymertz.wkhtmltopdf.wrapper.Pdf - Cleaning up temporary files...
19:48:09.802 [nettyCallPool-4-2] DEBUG com.github.jhonnymertz.wkhtmltopdf.wrapper.Pdf - Delete temp file at: /tmp/java-wkhtmltopdf-wrapper770b8928-a622-417a-87df-8c3d293e1e6f6723818244788289549.html true
19:48:09.803 [nettyCallPool-4-2] INFO com.github.jhonnymertz.wkhtmltopdf.wrapper.Pdf - PDF successfully saved in /home/andrey/WAB3_cache/c34dc704-bfa4-4a1b-839a-362683b24c09/kudir_header.pdf
19:48:09.803 [nettyCallPool-4-2] DEBUG com.github.jhonnymertz.wkhtmltopdf.wrapper.configurations.WrapperConfig - Initialized with default configurations.
19:48:09.807 [nettyCallPool-4-2] DEBUG com.github.jhonnymertz.wkhtmltopdf.wrapper.configurations.WrapperConfig - Wkhtmltopdf command found in classpath: /usr/local/bin/wkhtmltopdf
19:48:09.807 [nettyCallPool-4-2] INFO com.github.jhonnymertz.wkhtmltopdf.wrapper.Pdf - Initialized with {xvfbConfig=null, wkhtmltopdfCommand='/usr/local/bin/wkhtmltopdf'}
19:48:09.809 [nettyCallPool-4-2] DEBUG com.github.jhonnymertz.wkhtmltopdf.wrapper.Pdf - [/usr/local/bin/wkhtmltopdf, /tmp/java-wkhtmltopdf-wrapperb7daaa23-ef92-4f9a-b820-cb53265a23824878998927824343048.html, -]
19:48:09.809 [nettyCallPool-4-2] DEBUG com.github.jhonnymertz.wkhtmltopdf.wrapper.Pdf - Generating pdf with: /usr/local/bin/wkhtmltopdf /tmp/java-wkhtmltopdf-wrapperb7daaa23-ef92-4f9a-b820-cb53265a23824878998927824343048.html -
19:48:10.126 [nettyCallPool-4-2] DEBUG com.github.jhonnymertz.wkhtmltopdf.wrapper.Pdf - Wkhtmltopdf output:
Loading pages (1/6)
[>                                                           ] 0%[======>                                                     ] 10%[==============================>                             ] 50%[============================================================] 100%Counting pages (2/6)                                               
[============================================================] Object 1 of 1Resolving links (4/6)                                                       
[============================================================] Object 1 of 1Loading headers and footers (5/6)                                           
Printing pages (6/6)
[>                                                           ] Preparing[===============>                                            ] Page 1 of 4[==============================>                             ] Page 2 of 4[=============================================>              ] Page 3 of 4[============================================================] Page 4 of 4Done                                                                      

19:48:10.126 [nettyCallPool-4-2] INFO com.github.jhonnymertz.wkhtmltopdf.wrapper.Pdf - PDF successfully generated with: /usr/local/bin/wkhtmltopdf /tmp/java-wkhtmltopdf-wrapperb7daaa23-ef92-4f9a-b820-cb53265a23824878998927824343048.html -
19:48:10.126 [nettyCallPool-4-2] DEBUG com.github.jhonnymertz.wkhtmltopdf.wrapper.Pdf - Shutting down executor for wkhtmltopdf.
19:48:10.126 [nettyCallPool-4-2] DEBUG com.github.jhonnymertz.wkhtmltopdf.wrapper.Pdf - Cleaning up temporary files...
19:48:10.126 [nettyCallPool-4-2] DEBUG com.github.jhonnymertz.wkhtmltopdf.wrapper.Pdf - Delete temp file at: /tmp/java-wkhtmltopdf-wrapperb7daaa23-ef92-4f9a-b820-cb53265a23824878998927824343048.html true
19:48:10.126 [nettyCallPool-4-2] INFO com.github.jhonnymertz.wkhtmltopdf.wrapper.Pdf - PDF successfully saved in /home/andrey/WAB3_cache/c34dc704-bfa4-4a1b-839a-362683b24c09/kudir_incomes.pdf
19:48:10.126 [nettyCallPool-4-2] DEBUG com.github.jhonnymertz.wkhtmltopdf.wrapper.configurations.WrapperConfig - Initialized with default configurations.
19:48:10.129 [nettyCallPool-4-2] DEBUG com.github.jhonnymertz.wkhtmltopdf.wrapper.configurations.WrapperConfig - Wkhtmltopdf command found in classpath: /usr/local/bin/wkhtmltopdf
19:48:10.129 [nettyCallPool-4-2] INFO com.github.jhonnymertz.wkhtmltopdf.wrapper.Pdf - Initialized with {xvfbConfig=null, wkhtmltopdfCommand='/usr/local/bin/wkhtmltopdf'}
19:48:10.130 [nettyCallPool-4-2] DEBUG com.github.jhonnymertz.wkhtmltopdf.wrapper.Pdf - [/usr/local/bin/wkhtmltopdf, -O , landscape, /tmp/java-wkhtmltopdf-wrapper74e1bb80-7047-4d33-8287-389ed70f76453232214157223092331.html, -]
19:48:10.130 [nettyCallPool-4-2] DEBUG com.github.jhonnymertz.wkhtmltopdf.wrapper.Pdf - Generating pdf with: /usr/local/bin/wkhtmltopdf -O  landscape /tmp/java-wkhtmltopdf-wrapper74e1bb80-7047-4d33-8287-389ed70f76453232214157223092331.html -
19:48:10.432 [nettyCallPool-4-2] DEBUG com.github.jhonnymertz.wkhtmltopdf.wrapper.Pdf - Wkhtmltopdf output:
Loading pages (1/6)
[>                                                           ] 0%[======>                                                     ] 10%[==============================>                             ] 50%[============================================================] 100%Counting pages (2/6)                                               
[============================================================] Object 1 of 1Resolving links (4/6)                                                       
[============================================================] Object 1 of 1Loading headers and footers (5/6)                                           
Printing pages (6/6)
[>                                                           ] Preparing[============================================================] Page 1 of 1Done                                                                      

19:48:10.432 [nettyCallPool-4-2] INFO com.github.jhonnymertz.wkhtmltopdf.wrapper.Pdf - PDF successfully generated with: /usr/local/bin/wkhtmltopdf -O  landscape /tmp/java-wkhtmltopdf-wrapper74e1bb80-7047-4d33-8287-389ed70f76453232214157223092331.html -
19:48:10.432 [nettyCallPool-4-2] DEBUG com.github.jhonnymertz.wkhtmltopdf.wrapper.Pdf - Shutting down executor for wkhtmltopdf.
19:48:10.432 [nettyCallPool-4-2] DEBUG com.github.jhonnymertz.wkhtmltopdf.wrapper.Pdf - Cleaning up temporary files...
19:48:10.432 [nettyCallPool-4-2] DEBUG com.github.jhonnymertz.wkhtmltopdf.wrapper.Pdf - Delete temp file at: /tmp/java-wkhtmltopdf-wrapper74e1bb80-7047-4d33-8287-389ed70f76453232214157223092331.html true
19:48:10.432 [nettyCallPool-4-2] INFO com.github.jhonnymertz.wkhtmltopdf.wrapper.Pdf - PDF successfully saved in /home/andrey/WAB3_cache/c34dc704-bfa4-4a1b-839a-362683b24c09/kudir_spendings.pdf
19:48:20.850 [nettyCallPool-4-2] DEBUG com.github.jhonnymertz.wkhtmltopdf.wrapper.configurations.WrapperConfig - Initialized with default configurations.
19:48:20.864 [nettyCallPool-4-2] DEBUG com.github.jhonnymertz.wkhtmltopdf.wrapper.configurations.WrapperConfig - Wkhtmltopdf command found in classpath: /usr/local/bin/wkhtmltopdf
19:48:20.864 [nettyCallPool-4-2] INFO com.github.jhonnymertz.wkhtmltopdf.wrapper.Pdf - Initialized with {xvfbConfig=null, wkhtmltopdfCommand='/usr/local/bin/wkhtmltopdf'}
19:48:20.890 [nettyCallPool-4-2] DEBUG com.github.jhonnymertz.wkhtmltopdf.wrapper.Pdf - [/usr/local/bin/wkhtmltopdf, /tmp/java-wkhtmltopdf-wrapperf73c127c-96d7-4fdc-91f7-037cddd726e3727114329418775110.html, -]
19:48:20.890 [nettyCallPool-4-2] DEBUG com.github.jhonnymertz.wkhtmltopdf.wrapper.Pdf - Generating pdf with: /usr/local/bin/wkhtmltopdf /tmp/java-wkhtmltopdf-wrapperf73c127c-96d7-4fdc-91f7-037cddd726e3727114329418775110.html -
19:48:20.942 [nettyCallPool-4-1] DEBUG com.github.jhonnymertz.wkhtmltopdf.wrapper.configurations.WrapperConfig - Initialized with default configurations.
19:48:20.961 [nettyCallPool-4-1] DEBUG com.github.jhonnymertz.wkhtmltopdf.wrapper.configurations.WrapperConfig - Wkhtmltopdf command found in classpath: /usr/local/bin/wkhtmltopdf
19:48:20.962 [nettyCallPool-4-1] INFO com.github.jhonnymertz.wkhtmltopdf.wrapper.Pdf - Initialized with {xvfbConfig=null, wkhtmltopdfCommand='/usr/local/bin/wkhtmltopdf'}
19:48:20.963 [nettyCallPool-4-1] DEBUG com.github.jhonnymertz.wkhtmltopdf.wrapper.Pdf - [/usr/local/bin/wkhtmltopdf, /tmp/java-wkhtmltopdf-wrapper291dc69f-b28b-4be7-963b-29e26a4186b02326827134616170237.html, -]
19:48:20.964 [nettyCallPool-4-1] DEBUG com.github.jhonnymertz.wkhtmltopdf.wrapper.Pdf - Generating pdf with: /usr/local/bin/wkhtmltopdf /tmp/java-wkhtmltopdf-wrapper291dc69f-b28b-4be7-963b-29e26a4186b02326827134616170237.html -
19:48:21.605 [nettyCallPool-4-1] DEBUG com.github.jhonnymertz.wkhtmltopdf.wrapper.Pdf - Wkhtmltopdf output:
Loading pages (1/6)
[>                                                           ] 0%[======>                                                     ] 10%[==============================>                             ] 50%[============================================================] 100%Counting pages (2/6)                                               
[============================================================] Object 1 of 1Resolving links (4/6)                                                       
[============================================================] Object 1 of 1Loading headers and footers (5/6)                                           
Printing pages (6/6)
[>                                                           ] Preparing[============================================================] Page 1 of 1Done                                                                      

19:48:21.605 [nettyCallPool-4-1] INFO com.github.jhonnymertz.wkhtmltopdf.wrapper.Pdf - PDF successfully generated with: /usr/local/bin/wkhtmltopdf /tmp/java-wkhtmltopdf-wrapper291dc69f-b28b-4be7-963b-29e26a4186b02326827134616170237.html -
19:48:21.605 [nettyCallPool-4-1] DEBUG com.github.jhonnymertz.wkhtmltopdf.wrapper.Pdf - Shutting down executor for wkhtmltopdf.
19:48:21.605 [nettyCallPool-4-1] DEBUG com.github.jhonnymertz.wkhtmltopdf.wrapper.Pdf - Cleaning up temporary files...
19:48:21.605 [nettyCallPool-4-1] DEBUG com.github.jhonnymertz.wkhtmltopdf.wrapper.Pdf - Delete temp file at: /tmp/java-wkhtmltopdf-wrapper291dc69f-b28b-4be7-963b-29e26a4186b02326827134616170237.html true
19:48:21.606 [nettyCallPool-4-1] INFO com.github.jhonnymertz.wkhtmltopdf.wrapper.Pdf - PDF successfully saved in /home/andrey/WAB3_cache/f2d0af6f-b1b9-483a-942e-91a614b80e42/kudir_header.pdf
19:48:21.606 [nettyCallPool-4-1] DEBUG com.github.jhonnymertz.wkhtmltopdf.wrapper.configurations.WrapperConfig - Initialized with default configurations.
19:48:21.609 [nettyCallPool-4-1] DEBUG com.github.jhonnymertz.wkhtmltopdf.wrapper.configurations.WrapperConfig - Wkhtmltopdf command found in classpath: /usr/local/bin/wkhtmltopdf
19:48:21.609 [nettyCallPool-4-1] INFO com.github.jhonnymertz.wkhtmltopdf.wrapper.Pdf - Initialized with {xvfbConfig=null, wkhtmltopdfCommand='/usr/local/bin/wkhtmltopdf'}
19:48:21.611 [nettyCallPool-4-1] DEBUG com.github.jhonnymertz.wkhtmltopdf.wrapper.Pdf - [/usr/local/bin/wkhtmltopdf, /tmp/java-wkhtmltopdf-wrapper2305c80e-f70a-4c2c-9381-bf4ef8d998d96062720779802587682.html, -]
19:48:21.611 [nettyCallPool-4-1] DEBUG com.github.jhonnymertz.wkhtmltopdf.wrapper.Pdf - Generating pdf with: /usr/local/bin/wkhtmltopdf /tmp/java-wkhtmltopdf-wrapper2305c80e-f70a-4c2c-9381-bf4ef8d998d96062720779802587682.html -
19:48:21.812 [nettyCallPool-4-2] DEBUG com.github.jhonnymertz.wkhtmltopdf.wrapper.Pdf - Wkhtmltopdf output:
Loading pages (1/6)
[>                                                           ] 0%[======>                                                     ] 10%[==============================>                             ] 50%[============================================================] 100%Counting pages (2/6)                                               
[============================================================] Object 1 of 1Resolving links (4/6)                                                       
[============================================================] Object 1 of 1Loading headers and footers (5/6)                                           
Printing pages (6/6)
[>                                                           ] Preparing[============================================================] Page 1 of 1Done                                                                      

19:48:21.812 [nettyCallPool-4-2] INFO com.github.jhonnymertz.wkhtmltopdf.wrapper.Pdf - PDF successfully generated with: /usr/local/bin/wkhtmltopdf /tmp/java-wkhtmltopdf-wrapperf73c127c-96d7-4fdc-91f7-037cddd726e3727114329418775110.html -
19:48:21.812 [nettyCallPool-4-2] DEBUG com.github.jhonnymertz.wkhtmltopdf.wrapper.Pdf - Shutting down executor for wkhtmltopdf.
19:48:21.812 [nettyCallPool-4-2] DEBUG com.github.jhonnymertz.wkhtmltopdf.wrapper.Pdf - Cleaning up temporary files...
19:48:21.812 [nettyCallPool-4-2] DEBUG com.github.jhonnymertz.wkhtmltopdf.wrapper.Pdf - Delete temp file at: /tmp/java-wkhtmltopdf-wrapperf73c127c-96d7-4fdc-91f7-037cddd726e3727114329418775110.html true
19:48:21.812 [nettyCallPool-4-2] INFO com.github.jhonnymertz.wkhtmltopdf.wrapper.Pdf - PDF successfully saved in /home/andrey/WAB3_cache/a170b6d2-ea7f-4113-9221-3bbc1c233ca2/kudir_header.pdf
19:48:21.812 [nettyCallPool-4-2] DEBUG com.github.jhonnymertz.wkhtmltopdf.wrapper.configurations.WrapperConfig - Initialized with default configurations.
19:48:21.825 [nettyCallPool-4-2] DEBUG com.github.jhonnymertz.wkhtmltopdf.wrapper.configurations.WrapperConfig - Wkhtmltopdf command found in classpath: /usr/local/bin/wkhtmltopdf
19:48:21.826 [nettyCallPool-4-2] INFO com.github.jhonnymertz.wkhtmltopdf.wrapper.Pdf - Initialized with {xvfbConfig=null, wkhtmltopdfCommand='/usr/local/bin/wkhtmltopdf'}
19:48:21.829 [nettyCallPool-4-2] DEBUG com.github.jhonnymertz.wkhtmltopdf.wrapper.Pdf - [/usr/local/bin/wkhtmltopdf, /tmp/java-wkhtmltopdf-wrapper05d681f7-04aa-45f5-b44c-6be61aa696924197412784050958821.html, -]
19:48:21.830 [nettyCallPool-4-2] DEBUG com.github.jhonnymertz.wkhtmltopdf.wrapper.Pdf - Generating pdf with: /usr/local/bin/wkhtmltopdf /tmp/java-wkhtmltopdf-wrapper05d681f7-04aa-45f5-b44c-6be61aa696924197412784050958821.html -
19:48:22.232 [nettyCallPool-4-1] DEBUG com.github.jhonnymertz.wkhtmltopdf.wrapper.Pdf - Wkhtmltopdf output:
Loading pages (1/6)
[>                                                           ] 0%[======>                                                     ] 10%[==============================>                             ] 50%[============================================================] 100%Counting pages (2/6)                                               
[============================================================] Object 1 of 1Resolving links (4/6)                                                       
[============================================================] Object 1 of 1Loading headers and footers (5/6)                                           
Printing pages (6/6)
[>                                                           ] Preparing[===============>                                            ] Page 1 of 4[==============================>                             ] Page 2 of 4[=============================================>              ] Page 3 of 4[============================================================] Page 4 of 4Done                                                                      

19:48:22.233 [nettyCallPool-4-1] INFO com.github.jhonnymertz.wkhtmltopdf.wrapper.Pdf - PDF successfully generated with: /usr/local/bin/wkhtmltopdf /tmp/java-wkhtmltopdf-wrapper2305c80e-f70a-4c2c-9381-bf4ef8d998d96062720779802587682.html -
19:48:22.234 [nettyCallPool-4-1] DEBUG com.github.jhonnymertz.wkhtmltopdf.wrapper.Pdf - Shutting down executor for wkhtmltopdf.
19:48:22.235 [nettyCallPool-4-1] DEBUG com.github.jhonnymertz.wkhtmltopdf.wrapper.Pdf - Cleaning up temporary files...
19:48:22.236 [nettyCallPool-4-1] DEBUG com.github.jhonnymertz.wkhtmltopdf.wrapper.Pdf - Delete temp file at: /tmp/java-wkhtmltopdf-wrapper2305c80e-f70a-4c2c-9381-bf4ef8d998d96062720779802587682.html true
19:48:22.237 [nettyCallPool-4-1] INFO com.github.jhonnymertz.wkhtmltopdf.wrapper.Pdf - PDF successfully saved in /home/andrey/WAB3_cache/f2d0af6f-b1b9-483a-942e-91a614b80e42/kudir_incomes.pdf
19:48:22.237 [nettyCallPool-4-1] DEBUG com.github.jhonnymertz.wkhtmltopdf.wrapper.configurations.WrapperConfig - Initialized with default configurations.
19:48:22.240 [nettyCallPool-4-1] DEBUG com.github.jhonnymertz.wkhtmltopdf.wrapper.configurations.WrapperConfig - Wkhtmltopdf command found in classpath: /usr/local/bin/wkhtmltopdf
19:48:22.240 [nettyCallPool-4-1] INFO com.github.jhonnymertz.wkhtmltopdf.wrapper.Pdf - Initialized with {xvfbConfig=null, wkhtmltopdfCommand='/usr/local/bin/wkhtmltopdf'}
19:48:22.243 [nettyCallPool-4-1] DEBUG com.github.jhonnymertz.wkhtmltopdf.wrapper.Pdf - [/usr/local/bin/wkhtmltopdf, -O , landscape, /tmp/java-wkhtmltopdf-wrapperf02b4050-1dd8-481e-998c-2fa2cdcd62fd5865193536510988722.html, -]
19:48:22.243 [nettyCallPool-4-1] DEBUG com.github.jhonnymertz.wkhtmltopdf.wrapper.Pdf - Generating pdf with: /usr/local/bin/wkhtmltopdf -O  landscape /tmp/java-wkhtmltopdf-wrapperf02b4050-1dd8-481e-998c-2fa2cdcd62fd5865193536510988722.html -
19:48:22.293 [nettyCallPool-4-2] DEBUG com.github.jhonnymertz.wkhtmltopdf.wrapper.Pdf - Wkhtmltopdf output:
Loading pages (1/6)
[>                                                           ] 0%[======>                                                     ] 10%[==============================>                             ] 50%[============================================================] 100%Counting pages (2/6)                                               
[============================================================] Object 1 of 1Resolving links (4/6)                                                       
[============================================================] Object 1 of 1Loading headers and footers (5/6)                                           
Printing pages (6/6)
[>                                                           ] Preparing[===============>                                            ] Page 1 of 4[==============================>                             ] Page 2 of 4[=============================================>              ] Page 3 of 4[============================================================] Page 4 of 4Done                                                                      

19:48:22.294 [nettyCallPool-4-2] INFO com.github.jhonnymertz.wkhtmltopdf.wrapper.Pdf - PDF successfully generated with: /usr/local/bin/wkhtmltopdf /tmp/java-wkhtmltopdf-wrapper05d681f7-04aa-45f5-b44c-6be61aa696924197412784050958821.html -
19:48:22.294 [nettyCallPool-4-2] DEBUG com.github.jhonnymertz.wkhtmltopdf.wrapper.Pdf - Shutting down executor for wkhtmltopdf.
19:48:22.295 [nettyCallPool-4-2] DEBUG com.github.jhonnymertz.wkhtmltopdf.wrapper.Pdf - Cleaning up temporary files...
19:48:22.296 [nettyCallPool-4-2] DEBUG com.github.jhonnymertz.wkhtmltopdf.wrapper.Pdf - Delete temp file at: /tmp/java-wkhtmltopdf-wrapper05d681f7-04aa-45f5-b44c-6be61aa696924197412784050958821.html true
19:48:22.296 [nettyCallPool-4-2] INFO com.github.jhonnymertz.wkhtmltopdf.wrapper.Pdf - PDF successfully saved in /home/andrey/WAB3_cache/a170b6d2-ea7f-4113-9221-3bbc1c233ca2/kudir_incomes.pdf
19:48:22.297 [nettyCallPool-4-2] DEBUG com.github.jhonnymertz.wkhtmltopdf.wrapper.configurations.WrapperConfig - Initialized with default configurations.
19:48:22.303 [nettyCallPool-4-2] DEBUG com.github.jhonnymertz.wkhtmltopdf.wrapper.configurations.WrapperConfig - Wkhtmltopdf command found in classpath: /usr/local/bin/wkhtmltopdf
19:48:22.303 [nettyCallPool-4-2] INFO com.github.jhonnymertz.wkhtmltopdf.wrapper.Pdf - Initialized with {xvfbConfig=null, wkhtmltopdfCommand='/usr/local/bin/wkhtmltopdf'}
19:48:22.304 [nettyCallPool-4-2] DEBUG com.github.jhonnymertz.wkhtmltopdf.wrapper.Pdf - [/usr/local/bin/wkhtmltopdf, -O , landscape, /tmp/java-wkhtmltopdf-wrapperb6cc9ade-91ae-42d4-98bc-7a982e53d48c3137970182862790879.html, -]
19:48:22.304 [nettyCallPool-4-2] DEBUG com.github.jhonnymertz.wkhtmltopdf.wrapper.Pdf - Generating pdf with: /usr/local/bin/wkhtmltopdf -O  landscape /tmp/java-wkhtmltopdf-wrapperb6cc9ade-91ae-42d4-98bc-7a982e53d48c3137970182862790879.html -
19:48:22.625 [nettyCallPool-4-1] DEBUG com.github.jhonnymertz.wkhtmltopdf.wrapper.Pdf - Wkhtmltopdf output:
Loading pages (1/6)
[>                                                           ] 0%[======>                                                     ] 10%[==============================>                             ] 50%[============================================================] 100%Counting pages (2/6)                                               
[============================================================] Object 1 of 1Resolving links (4/6)                                                       
[============================================================] Object 1 of 1Loading headers and footers (5/6)                                           
Printing pages (6/6)
[>                                                           ] Preparing[============================================================] Page 1 of 1Done                                                                      

19:48:22.625 [nettyCallPool-4-1] INFO com.github.jhonnymertz.wkhtmltopdf.wrapper.Pdf - PDF successfully generated with: /usr/local/bin/wkhtmltopdf -O  landscape /tmp/java-wkhtmltopdf-wrapperf02b4050-1dd8-481e-998c-2fa2cdcd62fd5865193536510988722.html -
19:48:22.625 [nettyCallPool-4-1] DEBUG com.github.jhonnymertz.wkhtmltopdf.wrapper.Pdf - Shutting down executor for wkhtmltopdf.
19:48:22.625 [nettyCallPool-4-1] DEBUG com.github.jhonnymertz.wkhtmltopdf.wrapper.Pdf - Cleaning up temporary files...
19:48:22.626 [nettyCallPool-4-1] DEBUG com.github.jhonnymertz.wkhtmltopdf.wrapper.Pdf - Delete temp file at: /tmp/java-wkhtmltopdf-wrapperf02b4050-1dd8-481e-998c-2fa2cdcd62fd5865193536510988722.html true
19:48:22.626 [nettyCallPool-4-1] INFO com.github.jhonnymertz.wkhtmltopdf.wrapper.Pdf - PDF successfully saved in /home/andrey/WAB3_cache/f2d0af6f-b1b9-483a-942e-91a614b80e42/kudir_spendings.pdf
19:48:22.672 [nettyCallPool-4-2] DEBUG com.github.jhonnymertz.wkhtmltopdf.wrapper.Pdf - Wkhtmltopdf output:
Loading pages (1/6)
[>                                                           ] 0%[======>                                                     ] 10%[==============================>                             ] 50%[============================================================] 100%Counting pages (2/6)                                               
[============================================================] Object 1 of 1Resolving links (4/6)                                                       
[============================================================] Object 1 of 1Loading headers and footers (5/6)                                           
Printing pages (6/6)
[>                                                           ] Preparing[============================================================] Page 1 of 1Done                                                                      

19:48:22.673 [nettyCallPool-4-2] INFO com.github.jhonnymertz.wkhtmltopdf.wrapper.Pdf - PDF successfully generated with: /usr/local/bin/wkhtmltopdf -O  landscape /tmp/java-wkhtmltopdf-wrapperb6cc9ade-91ae-42d4-98bc-7a982e53d48c3137970182862790879.html -
19:48:22.674 [nettyCallPool-4-2] DEBUG com.github.jhonnymertz.wkhtmltopdf.wrapper.Pdf - Shutting down executor for wkhtmltopdf.
19:48:22.675 [nettyCallPool-4-2] DEBUG com.github.jhonnymertz.wkhtmltopdf.wrapper.Pdf - Cleaning up temporary files...
19:48:22.676 [nettyCallPool-4-2] DEBUG com.github.jhonnymertz.wkhtmltopdf.wrapper.Pdf - Delete temp file at: /tmp/java-wkhtmltopdf-wrapperb6cc9ade-91ae-42d4-98bc-7a982e53d48c3137970182862790879.html true
19:48:22.677 [nettyCallPool-4-2] INFO com.github.jhonnymertz.wkhtmltopdf.wrapper.Pdf - PDF successfully saved in /home/andrey/WAB3_cache/a170b6d2-ea7f-4113-9221-3bbc1c233ca2/kudir_spendings.pdf
19:48:24.826 [nettyCallPool-4-1] DEBUG com.github.jhonnymertz.wkhtmltopdf.wrapper.configurations.WrapperConfig - Initialized with default configurations.
19:48:24.837 [nettyCallPool-4-1] DEBUG com.github.jhonnymertz.wkhtmltopdf.wrapper.configurations.WrapperConfig - Wkhtmltopdf command found in classpath: /usr/local/bin/wkhtmltopdf
19:48:24.837 [nettyCallPool-4-1] INFO com.github.jhonnymertz.wkhtmltopdf.wrapper.Pdf - Initialized with {xvfbConfig=null, wkhtmltopdfCommand='/usr/local/bin/wkhtmltopdf'}
19:48:24.838 [nettyCallPool-4-1] DEBUG com.github.jhonnymertz.wkhtmltopdf.wrapper.Pdf - [/usr/local/bin/wkhtmltopdf, /tmp/java-wkhtmltopdf-wrappere92b107b-e95c-4f3e-83c4-bf7d55f64c8e765326904613270721.html, -]
19:48:24.838 [nettyCallPool-4-1] DEBUG com.github.jhonnymertz.wkhtmltopdf.wrapper.Pdf - Generating pdf with: /usr/local/bin/wkhtmltopdf /tmp/java-wkhtmltopdf-wrappere92b107b-e95c-4f3e-83c4-bf7d55f64c8e765326904613270721.html -
19:48:24.874 [nettyCallPool-4-2] DEBUG com.github.jhonnymertz.wkhtmltopdf.wrapper.configurations.WrapperConfig - Initialized with default configurations.
19:48:24.884 [nettyCallPool-4-2] DEBUG com.github.jhonnymertz.wkhtmltopdf.wrapper.configurations.WrapperConfig - Wkhtmltopdf command found in classpath: /usr/local/bin/wkhtmltopdf
19:48:24.884 [nettyCallPool-4-2] INFO com.github.jhonnymertz.wkhtmltopdf.wrapper.Pdf - Initialized with {xvfbConfig=null, wkhtmltopdfCommand='/usr/local/bin/wkhtmltopdf'}
19:48:24.886 [nettyCallPool-4-2] DEBUG com.github.jhonnymertz.wkhtmltopdf.wrapper.Pdf - [/usr/local/bin/wkhtmltopdf, /tmp/java-wkhtmltopdf-wrapperafd83502-98a7-4436-8dc9-1166aa63fdbb5953985802037271584.html, -]
19:48:24.890 [nettyCallPool-4-2] DEBUG com.github.jhonnymertz.wkhtmltopdf.wrapper.Pdf - Generating pdf with: /usr/local/bin/wkhtmltopdf /tmp/java-wkhtmltopdf-wrapperafd83502-98a7-4436-8dc9-1166aa63fdbb5953985802037271584.html -
19:48:25.583 [nettyCallPool-4-2] DEBUG com.github.jhonnymertz.wkhtmltopdf.wrapper.Pdf - Wkhtmltopdf output:
Loading pages (1/6)
[>                                                           ] 0%[======>                                                     ] 10%[==============================>                             ] 50%[============================================================] 100%Counting pages (2/6)                                               
[============================================================] Object 1 of 1Resolving links (4/6)                                                       
[============================================================] Object 1 of 1Loading headers and footers (5/6)                                           
Printing pages (6/6)
[>                                                           ] Preparing[============================================================] Page 1 of 1Done                                                                      

19:48:25.584 [nettyCallPool-4-2] INFO com.github.jhonnymertz.wkhtmltopdf.wrapper.Pdf - PDF successfully generated with: /usr/local/bin/wkhtmltopdf /tmp/java-wkhtmltopdf-wrapperafd83502-98a7-4436-8dc9-1166aa63fdbb5953985802037271584.html -
19:48:25.584 [nettyCallPool-4-2] DEBUG com.github.jhonnymertz.wkhtmltopdf.wrapper.Pdf - Shutting down executor for wkhtmltopdf.
19:48:25.584 [nettyCallPool-4-2] DEBUG com.github.jhonnymertz.wkhtmltopdf.wrapper.Pdf - Cleaning up temporary files...
19:48:25.584 [nettyCallPool-4-2] DEBUG com.github.jhonnymertz.wkhtmltopdf.wrapper.Pdf - Delete temp file at: /tmp/java-wkhtmltopdf-wrapperafd83502-98a7-4436-8dc9-1166aa63fdbb5953985802037271584.html true
19:48:25.584 [nettyCallPool-4-2] INFO com.github.jhonnymertz.wkhtmltopdf.wrapper.Pdf - PDF successfully saved in /home/andrey/WAB3_cache/789e96a3-0b37-44cb-968f-cd30a3bfd950/kudir_header.pdf
19:48:25.584 [nettyCallPool-4-2] DEBUG com.github.jhonnymertz.wkhtmltopdf.wrapper.configurations.WrapperConfig - Initialized with default configurations.
19:48:25.587 [nettyCallPool-4-2] DEBUG com.github.jhonnymertz.wkhtmltopdf.wrapper.configurations.WrapperConfig - Wkhtmltopdf command found in classpath: /usr/local/bin/wkhtmltopdf
19:48:25.587 [nettyCallPool-4-2] INFO com.github.jhonnymertz.wkhtmltopdf.wrapper.Pdf - Initialized with {xvfbConfig=null, wkhtmltopdfCommand='/usr/local/bin/wkhtmltopdf'}
19:48:25.589 [nettyCallPool-4-2] DEBUG com.github.jhonnymertz.wkhtmltopdf.wrapper.Pdf - [/usr/local/bin/wkhtmltopdf, /tmp/java-wkhtmltopdf-wrapperdfa53ba6-c019-4896-8f87-40e8d253726f7905649319209092030.html, -]
19:48:25.589 [nettyCallPool-4-2] DEBUG com.github.jhonnymertz.wkhtmltopdf.wrapper.Pdf - Generating pdf with: /usr/local/bin/wkhtmltopdf /tmp/java-wkhtmltopdf-wrapperdfa53ba6-c019-4896-8f87-40e8d253726f7905649319209092030.html -
19:48:25.604 [nettyCallPool-4-1] DEBUG com.github.jhonnymertz.wkhtmltopdf.wrapper.Pdf - Wkhtmltopdf output:
Loading pages (1/6)
[>                                                           ] 0%[======>                                                     ] 10%[==============================>                             ] 50%[============================================================] 100%Counting pages (2/6)                                               
[============================================================] Object 1 of 1Resolving links (4/6)                                                       
[============================================================] Object 1 of 1Loading headers and footers (5/6)                                           
Printing pages (6/6)
[>                                                           ] Preparing[============================================================] Page 1 of 1Done                                                                      

19:48:25.604 [nettyCallPool-4-1] INFO com.github.jhonnymertz.wkhtmltopdf.wrapper.Pdf - PDF successfully generated with: /usr/local/bin/wkhtmltopdf /tmp/java-wkhtmltopdf-wrappere92b107b-e95c-4f3e-83c4-bf7d55f64c8e765326904613270721.html -
19:48:25.604 [nettyCallPool-4-1] DEBUG com.github.jhonnymertz.wkhtmltopdf.wrapper.Pdf - Shutting down executor for wkhtmltopdf.
19:48:25.604 [nettyCallPool-4-1] DEBUG com.github.jhonnymertz.wkhtmltopdf.wrapper.Pdf - Cleaning up temporary files...
19:48:25.605 [nettyCallPool-4-1] DEBUG com.github.jhonnymertz.wkhtmltopdf.wrapper.Pdf - Delete temp file at: /tmp/java-wkhtmltopdf-wrappere92b107b-e95c-4f3e-83c4-bf7d55f64c8e765326904613270721.html true
19:48:25.605 [nettyCallPool-4-1] INFO com.github.jhonnymertz.wkhtmltopdf.wrapper.Pdf - PDF successfully saved in /home/andrey/WAB3_cache/d33aa1ce-a706-4d45-b36e-3d69ecd5320a/kudir_header.pdf
19:48:25.605 [nettyCallPool-4-1] DEBUG com.github.jhonnymertz.wkhtmltopdf.wrapper.configurations.WrapperConfig - Initialized with default configurations.
19:48:25.615 [nettyCallPool-4-1] DEBUG com.github.jhonnymertz.wkhtmltopdf.wrapper.configurations.WrapperConfig - Wkhtmltopdf command found in classpath: /usr/local/bin/wkhtmltopdf
19:48:25.615 [nettyCallPool-4-1] INFO com.github.jhonnymertz.wkhtmltopdf.wrapper.Pdf - Initialized with {xvfbConfig=null, wkhtmltopdfCommand='/usr/local/bin/wkhtmltopdf'}
19:48:25.616 [nettyCallPool-4-1] DEBUG com.github.jhonnymertz.wkhtmltopdf.wrapper.Pdf - [/usr/local/bin/wkhtmltopdf, /tmp/java-wkhtmltopdf-wrapper15428817-bd5e-4cfc-b5df-04abac9094f9677740965063104981.html, -]
19:48:25.616 [nettyCallPool-4-1] DEBUG com.github.jhonnymertz.wkhtmltopdf.wrapper.Pdf - Generating pdf with: /usr/local/bin/wkhtmltopdf /tmp/java-wkhtmltopdf-wrapper15428817-bd5e-4cfc-b5df-04abac9094f9677740965063104981.html -
19:48:25.979 [nettyCallPool-4-2] DEBUG com.github.jhonnymertz.wkhtmltopdf.wrapper.Pdf - Wkhtmltopdf output:
Loading pages (1/6)
[>                                                           ] 0%[======>                                                     ] 10%[==============================>                             ] 50%[============================================================] 100%Counting pages (2/6)                                               
[============================================================] Object 1 of 1Resolving links (4/6)                                                       
[============================================================] Object 1 of 1Loading headers and footers (5/6)                                           
Printing pages (6/6)
[>                                                           ] Preparing[===============>                                            ] Page 1 of 4[==============================>                             ] Page 2 of 4[=============================================>              ] Page 3 of 4[============================================================] Page 4 of 4Done                                                                      

19:48:25.980 [nettyCallPool-4-2] INFO com.github.jhonnymertz.wkhtmltopdf.wrapper.Pdf - PDF successfully generated with: /usr/local/bin/wkhtmltopdf /tmp/java-wkhtmltopdf-wrapperdfa53ba6-c019-4896-8f87-40e8d253726f7905649319209092030.html -
19:48:25.981 [nettyCallPool-4-2] DEBUG com.github.jhonnymertz.wkhtmltopdf.wrapper.Pdf - Shutting down executor for wkhtmltopdf.
19:48:25.981 [nettyCallPool-4-2] DEBUG com.github.jhonnymertz.wkhtmltopdf.wrapper.Pdf - Cleaning up temporary files...
19:48:25.982 [nettyCallPool-4-2] DEBUG com.github.jhonnymertz.wkhtmltopdf.wrapper.Pdf - Delete temp file at: /tmp/java-wkhtmltopdf-wrapperdfa53ba6-c019-4896-8f87-40e8d253726f7905649319209092030.html true
19:48:25.983 [nettyCallPool-4-2] INFO com.github.jhonnymertz.wkhtmltopdf.wrapper.Pdf - PDF successfully saved in /home/andrey/WAB3_cache/789e96a3-0b37-44cb-968f-cd30a3bfd950/kudir_incomes.pdf
19:48:25.983 [nettyCallPool-4-2] DEBUG com.github.jhonnymertz.wkhtmltopdf.wrapper.configurations.WrapperConfig - Initialized with default configurations.
19:48:25.993 [nettyCallPool-4-2] DEBUG com.github.jhonnymertz.wkhtmltopdf.wrapper.configurations.WrapperConfig - Wkhtmltopdf command found in classpath: /usr/local/bin/wkhtmltopdf
19:48:25.993 [nettyCallPool-4-2] INFO com.github.jhonnymertz.wkhtmltopdf.wrapper.Pdf - Initialized with {xvfbConfig=null, wkhtmltopdfCommand='/usr/local/bin/wkhtmltopdf'}
19:48:25.995 [nettyCallPool-4-2] DEBUG com.github.jhonnymertz.wkhtmltopdf.wrapper.Pdf - [/usr/local/bin/wkhtmltopdf, -O , landscape, /tmp/java-wkhtmltopdf-wrapperba942958-9fce-468c-81aa-8affea583fb14448581142059643459.html, -]
19:48:25.996 [nettyCallPool-4-2] DEBUG com.github.jhonnymertz.wkhtmltopdf.wrapper.Pdf - Generating pdf with: /usr/local/bin/wkhtmltopdf -O  landscape /tmp/java-wkhtmltopdf-wrapperba942958-9fce-468c-81aa-8affea583fb14448581142059643459.html -
19:48:26.027 [nettyCallPool-4-1] DEBUG com.github.jhonnymertz.wkhtmltopdf.wrapper.Pdf - Wkhtmltopdf output:
Loading pages (1/6)
[>                                                           ] 0%[======>                                                     ] 10%[==============================>                             ] 50%[============================================================] 100%Counting pages (2/6)                                               
[============================================================] Object 1 of 1Resolving links (4/6)                                                       
[============================================================] Object 1 of 1Loading headers and footers (5/6)                                           
Printing pages (6/6)
[>                                                           ] Preparing[===============>                                            ] Page 1 of 4[==============================>                             ] Page 2 of 4[=============================================>              ] Page 3 of 4[============================================================] Page 4 of 4Done                                                                      

19:48:26.027 [nettyCallPool-4-1] INFO com.github.jhonnymertz.wkhtmltopdf.wrapper.Pdf - PDF successfully generated with: /usr/local/bin/wkhtmltopdf /tmp/java-wkhtmltopdf-wrapper15428817-bd5e-4cfc-b5df-04abac9094f9677740965063104981.html -
19:48:26.028 [nettyCallPool-4-1] DEBUG com.github.jhonnymertz.wkhtmltopdf.wrapper.Pdf - Shutting down executor for wkhtmltopdf.
19:48:26.030 [nettyCallPool-4-1] DEBUG com.github.jhonnymertz.wkhtmltopdf.wrapper.Pdf - Cleaning up temporary files...
19:48:26.031 [nettyCallPool-4-1] DEBUG com.github.jhonnymertz.wkhtmltopdf.wrapper.Pdf - Delete temp file at: /tmp/java-wkhtmltopdf-wrapper15428817-bd5e-4cfc-b5df-04abac9094f9677740965063104981.html true
19:48:26.031 [nettyCallPool-4-1] INFO com.github.jhonnymertz.wkhtmltopdf.wrapper.Pdf - PDF successfully saved in /home/andrey/WAB3_cache/d33aa1ce-a706-4d45-b36e-3d69ecd5320a/kudir_incomes.pdf
19:48:26.031 [nettyCallPool-4-1] DEBUG com.github.jhonnymertz.wkhtmltopdf.wrapper.configurations.WrapperConfig - Initialized with default configurations.
19:48:26.036 [nettyCallPool-4-1] DEBUG com.github.jhonnymertz.wkhtmltopdf.wrapper.configurations.WrapperConfig - Wkhtmltopdf command found in classpath: /usr/local/bin/wkhtmltopdf
19:48:26.036 [nettyCallPool-4-1] INFO com.github.jhonnymertz.wkhtmltopdf.wrapper.Pdf - Initialized with {xvfbConfig=null, wkhtmltopdfCommand='/usr/local/bin/wkhtmltopdf'}
19:48:26.038 [nettyCallPool-4-1] DEBUG com.github.jhonnymertz.wkhtmltopdf.wrapper.Pdf - [/usr/local/bin/wkhtmltopdf, -O , landscape, /tmp/java-wkhtmltopdf-wrapper6124751c-38c4-4e61-a548-b8775b299f448116767812528121676.html, -]
19:48:26.039 [nettyCallPool-4-1] DEBUG com.github.jhonnymertz.wkhtmltopdf.wrapper.Pdf - Generating pdf with: /usr/local/bin/wkhtmltopdf -O  landscape /tmp/java-wkhtmltopdf-wrapper6124751c-38c4-4e61-a548-b8775b299f448116767812528121676.html -
19:48:26.453 [nettyCallPool-4-2] DEBUG com.github.jhonnymertz.wkhtmltopdf.wrapper.Pdf - Wkhtmltopdf output:
Loading pages (1/6)
[>                                                           ] 0%[======>                                                     ] 10%[==============================>                             ] 50%[============================================================] 100%Counting pages (2/6)                                               
[============================================================] Object 1 of 1Resolving links (4/6)                                                       
[============================================================] Object 1 of 1Loading headers and footers (5/6)                                           
Printing pages (6/6)
[>                                                           ] Preparing[============================================================] Page 1 of 1Done                                                                      

19:48:26.453 [nettyCallPool-4-2] INFO com.github.jhonnymertz.wkhtmltopdf.wrapper.Pdf - PDF successfully generated with: /usr/local/bin/wkhtmltopdf -O  landscape /tmp/java-wkhtmltopdf-wrapperba942958-9fce-468c-81aa-8affea583fb14448581142059643459.html -
19:48:26.453 [nettyCallPool-4-2] DEBUG com.github.jhonnymertz.wkhtmltopdf.wrapper.Pdf - Shutting down executor for wkhtmltopdf.
19:48:26.455 [nettyCallPool-4-2] DEBUG com.github.jhonnymertz.wkhtmltopdf.wrapper.Pdf - Cleaning up temporary files...
19:48:26.456 [nettyCallPool-4-2] DEBUG com.github.jhonnymertz.wkhtmltopdf.wrapper.Pdf - Delete temp file at: /tmp/java-wkhtmltopdf-wrapperba942958-9fce-468c-81aa-8affea583fb14448581142059643459.html true
19:48:26.457 [nettyCallPool-4-2] INFO com.github.jhonnymertz.wkhtmltopdf.wrapper.Pdf - PDF successfully saved in /home/andrey/WAB3_cache/789e96a3-0b37-44cb-968f-cd30a3bfd950/kudir_spendings.pdf
19:48:26.472 [nettyCallPool-4-1] DEBUG com.github.jhonnymertz.wkhtmltopdf.wrapper.Pdf - Wkhtmltopdf output:
Loading pages (1/6)
[>                                                           ] 0%[======>                                                     ] 10%[==============================>                             ] 50%[============================================================] 100%Counting pages (2/6)                                               
[============================================================] Object 1 of 1Resolving links (4/6)                                                       
[============================================================] Object 1 of 1Loading headers and footers (5/6)                                           
Printing pages (6/6)
[>                                                           ] Preparing[============================================================] Page 1 of 1Done                                                                      

19:48:26.472 [nettyCallPool-4-1] INFO com.github.jhonnymertz.wkhtmltopdf.wrapper.Pdf - PDF successfully generated with: /usr/local/bin/wkhtmltopdf -O  landscape /tmp/java-wkhtmltopdf-wrapper6124751c-38c4-4e61-a548-b8775b299f448116767812528121676.html -
19:48:26.473 [nettyCallPool-4-1] DEBUG com.github.jhonnymertz.wkhtmltopdf.wrapper.Pdf - Shutting down executor for wkhtmltopdf.
19:48:26.474 [nettyCallPool-4-1] DEBUG com.github.jhonnymertz.wkhtmltopdf.wrapper.Pdf - Cleaning up temporary files...
19:48:26.474 [nettyCallPool-4-1] DEBUG com.github.jhonnymertz.wkhtmltopdf.wrapper.Pdf - Delete temp file at: /tmp/java-wkhtmltopdf-wrapper6124751c-38c4-4e61-a548-b8775b299f448116767812528121676.html true
19:48:26.474 [nettyCallPool-4-1] INFO com.github.jhonnymertz.wkhtmltopdf.wrapper.Pdf - PDF successfully saved in /home/andrey/WAB3_cache/d33aa1ce-a706-4d45-b36e-3d69ecd5320a/kudir_spendings.pdf
19:48:28.641 [nettyCallPool-4-1] DEBUG com.github.jhonnymertz.wkhtmltopdf.wrapper.configurations.WrapperConfig - Initialized with default configurations.
19:48:28.653 [nettyCallPool-4-1] DEBUG com.github.jhonnymertz.wkhtmltopdf.wrapper.configurations.WrapperConfig - Wkhtmltopdf command found in classpath: /usr/local/bin/wkhtmltopdf
19:48:28.653 [nettyCallPool-4-1] INFO com.github.jhonnymertz.wkhtmltopdf.wrapper.Pdf - Initialized with {xvfbConfig=null, wkhtmltopdfCommand='/usr/local/bin/wkhtmltopdf'}
19:48:28.654 [nettyCallPool-4-1] DEBUG com.github.jhonnymertz.wkhtmltopdf.wrapper.Pdf - [/usr/local/bin/wkhtmltopdf, /tmp/java-wkhtmltopdf-wrapper6cb35f9c-8151-4fed-896d-a52d9c7a7f606300465956185976016.html, -]
19:48:28.654 [nettyCallPool-4-1] DEBUG com.github.jhonnymertz.wkhtmltopdf.wrapper.Pdf - Generating pdf with: /usr/local/bin/wkhtmltopdf /tmp/java-wkhtmltopdf-wrapper6cb35f9c-8151-4fed-896d-a52d9c7a7f606300465956185976016.html -
19:48:28.713 [nettyCallPool-4-2] DEBUG com.github.jhonnymertz.wkhtmltopdf.wrapper.configurations.WrapperConfig - Initialized with default configurations.
19:48:28.720 [nettyCallPool-4-2] DEBUG com.github.jhonnymertz.wkhtmltopdf.wrapper.configurations.WrapperConfig - Wkhtmltopdf command found in classpath: /usr/local/bin/wkhtmltopdf
19:48:28.720 [nettyCallPool-4-2] INFO com.github.jhonnymertz.wkhtmltopdf.wrapper.Pdf - Initialized with {xvfbConfig=null, wkhtmltopdfCommand='/usr/local/bin/wkhtmltopdf'}
19:48:28.722 [nettyCallPool-4-2] DEBUG com.github.jhonnymertz.wkhtmltopdf.wrapper.Pdf - [/usr/local/bin/wkhtmltopdf, /tmp/java-wkhtmltopdf-wrapper2295652c-c459-4ad4-9989-5bf26dfb96e54113144746686946710.html, -]
19:48:28.722 [nettyCallPool-4-2] DEBUG com.github.jhonnymertz.wkhtmltopdf.wrapper.Pdf - Generating pdf with: /usr/local/bin/wkhtmltopdf /tmp/java-wkhtmltopdf-wrapper2295652c-c459-4ad4-9989-5bf26dfb96e54113144746686946710.html -
19:48:29.421 [nettyCallPool-4-1] DEBUG com.github.jhonnymertz.wkhtmltopdf.wrapper.Pdf - Wkhtmltopdf output:
Loading pages (1/6)
[>                                                           ] 0%[======>                                                     ] 10%[==============================>                             ] 50%[============================================================] 100%Counting pages (2/6)                                               
[============================================================] Object 1 of 1Resolving links (4/6)                                                       
[============================================================] Object 1 of 1Loading headers and footers (5/6)                                           
Printing pages (6/6)
[>                                                           ] Preparing[============================================================] Page 1 of 1Done                                                                      

19:48:29.422 [nettyCallPool-4-1] INFO com.github.jhonnymertz.wkhtmltopdf.wrapper.Pdf - PDF successfully generated with: /usr/local/bin/wkhtmltopdf /tmp/java-wkhtmltopdf-wrapper6cb35f9c-8151-4fed-896d-a52d9c7a7f606300465956185976016.html -
19:48:29.422 [nettyCallPool-4-1] DEBUG com.github.jhonnymertz.wkhtmltopdf.wrapper.Pdf - Shutting down executor for wkhtmltopdf.
19:48:29.423 [nettyCallPool-4-1] DEBUG com.github.jhonnymertz.wkhtmltopdf.wrapper.Pdf - Cleaning up temporary files...
19:48:29.424 [nettyCallPool-4-1] DEBUG com.github.jhonnymertz.wkhtmltopdf.wrapper.Pdf - Delete temp file at: /tmp/java-wkhtmltopdf-wrapper6cb35f9c-8151-4fed-896d-a52d9c7a7f606300465956185976016.html true
19:48:29.425 [nettyCallPool-4-1] INFO com.github.jhonnymertz.wkhtmltopdf.wrapper.Pdf - PDF successfully saved in /home/andrey/WAB3_cache/5b9abb05-ebba-467b-a573-51788c70ede1/kudir_header.pdf
19:48:29.425 [nettyCallPool-4-1] DEBUG com.github.jhonnymertz.wkhtmltopdf.wrapper.configurations.WrapperConfig - Initialized with default configurations.
19:48:29.428 [nettyCallPool-4-1] DEBUG com.github.jhonnymertz.wkhtmltopdf.wrapper.configurations.WrapperConfig - Wkhtmltopdf command found in classpath: /usr/local/bin/wkhtmltopdf
19:48:29.428 [nettyCallPool-4-1] INFO com.github.jhonnymertz.wkhtmltopdf.wrapper.Pdf - Initialized with {xvfbConfig=null, wkhtmltopdfCommand='/usr/local/bin/wkhtmltopdf'}
19:48:29.429 [nettyCallPool-4-1] DEBUG com.github.jhonnymertz.wkhtmltopdf.wrapper.Pdf - [/usr/local/bin/wkhtmltopdf, /tmp/java-wkhtmltopdf-wrappere0b5166e-7c68-4e60-b4f8-e65d015ec29f7372812567735463046.html, -]
19:48:29.430 [nettyCallPool-4-1] DEBUG com.github.jhonnymertz.wkhtmltopdf.wrapper.Pdf - Generating pdf with: /usr/local/bin/wkhtmltopdf /tmp/java-wkhtmltopdf-wrappere0b5166e-7c68-4e60-b4f8-e65d015ec29f7372812567735463046.html -
19:48:29.469 [nettyCallPool-4-2] DEBUG com.github.jhonnymertz.wkhtmltopdf.wrapper.Pdf - Wkhtmltopdf output:
Loading pages (1/6)
[>                                                           ] 0%[======>                                                     ] 10%[==============================>                             ] 50%[============================================================] 100%Counting pages (2/6)                                               
[============================================================] Object 1 of 1Resolving links (4/6)                                                       
[============================================================] Object 1 of 1Loading headers and footers (5/6)                                           
Printing pages (6/6)
[>                                                           ] Preparing[============================================================] Page 1 of 1Done                                                                      

19:48:29.470 [nettyCallPool-4-2] INFO com.github.jhonnymertz.wkhtmltopdf.wrapper.Pdf - PDF successfully generated with: /usr/local/bin/wkhtmltopdf /tmp/java-wkhtmltopdf-wrapper2295652c-c459-4ad4-9989-5bf26dfb96e54113144746686946710.html -
19:48:29.470 [nettyCallPool-4-2] DEBUG com.github.jhonnymertz.wkhtmltopdf.wrapper.Pdf - Shutting down executor for wkhtmltopdf.
19:48:29.470 [nettyCallPool-4-2] DEBUG com.github.jhonnymertz.wkhtmltopdf.wrapper.Pdf - Cleaning up temporary files...
19:48:29.470 [nettyCallPool-4-2] DEBUG com.github.jhonnymertz.wkhtmltopdf.wrapper.Pdf - Delete temp file at: /tmp/java-wkhtmltopdf-wrapper2295652c-c459-4ad4-9989-5bf26dfb96e54113144746686946710.html true
19:48:29.470 [nettyCallPool-4-2] INFO com.github.jhonnymertz.wkhtmltopdf.wrapper.Pdf - PDF successfully saved in /home/andrey/WAB3_cache/7a510816-8d19-458f-a55b-be3fc414ce90/kudir_header.pdf
19:48:29.470 [nettyCallPool-4-2] DEBUG com.github.jhonnymertz.wkhtmltopdf.wrapper.configurations.WrapperConfig - Initialized with default configurations.
19:48:29.476 [nettyCallPool-4-2] DEBUG com.github.jhonnymertz.wkhtmltopdf.wrapper.configurations.WrapperConfig - Wkhtmltopdf command found in classpath: /usr/local/bin/wkhtmltopdf
19:48:29.476 [nettyCallPool-4-2] INFO com.github.jhonnymertz.wkhtmltopdf.wrapper.Pdf - Initialized with {xvfbConfig=null, wkhtmltopdfCommand='/usr/local/bin/wkhtmltopdf'}
19:48:29.478 [nettyCallPool-4-2] DEBUG com.github.jhonnymertz.wkhtmltopdf.wrapper.Pdf - [/usr/local/bin/wkhtmltopdf, /tmp/java-wkhtmltopdf-wrapper9828bb5d-d41c-42a3-90c0-aeddf36335801775628941815552993.html, -]
19:48:29.478 [nettyCallPool-4-2] DEBUG com.github.jhonnymertz.wkhtmltopdf.wrapper.Pdf - Generating pdf with: /usr/local/bin/wkhtmltopdf /tmp/java-wkhtmltopdf-wrapper9828bb5d-d41c-42a3-90c0-aeddf36335801775628941815552993.html -
19:48:29.796 [nettyCallPool-4-1] DEBUG com.github.jhonnymertz.wkhtmltopdf.wrapper.Pdf - Wkhtmltopdf output:
Loading pages (1/6)
[>                                                           ] 0%[======>                                                     ] 10%[==============================>                             ] 50%[============================================================] 100%Counting pages (2/6)                                               
[============================================================] Object 1 of 1Resolving links (4/6)                                                       
[============================================================] Object 1 of 1Loading headers and footers (5/6)                                           
Printing pages (6/6)
[>                                                           ] Preparing[===============>                                            ] Page 1 of 4[==============================>                             ] Page 2 of 4[=============================================>              ] Page 3 of 4[============================================================] Page 4 of 4Done                                                                      

19:48:29.796 [nettyCallPool-4-1] INFO com.github.jhonnymertz.wkhtmltopdf.wrapper.Pdf - PDF successfully generated with: /usr/local/bin/wkhtmltopdf /tmp/java-wkhtmltopdf-wrappere0b5166e-7c68-4e60-b4f8-e65d015ec29f7372812567735463046.html -
19:48:29.797 [nettyCallPool-4-1] DEBUG com.github.jhonnymertz.wkhtmltopdf.wrapper.Pdf - Shutting down executor for wkhtmltopdf.
19:48:29.798 [nettyCallPool-4-1] DEBUG com.github.jhonnymertz.wkhtmltopdf.wrapper.Pdf - Cleaning up temporary files...
19:48:29.799 [nettyCallPool-4-1] DEBUG com.github.jhonnymertz.wkhtmltopdf.wrapper.Pdf - Delete temp file at: /tmp/java-wkhtmltopdf-wrappere0b5166e-7c68-4e60-b4f8-e65d015ec29f7372812567735463046.html true
19:48:29.799 [nettyCallPool-4-1] INFO com.github.jhonnymertz.wkhtmltopdf.wrapper.Pdf - PDF successfully saved in /home/andrey/WAB3_cache/5b9abb05-ebba-467b-a573-51788c70ede1/kudir_incomes.pdf
19:48:29.799 [nettyCallPool-4-1] DEBUG com.github.jhonnymertz.wkhtmltopdf.wrapper.configurations.WrapperConfig - Initialized with default configurations.
19:48:29.802 [nettyCallPool-4-1] DEBUG com.github.jhonnymertz.wkhtmltopdf.wrapper.configurations.WrapperConfig - Wkhtmltopdf command found in classpath: /usr/local/bin/wkhtmltopdf
19:48:29.802 [nettyCallPool-4-1] INFO com.github.jhonnymertz.wkhtmltopdf.wrapper.Pdf - Initialized with {xvfbConfig=null, wkhtmltopdfCommand='/usr/local/bin/wkhtmltopdf'}
19:48:29.804 [nettyCallPool-4-1] DEBUG com.github.jhonnymertz.wkhtmltopdf.wrapper.Pdf - [/usr/local/bin/wkhtmltopdf, -O , landscape, /tmp/java-wkhtmltopdf-wrapperea57818c-da90-4bd6-8260-e88053a29af9638236484006760095.html, -]
19:48:29.804 [nettyCallPool-4-1] DEBUG com.github.jhonnymertz.wkhtmltopdf.wrapper.Pdf - Generating pdf with: /usr/local/bin/wkhtmltopdf -O  landscape /tmp/java-wkhtmltopdf-wrapperea57818c-da90-4bd6-8260-e88053a29af9638236484006760095.html -
19:48:29.918 [nettyCallPool-4-2] DEBUG com.github.jhonnymertz.wkhtmltopdf.wrapper.Pdf - Wkhtmltopdf output:
Loading pages (1/6)
[>                                                           ] 0%[======>                                                     ] 10%[==============================>                             ] 50%[============================================================] 100%Counting pages (2/6)                                               
[============================================================] Object 1 of 1Resolving links (4/6)                                                       
[============================================================] Object 1 of 1Loading headers and footers (5/6)                                           
Printing pages (6/6)
[>                                                           ] Preparing[===============>                                            ] Page 1 of 4[==============================>                             ] Page 2 of 4[=============================================>              ] Page 3 of 4[============================================================] Page 4 of 4Done                                                                      

19:48:29.919 [nettyCallPool-4-2] INFO com.github.jhonnymertz.wkhtmltopdf.wrapper.Pdf - PDF successfully generated with: /usr/local/bin/wkhtmltopdf /tmp/java-wkhtmltopdf-wrapper9828bb5d-d41c-42a3-90c0-aeddf36335801775628941815552993.html -
19:48:29.919 [nettyCallPool-4-2] DEBUG com.github.jhonnymertz.wkhtmltopdf.wrapper.Pdf - Shutting down executor for wkhtmltopdf.
19:48:29.920 [nettyCallPool-4-2] DEBUG com.github.jhonnymertz.wkhtmltopdf.wrapper.Pdf - Cleaning up temporary files...
19:48:29.921 [nettyCallPool-4-2] DEBUG com.github.jhonnymertz.wkhtmltopdf.wrapper.Pdf - Delete temp file at: /tmp/java-wkhtmltopdf-wrapper9828bb5d-d41c-42a3-90c0-aeddf36335801775628941815552993.html true
19:48:29.922 [nettyCallPool-4-2] INFO com.github.jhonnymertz.wkhtmltopdf.wrapper.Pdf - PDF successfully saved in /home/andrey/WAB3_cache/7a510816-8d19-458f-a55b-be3fc414ce90/kudir_incomes.pdf
19:48:29.922 [nettyCallPool-4-2] DEBUG com.github.jhonnymertz.wkhtmltopdf.wrapper.configurations.WrapperConfig - Initialized with default configurations.
19:48:29.930 [nettyCallPool-4-2] DEBUG com.github.jhonnymertz.wkhtmltopdf.wrapper.configurations.WrapperConfig - Wkhtmltopdf command found in classpath: /usr/local/bin/wkhtmltopdf
19:48:29.931 [nettyCallPool-4-2] INFO com.github.jhonnymertz.wkhtmltopdf.wrapper.Pdf - Initialized with {xvfbConfig=null, wkhtmltopdfCommand='/usr/local/bin/wkhtmltopdf'}
19:48:29.933 [nettyCallPool-4-2] DEBUG com.github.jhonnymertz.wkhtmltopdf.wrapper.Pdf - [/usr/local/bin/wkhtmltopdf, -O , landscape, /tmp/java-wkhtmltopdf-wrapper0c4b45e0-112a-4e97-8f80-1edba59d6a548468749892253043430.html, -]
19:48:29.933 [nettyCallPool-4-2] DEBUG com.github.jhonnymertz.wkhtmltopdf.wrapper.Pdf - Generating pdf with: /usr/local/bin/wkhtmltopdf -O  landscape /tmp/java-wkhtmltopdf-wrapper0c4b45e0-112a-4e97-8f80-1edba59d6a548468749892253043430.html -
19:48:30.290 [nettyCallPool-4-1] DEBUG com.github.jhonnymertz.wkhtmltopdf.wrapper.Pdf - Wkhtmltopdf output:
Loading pages (1/6)
[>                                                           ] 0%[======>                                                     ] 10%[==============================>                             ] 50%[============================================================] 100%Counting pages (2/6)                                               
[============================================================] Object 1 of 1Resolving links (4/6)                                                       
[============================================================] Object 1 of 1Loading headers and footers (5/6)                                           
Printing pages (6/6)
[>                                                           ] Preparing[============================================================] Page 1 of 1Done                                                                      

19:48:30.291 [nettyCallPool-4-1] INFO com.github.jhonnymertz.wkhtmltopdf.wrapper.Pdf - PDF successfully generated with: /usr/local/bin/wkhtmltopdf -O  landscape /tmp/java-wkhtmltopdf-wrapperea57818c-da90-4bd6-8260-e88053a29af9638236484006760095.html -
19:48:30.292 [nettyCallPool-4-1] DEBUG com.github.jhonnymertz.wkhtmltopdf.wrapper.Pdf - Shutting down executor for wkhtmltopdf.
19:48:30.292 [nettyCallPool-4-1] DEBUG com.github.jhonnymertz.wkhtmltopdf.wrapper.Pdf - Cleaning up temporary files...
19:48:30.295 [nettyCallPool-4-1] DEBUG com.github.jhonnymertz.wkhtmltopdf.wrapper.Pdf - Delete temp file at: /tmp/java-wkhtmltopdf-wrapperea57818c-da90-4bd6-8260-e88053a29af9638236484006760095.html true
19:48:30.296 [nettyCallPool-4-1] INFO com.github.jhonnymertz.wkhtmltopdf.wrapper.Pdf - PDF successfully saved in /home/andrey/WAB3_cache/5b9abb05-ebba-467b-a573-51788c70ede1/kudir_spendings.pdf
19:48:30.372 [nettyCallPool-4-2] DEBUG com.github.jhonnymertz.wkhtmltopdf.wrapper.Pdf - Wkhtmltopdf output:
Loading pages (1/6)
[>                                                           ] 0%[======>                                                     ] 10%[==============================>                             ] 50%[============================================================] 100%Counting pages (2/6)                                               
[============================================================] Object 1 of 1Resolving links (4/6)                                                       
[============================================================] Object 1 of 1Loading headers and footers (5/6)                                           
Printing pages (6/6)
[>                                                           ] Preparing[============================================================] Page 1 of 1Done                                                                      

19:48:30.372 [nettyCallPool-4-2] INFO com.github.jhonnymertz.wkhtmltopdf.wrapper.Pdf - PDF successfully generated with: /usr/local/bin/wkhtmltopdf -O  landscape /tmp/java-wkhtmltopdf-wrapper0c4b45e0-112a-4e97-8f80-1edba59d6a548468749892253043430.html -
19:48:30.372 [nettyCallPool-4-2] DEBUG com.github.jhonnymertz.wkhtmltopdf.wrapper.Pdf - Shutting down executor for wkhtmltopdf.
19:48:30.373 [nettyCallPool-4-2] DEBUG com.github.jhonnymertz.wkhtmltopdf.wrapper.Pdf - Cleaning up temporary files...
19:48:30.375 [nettyCallPool-4-2] DEBUG com.github.jhonnymertz.wkhtmltopdf.wrapper.Pdf - Delete temp file at: /tmp/java-wkhtmltopdf-wrapper0c4b45e0-112a-4e97-8f80-1edba59d6a548468749892253043430.html true
19:48:30.376 [nettyCallPool-4-2] INFO com.github.jhonnymertz.wkhtmltopdf.wrapper.Pdf - PDF successfully saved in /home/andrey/WAB3_cache/7a510816-8d19-458f-a55b-be3fc414ce90/kudir_spendings.pdf
19:48:32.387 [nettyCallPool-4-1] DEBUG com.github.jhonnymertz.wkhtmltopdf.wrapper.configurations.WrapperConfig - Initialized with default configurations.
19:48:32.407 [nettyCallPool-4-1] DEBUG com.github.jhonnymertz.wkhtmltopdf.wrapper.configurations.WrapperConfig - Wkhtmltopdf command found in classpath: /usr/local/bin/wkhtmltopdf
19:48:32.407 [nettyCallPool-4-1] INFO com.github.jhonnymertz.wkhtmltopdf.wrapper.Pdf - Initialized with {xvfbConfig=null, wkhtmltopdfCommand='/usr/local/bin/wkhtmltopdf'}
19:48:32.408 [nettyCallPool-4-1] DEBUG com.github.jhonnymertz.wkhtmltopdf.wrapper.Pdf - [/usr/local/bin/wkhtmltopdf, /tmp/java-wkhtmltopdf-wrapper7fef9ab0-6163-4bf8-97fa-a4e134d4ca454804335353567192052.html, -]
19:48:32.408 [nettyCallPool-4-1] DEBUG com.github.jhonnymertz.wkhtmltopdf.wrapper.Pdf - Generating pdf with: /usr/local/bin/wkhtmltopdf /tmp/java-wkhtmltopdf-wrapper7fef9ab0-6163-4bf8-97fa-a4e134d4ca454804335353567192052.html -
19:48:32.507 [nettyCallPool-4-2] DEBUG com.github.jhonnymertz.wkhtmltopdf.wrapper.configurations.WrapperConfig - Initialized with default configurations.
19:48:32.525 [nettyCallPool-4-2] DEBUG com.github.jhonnymertz.wkhtmltopdf.wrapper.configurations.WrapperConfig - Wkhtmltopdf command found in classpath: /usr/local/bin/wkhtmltopdf
19:48:32.525 [nettyCallPool-4-2] INFO com.github.jhonnymertz.wkhtmltopdf.wrapper.Pdf - Initialized with {xvfbConfig=null, wkhtmltopdfCommand='/usr/local/bin/wkhtmltopdf'}
19:48:32.526 [nettyCallPool-4-2] DEBUG com.github.jhonnymertz.wkhtmltopdf.wrapper.Pdf - [/usr/local/bin/wkhtmltopdf, /tmp/java-wkhtmltopdf-wrapperda3b0165-6d3d-4026-bb99-0cc44a514cc56883497498102697727.html, -]
19:48:32.526 [nettyCallPool-4-2] DEBUG com.github.jhonnymertz.wkhtmltopdf.wrapper.Pdf - Generating pdf with: /usr/local/bin/wkhtmltopdf /tmp/java-wkhtmltopdf-wrapperda3b0165-6d3d-4026-bb99-0cc44a514cc56883497498102697727.html -
19:48:33.125 [nettyCallPool-4-2] DEBUG com.github.jhonnymertz.wkhtmltopdf.wrapper.Pdf - Wkhtmltopdf output:
Loading pages (1/6)
[>                                                           ] 0%[======>                                                     ] 10%[==============================>                             ] 50%[============================================================] 100%Counting pages (2/6)                                               
[============================================================] Object 1 of 1Resolving links (4/6)                                                       
[============================================================] Object 1 of 1Loading headers and footers (5/6)                                           
Printing pages (6/6)
[>                                                           ] Preparing[============================================================] Page 1 of 1Done                                                                      

19:48:33.125 [nettyCallPool-4-2] INFO com.github.jhonnymertz.wkhtmltopdf.wrapper.Pdf - PDF successfully generated with: /usr/local/bin/wkhtmltopdf /tmp/java-wkhtmltopdf-wrapperda3b0165-6d3d-4026-bb99-0cc44a514cc56883497498102697727.html -
19:48:33.126 [nettyCallPool-4-2] DEBUG com.github.jhonnymertz.wkhtmltopdf.wrapper.Pdf - Shutting down executor for wkhtmltopdf.
19:48:33.126 [nettyCallPool-4-2] DEBUG com.github.jhonnymertz.wkhtmltopdf.wrapper.Pdf - Cleaning up temporary files...
19:48:33.127 [nettyCallPool-4-2] DEBUG com.github.jhonnymertz.wkhtmltopdf.wrapper.Pdf - Delete temp file at: /tmp/java-wkhtmltopdf-wrapperda3b0165-6d3d-4026-bb99-0cc44a514cc56883497498102697727.html true
19:48:33.127 [nettyCallPool-4-2] INFO com.github.jhonnymertz.wkhtmltopdf.wrapper.Pdf - PDF successfully saved in /home/andrey/WAB3_cache/4de1cf52-4fed-4794-afaf-b17618967555/kudir_header.pdf
19:48:33.127 [nettyCallPool-4-2] DEBUG com.github.jhonnymertz.wkhtmltopdf.wrapper.configurations.WrapperConfig - Initialized with default configurations.
19:48:33.141 [nettyCallPool-4-2] DEBUG com.github.jhonnymertz.wkhtmltopdf.wrapper.configurations.WrapperConfig - Wkhtmltopdf command found in classpath: /usr/local/bin/wkhtmltopdf
19:48:33.141 [nettyCallPool-4-2] INFO com.github.jhonnymertz.wkhtmltopdf.wrapper.Pdf - Initialized with {xvfbConfig=null, wkhtmltopdfCommand='/usr/local/bin/wkhtmltopdf'}
19:48:33.142 [nettyCallPool-4-2] DEBUG com.github.jhonnymertz.wkhtmltopdf.wrapper.Pdf - [/usr/local/bin/wkhtmltopdf, /tmp/java-wkhtmltopdf-wrapperc48ac92b-3469-4664-8780-6c18d05d926f1681196327763754258.html, -]
19:48:33.142 [nettyCallPool-4-2] DEBUG com.github.jhonnymertz.wkhtmltopdf.wrapper.Pdf - Generating pdf with: /usr/local/bin/wkhtmltopdf /tmp/java-wkhtmltopdf-wrapperc48ac92b-3469-4664-8780-6c18d05d926f1681196327763754258.html -
19:48:33.147 [nettyCallPool-4-1] DEBUG com.github.jhonnymertz.wkhtmltopdf.wrapper.Pdf - Wkhtmltopdf output:
Loading pages (1/6)
[>                                                           ] 0%[======>                                                     ] 10%[==============================>                             ] 50%[============================================================] 100%Counting pages (2/6)                                               
[============================================================] Object 1 of 1Resolving links (4/6)                                                       
[============================================================] Object 1 of 1Loading headers and footers (5/6)                                           
Printing pages (6/6)
[>                                                           ] Preparing[============================================================] Page 1 of 1Done                                                                      

19:48:33.147 [nettyCallPool-4-1] INFO com.github.jhonnymertz.wkhtmltopdf.wrapper.Pdf - PDF successfully generated with: /usr/local/bin/wkhtmltopdf /tmp/java-wkhtmltopdf-wrapper7fef9ab0-6163-4bf8-97fa-a4e134d4ca454804335353567192052.html -
19:48:33.148 [nettyCallPool-4-1] DEBUG com.github.jhonnymertz.wkhtmltopdf.wrapper.Pdf - Shutting down executor for wkhtmltopdf.
19:48:33.148 [nettyCallPool-4-1] DEBUG com.github.jhonnymertz.wkhtmltopdf.wrapper.Pdf - Cleaning up temporary files...
19:48:33.150 [nettyCallPool-4-1] DEBUG com.github.jhonnymertz.wkhtmltopdf.wrapper.Pdf - Delete temp file at: /tmp/java-wkhtmltopdf-wrapper7fef9ab0-6163-4bf8-97fa-a4e134d4ca454804335353567192052.html true
19:48:33.150 [nettyCallPool-4-1] INFO com.github.jhonnymertz.wkhtmltopdf.wrapper.Pdf - PDF successfully saved in /home/andrey/WAB3_cache/36b0b73f-1066-4dc8-b6c9-542c4a76bce6/kudir_header.pdf
19:48:33.150 [nettyCallPool-4-1] DEBUG com.github.jhonnymertz.wkhtmltopdf.wrapper.configurations.WrapperConfig - Initialized with default configurations.
19:48:33.163 [nettyCallPool-4-1] DEBUG com.github.jhonnymertz.wkhtmltopdf.wrapper.configurations.WrapperConfig - Wkhtmltopdf command found in classpath: /usr/local/bin/wkhtmltopdf
19:48:33.163 [nettyCallPool-4-1] INFO com.github.jhonnymertz.wkhtmltopdf.wrapper.Pdf - Initialized with {xvfbConfig=null, wkhtmltopdfCommand='/usr/local/bin/wkhtmltopdf'}
19:48:33.165 [nettyCallPool-4-1] DEBUG com.github.jhonnymertz.wkhtmltopdf.wrapper.Pdf - [/usr/local/bin/wkhtmltopdf, /tmp/java-wkhtmltopdf-wrapper0d25a2f8-2bd2-4bfd-8602-92b543dbb9ec6474039768787519274.html, -]
19:48:33.165 [nettyCallPool-4-1] DEBUG com.github.jhonnymertz.wkhtmltopdf.wrapper.Pdf - Generating pdf with: /usr/local/bin/wkhtmltopdf /tmp/java-wkhtmltopdf-wrapper0d25a2f8-2bd2-4bfd-8602-92b543dbb9ec6474039768787519274.html -
19:48:33.583 [nettyCallPool-4-2] DEBUG com.github.jhonnymertz.wkhtmltopdf.wrapper.Pdf - Wkhtmltopdf output:
Loading pages (1/6)
[>                                                           ] 0%[======>                                                     ] 10%[==============================>                             ] 50%[============================================================] 100%Counting pages (2/6)                                               
[============================================================] Object 1 of 1Resolving links (4/6)                                                       
[============================================================] Object 1 of 1Loading headers and footers (5/6)                                           
Printing pages (6/6)
[>                                                           ] Preparing[===============>                                            ] Page 1 of 4[==============================>                             ] Page 2 of 4[=============================================>              ] Page 3 of 4[============================================================] Page 4 of 4Done                                                                      

19:48:33.583 [nettyCallPool-4-2] INFO com.github.jhonnymertz.wkhtmltopdf.wrapper.Pdf - PDF successfully generated with: /usr/local/bin/wkhtmltopdf /tmp/java-wkhtmltopdf-wrapperc48ac92b-3469-4664-8780-6c18d05d926f1681196327763754258.html -
19:48:33.583 [nettyCallPool-4-2] DEBUG com.github.jhonnymertz.wkhtmltopdf.wrapper.Pdf - Shutting down executor for wkhtmltopdf.
19:48:33.584 [nettyCallPool-4-2] DEBUG com.github.jhonnymertz.wkhtmltopdf.wrapper.Pdf - Cleaning up temporary files...
19:48:33.585 [nettyCallPool-4-2] DEBUG com.github.jhonnymertz.wkhtmltopdf.wrapper.Pdf - Delete temp file at: /tmp/java-wkhtmltopdf-wrapperc48ac92b-3469-4664-8780-6c18d05d926f1681196327763754258.html true
19:48:33.585 [nettyCallPool-4-2] INFO com.github.jhonnymertz.wkhtmltopdf.wrapper.Pdf - PDF successfully saved in /home/andrey/WAB3_cache/4de1cf52-4fed-4794-afaf-b17618967555/kudir_incomes.pdf
19:48:33.585 [nettyCallPool-4-2] DEBUG com.github.jhonnymertz.wkhtmltopdf.wrapper.configurations.WrapperConfig - Initialized with default configurations.
19:48:33.594 [nettyCallPool-4-2] DEBUG com.github.jhonnymertz.wkhtmltopdf.wrapper.configurations.WrapperConfig - Wkhtmltopdf command found in classpath: /usr/local/bin/wkhtmltopdf
19:48:33.594 [nettyCallPool-4-2] INFO com.github.jhonnymertz.wkhtmltopdf.wrapper.Pdf - Initialized with {xvfbConfig=null, wkhtmltopdfCommand='/usr/local/bin/wkhtmltopdf'}
19:48:33.596 [nettyCallPool-4-2] DEBUG com.github.jhonnymertz.wkhtmltopdf.wrapper.Pdf - [/usr/local/bin/wkhtmltopdf, -O , landscape, /tmp/java-wkhtmltopdf-wrapper6d6954fd-6fbd-4213-b307-81a6e5efc5009162360473156973644.html, -]
19:48:33.596 [nettyCallPool-4-2] DEBUG com.github.jhonnymertz.wkhtmltopdf.wrapper.Pdf - Generating pdf with: /usr/local/bin/wkhtmltopdf -O  landscape /tmp/java-wkhtmltopdf-wrapper6d6954fd-6fbd-4213-b307-81a6e5efc5009162360473156973644.html -
19:48:33.606 [nettyCallPool-4-1] DEBUG com.github.jhonnymertz.wkhtmltopdf.wrapper.Pdf - Wkhtmltopdf output:
Loading pages (1/6)
[>                                                           ] 0%[======>                                                     ] 10%[==============================>                             ] 50%[============================================================] 100%Counting pages (2/6)                                               
[============================================================] Object 1 of 1Resolving links (4/6)                                                       
[============================================================] Object 1 of 1Loading headers and footers (5/6)                                           
Printing pages (6/6)
[>                                                           ] Preparing[===============>                                            ] Page 1 of 4[==============================>                             ] Page 2 of 4[=============================================>              ] Page 3 of 4[============================================================] Page 4 of 4Done                                                                      

19:48:33.606 [nettyCallPool-4-1] INFO com.github.jhonnymertz.wkhtmltopdf.wrapper.Pdf - PDF successfully generated with: /usr/local/bin/wkhtmltopdf /tmp/java-wkhtmltopdf-wrapper0d25a2f8-2bd2-4bfd-8602-92b543dbb9ec6474039768787519274.html -
19:48:33.607 [nettyCallPool-4-1] DEBUG com.github.jhonnymertz.wkhtmltopdf.wrapper.Pdf - Shutting down executor for wkhtmltopdf.
19:48:33.609 [nettyCallPool-4-1] DEBUG com.github.jhonnymertz.wkhtmltopdf.wrapper.Pdf - Cleaning up temporary files...
19:48:33.611 [nettyCallPool-4-1] DEBUG com.github.jhonnymertz.wkhtmltopdf.wrapper.Pdf - Delete temp file at: /tmp/java-wkhtmltopdf-wrapper0d25a2f8-2bd2-4bfd-8602-92b543dbb9ec6474039768787519274.html true
19:48:33.612 [nettyCallPool-4-1] INFO com.github.jhonnymertz.wkhtmltopdf.wrapper.Pdf - PDF successfully saved in /home/andrey/WAB3_cache/36b0b73f-1066-4dc8-b6c9-542c4a76bce6/kudir_incomes.pdf
19:48:33.613 [nettyCallPool-4-1] DEBUG com.github.jhonnymertz.wkhtmltopdf.wrapper.configurations.WrapperConfig - Initialized with default configurations.
19:48:33.630 [nettyCallPool-4-1] DEBUG com.github.jhonnymertz.wkhtmltopdf.wrapper.configurations.WrapperConfig - Wkhtmltopdf command found in classpath: /usr/local/bin/wkhtmltopdf
19:48:33.630 [nettyCallPool-4-1] INFO com.github.jhonnymertz.wkhtmltopdf.wrapper.Pdf - Initialized with {xvfbConfig=null, wkhtmltopdfCommand='/usr/local/bin/wkhtmltopdf'}
19:48:33.633 [nettyCallPool-4-1] DEBUG com.github.jhonnymertz.wkhtmltopdf.wrapper.Pdf - [/usr/local/bin/wkhtmltopdf, -O , landscape, /tmp/java-wkhtmltopdf-wrapper7dbba547-9c51-426d-bbd3-2bdd13bea4215311597378224100321.html, -]
19:48:33.633 [nettyCallPool-4-1] DEBUG com.github.jhonnymertz.wkhtmltopdf.wrapper.Pdf - Generating pdf with: /usr/local/bin/wkhtmltopdf -O  landscape /tmp/java-wkhtmltopdf-wrapper7dbba547-9c51-426d-bbd3-2bdd13bea4215311597378224100321.html -
19:48:34.003 [nettyCallPool-4-2] DEBUG com.github.jhonnymertz.wkhtmltopdf.wrapper.Pdf - Wkhtmltopdf output:
Loading pages (1/6)
[>                                                           ] 0%[======>                                                     ] 10%[==============================>                             ] 50%[============================================================] 100%Counting pages (2/6)                                               
[============================================================] Object 1 of 1Resolving links (4/6)                                                       
[============================================================] Object 1 of 1Loading headers and footers (5/6)                                           
Printing pages (6/6)
[>                                                           ] Preparing[============================================================] Page 1 of 1Done                                                                      

19:48:34.003 [nettyCallPool-4-2] INFO com.github.jhonnymertz.wkhtmltopdf.wrapper.Pdf - PDF successfully generated with: /usr/local/bin/wkhtmltopdf -O  landscape /tmp/java-wkhtmltopdf-wrapper6d6954fd-6fbd-4213-b307-81a6e5efc5009162360473156973644.html -
19:48:34.004 [nettyCallPool-4-2] DEBUG com.github.jhonnymertz.wkhtmltopdf.wrapper.Pdf - Shutting down executor for wkhtmltopdf.
19:48:34.005 [nettyCallPool-4-2] DEBUG com.github.jhonnymertz.wkhtmltopdf.wrapper.Pdf - Cleaning up temporary files...
19:48:34.006 [nettyCallPool-4-2] DEBUG com.github.jhonnymertz.wkhtmltopdf.wrapper.Pdf - Delete temp file at: /tmp/java-wkhtmltopdf-wrapper6d6954fd-6fbd-4213-b307-81a6e5efc5009162360473156973644.html true
19:48:34.007 [nettyCallPool-4-2] INFO com.github.jhonnymertz.wkhtmltopdf.wrapper.Pdf - PDF successfully saved in /home/andrey/WAB3_cache/4de1cf52-4fed-4794-afaf-b17618967555/kudir_spendings.pdf
19:48:34.032 [nettyCallPool-4-1] DEBUG com.github.jhonnymertz.wkhtmltopdf.wrapper.Pdf - Wkhtmltopdf output:
Loading pages (1/6)
[>                                                           ] 0%[======>                                                     ] 10%[==============================>                             ] 50%[============================================================] 100%Counting pages (2/6)                                               
[============================================================] Object 1 of 1Resolving links (4/6)                                                       
[============================================================] Object 1 of 1Loading headers and footers (5/6)                                           
Printing pages (6/6)
[>                                                           ] Preparing[============================================================] Page 1 of 1Done                                                                      

19:48:34.032 [nettyCallPool-4-1] INFO com.github.jhonnymertz.wkhtmltopdf.wrapper.Pdf - PDF successfully generated with: /usr/local/bin/wkhtmltopdf -O  landscape /tmp/java-wkhtmltopdf-wrapper7dbba547-9c51-426d-bbd3-2bdd13bea4215311597378224100321.html -
19:48:34.032 [nettyCallPool-4-1] DEBUG com.github.jhonnymertz.wkhtmltopdf.wrapper.Pdf - Shutting down executor for wkhtmltopdf.
19:48:34.032 [nettyCallPool-4-1] DEBUG com.github.jhonnymertz.wkhtmltopdf.wrapper.Pdf - Cleaning up temporary files...
19:48:34.032 [nettyCallPool-4-1] DEBUG com.github.jhonnymertz.wkhtmltopdf.wrapper.Pdf - Delete temp file at: /tmp/java-wkhtmltopdf-wrapper7dbba547-9c51-426d-bbd3-2bdd13bea4215311597378224100321.html true
19:48:34.033 [nettyCallPool-4-1] INFO com.github.jhonnymertz.wkhtmltopdf.wrapper.Pdf - PDF successfully saved in /home/andrey/WAB3_cache/36b0b73f-1066-4dc8-b6c9-542c4a76bce6/kudir_spendings.pdf
19:48:36.155 [nettyCallPool-4-2] DEBUG com.github.jhonnymertz.wkhtmltopdf.wrapper.configurations.WrapperConfig - Initialized with default configurations.
19:48:36.163 [nettyCallPool-4-2] DEBUG com.github.jhonnymertz.wkhtmltopdf.wrapper.configurations.WrapperConfig - Wkhtmltopdf command found in classpath: /usr/local/bin/wkhtmltopdf
19:48:36.163 [nettyCallPool-4-2] INFO com.github.jhonnymertz.wkhtmltopdf.wrapper.Pdf - Initialized with {xvfbConfig=null, wkhtmltopdfCommand='/usr/local/bin/wkhtmltopdf'}
19:48:36.164 [nettyCallPool-4-2] DEBUG com.github.jhonnymertz.wkhtmltopdf.wrapper.Pdf - [/usr/local/bin/wkhtmltopdf, /tmp/java-wkhtmltopdf-wrapper4107faf3-33f5-4835-8239-bec3b547ce588181358962890516232.html, -]
19:48:36.165 [nettyCallPool-4-2] DEBUG com.github.jhonnymertz.wkhtmltopdf.wrapper.Pdf - Generating pdf with: /usr/local/bin/wkhtmltopdf /tmp/java-wkhtmltopdf-wrapper4107faf3-33f5-4835-8239-bec3b547ce588181358962890516232.html -
19:48:36.173 [nettyCallPool-4-1] DEBUG com.github.jhonnymertz.wkhtmltopdf.wrapper.configurations.WrapperConfig - Initialized with default configurations.
19:48:36.178 [nettyCallPool-4-1] DEBUG com.github.jhonnymertz.wkhtmltopdf.wrapper.configurations.WrapperConfig - Wkhtmltopdf command found in classpath: /usr/local/bin/wkhtmltopdf
19:48:36.178 [nettyCallPool-4-1] INFO com.github.jhonnymertz.wkhtmltopdf.wrapper.Pdf - Initialized with {xvfbConfig=null, wkhtmltopdfCommand='/usr/local/bin/wkhtmltopdf'}
19:48:36.180 [nettyCallPool-4-1] DEBUG com.github.jhonnymertz.wkhtmltopdf.wrapper.Pdf - [/usr/local/bin/wkhtmltopdf, /tmp/java-wkhtmltopdf-wrapper6fc8e224-c453-40d8-85c0-fb85b785942d6552447092007115298.html, -]
19:48:36.180 [nettyCallPool-4-1] DEBUG com.github.jhonnymertz.wkhtmltopdf.wrapper.Pdf - Generating pdf with: /usr/local/bin/wkhtmltopdf /tmp/java-wkhtmltopdf-wrapper6fc8e224-c453-40d8-85c0-fb85b785942d6552447092007115298.html -
19:48:36.714 [nettyCallPool-4-2] DEBUG com.github.jhonnymertz.wkhtmltopdf.wrapper.Pdf - Wkhtmltopdf output:
Loading pages (1/6)
[>                                                           ] 0%[======>                                                     ] 10%[==============================>                             ] 50%[============================================================] 100%Counting pages (2/6)                                               
[============================================================] Object 1 of 1Resolving links (4/6)                                                       
[============================================================] Object 1 of 1Loading headers and footers (5/6)                                           
Printing pages (6/6)
[>                                                           ] Preparing[============================================================] Page 1 of 1Done                                                                      

19:48:36.714 [nettyCallPool-4-2] INFO com.github.jhonnymertz.wkhtmltopdf.wrapper.Pdf - PDF successfully generated with: /usr/local/bin/wkhtmltopdf /tmp/java-wkhtmltopdf-wrapper4107faf3-33f5-4835-8239-bec3b547ce588181358962890516232.html -
19:48:36.714 [nettyCallPool-4-2] DEBUG com.github.jhonnymertz.wkhtmltopdf.wrapper.Pdf - Shutting down executor for wkhtmltopdf.
19:48:36.714 [nettyCallPool-4-2] DEBUG com.github.jhonnymertz.wkhtmltopdf.wrapper.Pdf - Cleaning up temporary files...
19:48:36.714 [nettyCallPool-4-2] DEBUG com.github.jhonnymertz.wkhtmltopdf.wrapper.Pdf - Delete temp file at: /tmp/java-wkhtmltopdf-wrapper4107faf3-33f5-4835-8239-bec3b547ce588181358962890516232.html true
19:48:36.714 [nettyCallPool-4-2] INFO com.github.jhonnymertz.wkhtmltopdf.wrapper.Pdf - PDF successfully saved in /home/andrey/WAB3_cache/8a50d590-5319-425f-a01b-9f8c1dd2a5a5/kudir_header.pdf
19:48:36.714 [nettyCallPool-4-2] DEBUG com.github.jhonnymertz.wkhtmltopdf.wrapper.configurations.WrapperConfig - Initialized with default configurations.
19:48:36.719 [nettyCallPool-4-2] DEBUG com.github.jhonnymertz.wkhtmltopdf.wrapper.configurations.WrapperConfig - Wkhtmltopdf command found in classpath: /usr/local/bin/wkhtmltopdf
19:48:36.719 [nettyCallPool-4-2] INFO com.github.jhonnymertz.wkhtmltopdf.wrapper.Pdf - Initialized with {xvfbConfig=null, wkhtmltopdfCommand='/usr/local/bin/wkhtmltopdf'}
19:48:36.719 [nettyCallPool-4-2] DEBUG com.github.jhonnymertz.wkhtmltopdf.wrapper.Pdf - [/usr/local/bin/wkhtmltopdf, /tmp/java-wkhtmltopdf-wrapper56e39b66-ef38-489b-a22a-b28d933765c53253702936253239194.html, -]
19:48:36.720 [nettyCallPool-4-2] DEBUG com.github.jhonnymertz.wkhtmltopdf.wrapper.Pdf - Generating pdf with: /usr/local/bin/wkhtmltopdf /tmp/java-wkhtmltopdf-wrapper56e39b66-ef38-489b-a22a-b28d933765c53253702936253239194.html -
19:48:36.873 [nettyCallPool-4-1] DEBUG com.github.jhonnymertz.wkhtmltopdf.wrapper.Pdf - Wkhtmltopdf output:
Loading pages (1/6)
[>                                                           ] 0%[======>                                                     ] 10%[==============================>                             ] 50%[============================================================] 100%Counting pages (2/6)                                               
[============================================================] Object 1 of 1Resolving links (4/6)                                                       
[============================================================] Object 1 of 1Loading headers and footers (5/6)                                           
Printing pages (6/6)
[>                                                           ] Preparing[============================================================] Page 1 of 1Done                                                                      

19:48:36.873 [nettyCallPool-4-1] INFO com.github.jhonnymertz.wkhtmltopdf.wrapper.Pdf - PDF successfully generated with: /usr/local/bin/wkhtmltopdf /tmp/java-wkhtmltopdf-wrapper6fc8e224-c453-40d8-85c0-fb85b785942d6552447092007115298.html -
19:48:36.873 [nettyCallPool-4-1] DEBUG com.github.jhonnymertz.wkhtmltopdf.wrapper.Pdf - Shutting down executor for wkhtmltopdf.
19:48:36.874 [nettyCallPool-4-1] DEBUG com.github.jhonnymertz.wkhtmltopdf.wrapper.Pdf - Cleaning up temporary files...
19:48:36.874 [nettyCallPool-4-1] DEBUG com.github.jhonnymertz.wkhtmltopdf.wrapper.Pdf - Delete temp file at: /tmp/java-wkhtmltopdf-wrapper6fc8e224-c453-40d8-85c0-fb85b785942d6552447092007115298.html true
19:48:36.874 [nettyCallPool-4-1] INFO com.github.jhonnymertz.wkhtmltopdf.wrapper.Pdf - PDF successfully saved in /home/andrey/WAB3_cache/31c86bc0-1a94-4c43-b6f0-1c1027811964/kudir_header.pdf
19:48:36.874 [nettyCallPool-4-1] DEBUG com.github.jhonnymertz.wkhtmltopdf.wrapper.configurations.WrapperConfig - Initialized with default configurations.
19:48:36.879 [nettyCallPool-4-1] DEBUG com.github.jhonnymertz.wkhtmltopdf.wrapper.configurations.WrapperConfig - Wkhtmltopdf command found in classpath: /usr/local/bin/wkhtmltopdf
19:48:36.879 [nettyCallPool-4-1] INFO com.github.jhonnymertz.wkhtmltopdf.wrapper.Pdf - Initialized with {xvfbConfig=null, wkhtmltopdfCommand='/usr/local/bin/wkhtmltopdf'}
19:48:36.880 [nettyCallPool-4-1] DEBUG com.github.jhonnymertz.wkhtmltopdf.wrapper.Pdf - [/usr/local/bin/wkhtmltopdf, /tmp/java-wkhtmltopdf-wrapper22fe3109-1e0e-4a66-ad3d-0e95320afde21861197386475007697.html, -]
19:48:36.880 [nettyCallPool-4-1] DEBUG com.github.jhonnymertz.wkhtmltopdf.wrapper.Pdf - Generating pdf with: /usr/local/bin/wkhtmltopdf /tmp/java-wkhtmltopdf-wrapper22fe3109-1e0e-4a66-ad3d-0e95320afde21861197386475007697.html -
19:48:37.078 [nettyCallPool-4-2] DEBUG com.github.jhonnymertz.wkhtmltopdf.wrapper.Pdf - Wkhtmltopdf output:
Loading pages (1/6)
[>                                                           ] 0%[======>                                                     ] 10%[==============================>                             ] 50%[============================================================] 100%Counting pages (2/6)                                               
[============================================================] Object 1 of 1Resolving links (4/6)                                                       
[============================================================] Object 1 of 1Loading headers and footers (5/6)                                           
Printing pages (6/6)
[>                                                           ] Preparing[===============>                                            ] Page 1 of 4[==============================>                             ] Page 2 of 4[=============================================>              ] Page 3 of 4[============================================================] Page 4 of 4Done                                                                      

19:48:37.079 [nettyCallPool-4-2] INFO com.github.jhonnymertz.wkhtmltopdf.wrapper.Pdf - PDF successfully generated with: /usr/local/bin/wkhtmltopdf /tmp/java-wkhtmltopdf-wrapper56e39b66-ef38-489b-a22a-b28d933765c53253702936253239194.html -
19:48:37.079 [nettyCallPool-4-2] DEBUG com.github.jhonnymertz.wkhtmltopdf.wrapper.Pdf - Shutting down executor for wkhtmltopdf.
19:48:37.080 [nettyCallPool-4-2] DEBUG com.github.jhonnymertz.wkhtmltopdf.wrapper.Pdf - Cleaning up temporary files...
19:48:37.080 [nettyCallPool-4-2] DEBUG com.github.jhonnymertz.wkhtmltopdf.wrapper.Pdf - Delete temp file at: /tmp/java-wkhtmltopdf-wrapper56e39b66-ef38-489b-a22a-b28d933765c53253702936253239194.html true
19:48:37.081 [nettyCallPool-4-2] INFO com.github.jhonnymertz.wkhtmltopdf.wrapper.Pdf - PDF successfully saved in /home/andrey/WAB3_cache/8a50d590-5319-425f-a01b-9f8c1dd2a5a5/kudir_incomes.pdf
19:48:37.081 [nettyCallPool-4-2] DEBUG com.github.jhonnymertz.wkhtmltopdf.wrapper.configurations.WrapperConfig - Initialized with default configurations.
19:48:37.084 [nettyCallPool-4-2] DEBUG com.github.jhonnymertz.wkhtmltopdf.wrapper.configurations.WrapperConfig - Wkhtmltopdf command found in classpath: /usr/local/bin/wkhtmltopdf
19:48:37.084 [nettyCallPool-4-2] INFO com.github.jhonnymertz.wkhtmltopdf.wrapper.Pdf - Initialized with {xvfbConfig=null, wkhtmltopdfCommand='/usr/local/bin/wkhtmltopdf'}
19:48:37.087 [nettyCallPool-4-2] DEBUG com.github.jhonnymertz.wkhtmltopdf.wrapper.Pdf - [/usr/local/bin/wkhtmltopdf, -O , landscape, /tmp/java-wkhtmltopdf-wrapperaca3f784-770e-41aa-b6d5-7edde52340193637696321614610054.html, -]
19:48:37.088 [nettyCallPool-4-2] DEBUG com.github.jhonnymertz.wkhtmltopdf.wrapper.Pdf - Generating pdf with: /usr/local/bin/wkhtmltopdf -O  landscape /tmp/java-wkhtmltopdf-wrapperaca3f784-770e-41aa-b6d5-7edde52340193637696321614610054.html -
19:48:37.258 [nettyCallPool-4-1] DEBUG com.github.jhonnymertz.wkhtmltopdf.wrapper.Pdf - Wkhtmltopdf output:
Loading pages (1/6)
[>                                                           ] 0%[======>                                                     ] 10%[==============================>                             ] 50%[============================================================] 100%Counting pages (2/6)                                               
[============================================================] Object 1 of 1Resolving links (4/6)                                                       
[============================================================] Object 1 of 1Loading headers and footers (5/6)                                           
Printing pages (6/6)
[>                                                           ] Preparing[===============>                                            ] Page 1 of 4[==============================>                             ] Page 2 of 4[=============================================>              ] Page 3 of 4[============================================================] Page 4 of 4Done                                                                      

19:48:37.259 [nettyCallPool-4-1] INFO com.github.jhonnymertz.wkhtmltopdf.wrapper.Pdf - PDF successfully generated with: /usr/local/bin/wkhtmltopdf /tmp/java-wkhtmltopdf-wrapper22fe3109-1e0e-4a66-ad3d-0e95320afde21861197386475007697.html -
19:48:37.259 [nettyCallPool-4-1] DEBUG com.github.jhonnymertz.wkhtmltopdf.wrapper.Pdf - Shutting down executor for wkhtmltopdf.
19:48:37.259 [nettyCallPool-4-1] DEBUG com.github.jhonnymertz.wkhtmltopdf.wrapper.Pdf - Cleaning up temporary files...
19:48:37.262 [nettyCallPool-4-1] DEBUG com.github.jhonnymertz.wkhtmltopdf.wrapper.Pdf - Delete temp file at: /tmp/java-wkhtmltopdf-wrapper22fe3109-1e0e-4a66-ad3d-0e95320afde21861197386475007697.html true
19:48:37.263 [nettyCallPool-4-1] INFO com.github.jhonnymertz.wkhtmltopdf.wrapper.Pdf - PDF successfully saved in /home/andrey/WAB3_cache/31c86bc0-1a94-4c43-b6f0-1c1027811964/kudir_incomes.pdf
19:48:37.263 [nettyCallPool-4-1] DEBUG com.github.jhonnymertz.wkhtmltopdf.wrapper.configurations.WrapperConfig - Initialized with default configurations.
19:48:37.267 [nettyCallPool-4-1] DEBUG com.github.jhonnymertz.wkhtmltopdf.wrapper.configurations.WrapperConfig - Wkhtmltopdf command found in classpath: /usr/local/bin/wkhtmltopdf
19:48:37.268 [nettyCallPool-4-1] INFO com.github.jhonnymertz.wkhtmltopdf.wrapper.Pdf - Initialized with {xvfbConfig=null, wkhtmltopdfCommand='/usr/local/bin/wkhtmltopdf'}
19:48:37.269 [nettyCallPool-4-1] DEBUG com.github.jhonnymertz.wkhtmltopdf.wrapper.Pdf - [/usr/local/bin/wkhtmltopdf, -O , landscape, /tmp/java-wkhtmltopdf-wrapper629e8135-1604-4506-acc0-17948f46980c7535851971447651234.html, -]
19:48:37.269 [nettyCallPool-4-1] DEBUG com.github.jhonnymertz.wkhtmltopdf.wrapper.Pdf - Generating pdf with: /usr/local/bin/wkhtmltopdf -O  landscape /tmp/java-wkhtmltopdf-wrapper629e8135-1604-4506-acc0-17948f46980c7535851971447651234.html -
19:48:37.487 [nettyCallPool-4-2] DEBUG com.github.jhonnymertz.wkhtmltopdf.wrapper.Pdf - Wkhtmltopdf output:
Loading pages (1/6)
[>                                                           ] 0%[======>                                                     ] 10%[==============================>                             ] 50%[============================================================] 100%Counting pages (2/6)                                               
[============================================================] Object 1 of 1Resolving links (4/6)                                                       
[============================================================] Object 1 of 1Loading headers and footers (5/6)                                           
Printing pages (6/6)
[>                                                           ] Preparing[============================================================] Page 1 of 1Done                                                                      

19:48:37.488 [nettyCallPool-4-2] INFO com.github.jhonnymertz.wkhtmltopdf.wrapper.Pdf - PDF successfully generated with: /usr/local/bin/wkhtmltopdf -O  landscape /tmp/java-wkhtmltopdf-wrapperaca3f784-770e-41aa-b6d5-7edde52340193637696321614610054.html -
19:48:37.488 [nettyCallPool-4-2] DEBUG com.github.jhonnymertz.wkhtmltopdf.wrapper.Pdf - Shutting down executor for wkhtmltopdf.
19:48:37.488 [nettyCallPool-4-2] DEBUG com.github.jhonnymertz.wkhtmltopdf.wrapper.Pdf - Cleaning up temporary files...
19:48:37.488 [nettyCallPool-4-2] DEBUG com.github.jhonnymertz.wkhtmltopdf.wrapper.Pdf - Delete temp file at: /tmp/java-wkhtmltopdf-wrapperaca3f784-770e-41aa-b6d5-7edde52340193637696321614610054.html true
19:48:37.488 [nettyCallPool-4-2] INFO com.github.jhonnymertz.wkhtmltopdf.wrapper.Pdf - PDF successfully saved in /home/andrey/WAB3_cache/8a50d590-5319-425f-a01b-9f8c1dd2a5a5/kudir_spendings.pdf
19:48:37.635 [nettyCallPool-4-1] DEBUG com.github.jhonnymertz.wkhtmltopdf.wrapper.Pdf - Wkhtmltopdf output:
Loading pages (1/6)
[>                                                           ] 0%[======>                                                     ] 10%[==============================>                             ] 50%[============================================================] 100%Counting pages (2/6)                                               
[============================================================] Object 1 of 1Resolving links (4/6)                                                       
[============================================================] Object 1 of 1Loading headers and footers (5/6)                                           
Printing pages (6/6)
[>                                                           ] Preparing[============================================================] Page 1 of 1Done                                                                      

19:48:37.635 [nettyCallPool-4-1] INFO com.github.jhonnymertz.wkhtmltopdf.wrapper.Pdf - PDF successfully generated with: /usr/local/bin/wkhtmltopdf -O  landscape /tmp/java-wkhtmltopdf-wrapper629e8135-1604-4506-acc0-17948f46980c7535851971447651234.html -
19:48:37.636 [nettyCallPool-4-1] DEBUG com.github.jhonnymertz.wkhtmltopdf.wrapper.Pdf - Shutting down executor for wkhtmltopdf.
19:48:37.637 [nettyCallPool-4-1] DEBUG com.github.jhonnymertz.wkhtmltopdf.wrapper.Pdf - Cleaning up temporary files...
19:48:37.639 [nettyCallPool-4-1] DEBUG com.github.jhonnymertz.wkhtmltopdf.wrapper.Pdf - Delete temp file at: /tmp/java-wkhtmltopdf-wrapper629e8135-1604-4506-acc0-17948f46980c7535851971447651234.html true
19:48:37.640 [nettyCallPool-4-1] INFO com.github.jhonnymertz.wkhtmltopdf.wrapper.Pdf - PDF successfully saved in /home/andrey/WAB3_cache/31c86bc0-1a94-4c43-b6f0-1c1027811964/kudir_spendings.pdf
19:48:39.622 [nettyCallPool-4-2] DEBUG com.github.jhonnymertz.wkhtmltopdf.wrapper.configurations.WrapperConfig - Initialized with default configurations.
19:48:39.629 [nettyCallPool-4-2] DEBUG com.github.jhonnymertz.wkhtmltopdf.wrapper.configurations.WrapperConfig - Wkhtmltopdf command found in classpath: /usr/local/bin/wkhtmltopdf
19:48:39.629 [nettyCallPool-4-2] INFO com.github.jhonnymertz.wkhtmltopdf.wrapper.Pdf - Initialized with {xvfbConfig=null, wkhtmltopdfCommand='/usr/local/bin/wkhtmltopdf'}
19:48:39.630 [nettyCallPool-4-2] DEBUG com.github.jhonnymertz.wkhtmltopdf.wrapper.Pdf - [/usr/local/bin/wkhtmltopdf, /tmp/java-wkhtmltopdf-wrapperc0f4491b-bbef-4d24-98fd-d2dc0d83b8be3665267630101629637.html, -]
19:48:39.631 [nettyCallPool-4-2] DEBUG com.github.jhonnymertz.wkhtmltopdf.wrapper.Pdf - Generating pdf with: /usr/local/bin/wkhtmltopdf /tmp/java-wkhtmltopdf-wrapperc0f4491b-bbef-4d24-98fd-d2dc0d83b8be3665267630101629637.html -
19:48:39.775 [nettyCallPool-4-1] DEBUG com.github.jhonnymertz.wkhtmltopdf.wrapper.configurations.WrapperConfig - Initialized with default configurations.
19:48:39.782 [nettyCallPool-4-1] DEBUG com.github.jhonnymertz.wkhtmltopdf.wrapper.configurations.WrapperConfig - Wkhtmltopdf command found in classpath: /usr/local/bin/wkhtmltopdf
19:48:39.782 [nettyCallPool-4-1] INFO com.github.jhonnymertz.wkhtmltopdf.wrapper.Pdf - Initialized with {xvfbConfig=null, wkhtmltopdfCommand='/usr/local/bin/wkhtmltopdf'}
19:48:39.784 [nettyCallPool-4-1] DEBUG com.github.jhonnymertz.wkhtmltopdf.wrapper.Pdf - [/usr/local/bin/wkhtmltopdf, /tmp/java-wkhtmltopdf-wrapper2f1aabac-3379-4bbe-b39e-03e7544d88439107072301894419278.html, -]
19:48:39.785 [nettyCallPool-4-1] DEBUG com.github.jhonnymertz.wkhtmltopdf.wrapper.Pdf - Generating pdf with: /usr/local/bin/wkhtmltopdf /tmp/java-wkhtmltopdf-wrapper2f1aabac-3379-4bbe-b39e-03e7544d88439107072301894419278.html -
19:48:40.130 [nettyCallPool-4-2] DEBUG com.github.jhonnymertz.wkhtmltopdf.wrapper.Pdf - Wkhtmltopdf output:
Loading pages (1/6)
[>                                                           ] 0%[======>                                                     ] 10%[==============================>                             ] 50%[============================================================] 100%Counting pages (2/6)                                               
[============================================================] Object 1 of 1Resolving links (4/6)                                                       
[============================================================] Object 1 of 1Loading headers and footers (5/6)                                           
Printing pages (6/6)
[>                                                           ] Preparing[============================================================] Page 1 of 1Done                                                                      

19:48:40.131 [nettyCallPool-4-2] INFO com.github.jhonnymertz.wkhtmltopdf.wrapper.Pdf - PDF successfully generated with: /usr/local/bin/wkhtmltopdf /tmp/java-wkhtmltopdf-wrapperc0f4491b-bbef-4d24-98fd-d2dc0d83b8be3665267630101629637.html -
19:48:40.132 [nettyCallPool-4-2] DEBUG com.github.jhonnymertz.wkhtmltopdf.wrapper.Pdf - Shutting down executor for wkhtmltopdf.
19:48:40.132 [nettyCallPool-4-2] DEBUG com.github.jhonnymertz.wkhtmltopdf.wrapper.Pdf - Cleaning up temporary files...
19:48:40.133 [nettyCallPool-4-2] DEBUG com.github.jhonnymertz.wkhtmltopdf.wrapper.Pdf - Delete temp file at: /tmp/java-wkhtmltopdf-wrapperc0f4491b-bbef-4d24-98fd-d2dc0d83b8be3665267630101629637.html true
19:48:40.133 [nettyCallPool-4-2] INFO com.github.jhonnymertz.wkhtmltopdf.wrapper.Pdf - PDF successfully saved in /home/andrey/WAB3_cache/f4ad2cbd-2173-4979-bc28-f94edbbe83bd/kudir_header.pdf
19:48:40.133 [nettyCallPool-4-2] DEBUG com.github.jhonnymertz.wkhtmltopdf.wrapper.configurations.WrapperConfig - Initialized with default configurations.
19:48:40.136 [nettyCallPool-4-2] DEBUG com.github.jhonnymertz.wkhtmltopdf.wrapper.configurations.WrapperConfig - Wkhtmltopdf command found in classpath: /usr/local/bin/wkhtmltopdf
19:48:40.137 [nettyCallPool-4-2] INFO com.github.jhonnymertz.wkhtmltopdf.wrapper.Pdf - Initialized with {xvfbConfig=null, wkhtmltopdfCommand='/usr/local/bin/wkhtmltopdf'}
19:48:40.138 [nettyCallPool-4-2] DEBUG com.github.jhonnymertz.wkhtmltopdf.wrapper.Pdf - [/usr/local/bin/wkhtmltopdf, /tmp/java-wkhtmltopdf-wrappera1fec4d4-0860-4e97-9fcb-e64663a111c71799244292647207144.html, -]
19:48:40.139 [nettyCallPool-4-2] DEBUG com.github.jhonnymertz.wkhtmltopdf.wrapper.Pdf - Generating pdf with: /usr/local/bin/wkhtmltopdf /tmp/java-wkhtmltopdf-wrappera1fec4d4-0860-4e97-9fcb-e64663a111c71799244292647207144.html -
19:48:40.267 [nettyCallPool-4-1] DEBUG com.github.jhonnymertz.wkhtmltopdf.wrapper.Pdf - Wkhtmltopdf output:
Loading pages (1/6)
[>                                                           ] 0%[======>                                                     ] 10%[==============================>                             ] 50%[============================================================] 100%Counting pages (2/6)                                               
[============================================================] Object 1 of 1Resolving links (4/6)                                                       
[============================================================] Object 1 of 1Loading headers and footers (5/6)                                           
Printing pages (6/6)
[>                                                           ] Preparing[============================================================] Page 1 of 1Done                                                                      

19:48:40.267 [nettyCallPool-4-1] INFO com.github.jhonnymertz.wkhtmltopdf.wrapper.Pdf - PDF successfully generated with: /usr/local/bin/wkhtmltopdf /tmp/java-wkhtmltopdf-wrapper2f1aabac-3379-4bbe-b39e-03e7544d88439107072301894419278.html -
19:48:40.267 [nettyCallPool-4-1] DEBUG com.github.jhonnymertz.wkhtmltopdf.wrapper.Pdf - Shutting down executor for wkhtmltopdf.
19:48:40.268 [nettyCallPool-4-1] DEBUG com.github.jhonnymertz.wkhtmltopdf.wrapper.Pdf - Cleaning up temporary files...
19:48:40.269 [nettyCallPool-4-1] DEBUG com.github.jhonnymertz.wkhtmltopdf.wrapper.Pdf - Delete temp file at: /tmp/java-wkhtmltopdf-wrapper2f1aabac-3379-4bbe-b39e-03e7544d88439107072301894419278.html true
19:48:40.269 [nettyCallPool-4-1] INFO com.github.jhonnymertz.wkhtmltopdf.wrapper.Pdf - PDF successfully saved in /home/andrey/WAB3_cache/25d4aa4e-0498-4ab6-822f-b18298298c65/kudir_header.pdf
19:48:40.270 [nettyCallPool-4-1] DEBUG com.github.jhonnymertz.wkhtmltopdf.wrapper.configurations.WrapperConfig - Initialized with default configurations.
19:48:40.279 [nettyCallPool-4-1] DEBUG com.github.jhonnymertz.wkhtmltopdf.wrapper.configurations.WrapperConfig - Wkhtmltopdf command found in classpath: /usr/local/bin/wkhtmltopdf
19:48:40.279 [nettyCallPool-4-1] INFO com.github.jhonnymertz.wkhtmltopdf.wrapper.Pdf - Initialized with {xvfbConfig=null, wkhtmltopdfCommand='/usr/local/bin/wkhtmltopdf'}
19:48:40.281 [nettyCallPool-4-1] DEBUG com.github.jhonnymertz.wkhtmltopdf.wrapper.Pdf - [/usr/local/bin/wkhtmltopdf, /tmp/java-wkhtmltopdf-wrappera32d727f-e38c-4658-8e5f-287c2d97b2da5352924970545574464.html, -]
19:48:40.281 [nettyCallPool-4-1] DEBUG com.github.jhonnymertz.wkhtmltopdf.wrapper.Pdf - Generating pdf with: /usr/local/bin/wkhtmltopdf /tmp/java-wkhtmltopdf-wrappera32d727f-e38c-4658-8e5f-287c2d97b2da5352924970545574464.html -
19:48:40.483 [nettyCallPool-4-2] DEBUG com.github.jhonnymertz.wkhtmltopdf.wrapper.Pdf - Wkhtmltopdf output:
Loading pages (1/6)
[>                                                           ] 0%[======>                                                     ] 10%[==============================>                             ] 50%[============================================================] 100%Counting pages (2/6)                                               
[============================================================] Object 1 of 1Resolving links (4/6)                                                       
[============================================================] Object 1 of 1Loading headers and footers (5/6)                                           
Printing pages (6/6)
[>                                                           ] Preparing[===============>                                            ] Page 1 of 4[==============================>                             ] Page 2 of 4[=============================================>              ] Page 3 of 4[============================================================] Page 4 of 4Done                                                                      

19:48:40.484 [nettyCallPool-4-2] INFO com.github.jhonnymertz.wkhtmltopdf.wrapper.Pdf - PDF successfully generated with: /usr/local/bin/wkhtmltopdf /tmp/java-wkhtmltopdf-wrappera1fec4d4-0860-4e97-9fcb-e64663a111c71799244292647207144.html -
19:48:40.484 [nettyCallPool-4-2] DEBUG com.github.jhonnymertz.wkhtmltopdf.wrapper.Pdf - Shutting down executor for wkhtmltopdf.
19:48:40.485 [nettyCallPool-4-2] DEBUG com.github.jhonnymertz.wkhtmltopdf.wrapper.Pdf - Cleaning up temporary files...
19:48:40.486 [nettyCallPool-4-2] DEBUG com.github.jhonnymertz.wkhtmltopdf.wrapper.Pdf - Delete temp file at: /tmp/java-wkhtmltopdf-wrappera1fec4d4-0860-4e97-9fcb-e64663a111c71799244292647207144.html true
19:48:40.487 [nettyCallPool-4-2] INFO com.github.jhonnymertz.wkhtmltopdf.wrapper.Pdf - PDF successfully saved in /home/andrey/WAB3_cache/f4ad2cbd-2173-4979-bc28-f94edbbe83bd/kudir_incomes.pdf
19:48:40.487 [nettyCallPool-4-2] DEBUG com.github.jhonnymertz.wkhtmltopdf.wrapper.configurations.WrapperConfig - Initialized with default configurations.
19:48:40.489 [nettyCallPool-4-2] DEBUG com.github.jhonnymertz.wkhtmltopdf.wrapper.configurations.WrapperConfig - Wkhtmltopdf command found in classpath: /usr/local/bin/wkhtmltopdf
19:48:40.489 [nettyCallPool-4-2] INFO com.github.jhonnymertz.wkhtmltopdf.wrapper.Pdf - Initialized with {xvfbConfig=null, wkhtmltopdfCommand='/usr/local/bin/wkhtmltopdf'}
19:48:40.491 [nettyCallPool-4-2] DEBUG com.github.jhonnymertz.wkhtmltopdf.wrapper.Pdf - [/usr/local/bin/wkhtmltopdf, -O , landscape, /tmp/java-wkhtmltopdf-wrapperbda8eebc-51c0-4b76-8fc7-795aea53bcba4038619647243819581.html, -]
19:48:40.491 [nettyCallPool-4-2] DEBUG com.github.jhonnymertz.wkhtmltopdf.wrapper.Pdf - Generating pdf with: /usr/local/bin/wkhtmltopdf -O  landscape /tmp/java-wkhtmltopdf-wrapperbda8eebc-51c0-4b76-8fc7-795aea53bcba4038619647243819581.html -
19:48:40.615 [nettyCallPool-4-1] DEBUG com.github.jhonnymertz.wkhtmltopdf.wrapper.Pdf - Wkhtmltopdf output:
Loading pages (1/6)
[>                                                           ] 0%[======>                                                     ] 10%[==============================>                             ] 50%[============================================================] 100%Counting pages (2/6)                                               
[============================================================] Object 1 of 1Resolving links (4/6)                                                       
[============================================================] Object 1 of 1Loading headers and footers (5/6)                                           
Printing pages (6/6)
[>                                                           ] Preparing[===============>                                            ] Page 1 of 4[==============================>                             ] Page 2 of 4[=============================================>              ] Page 3 of 4[============================================================] Page 4 of 4Done                                                                      

19:48:40.615 [nettyCallPool-4-1] INFO com.github.jhonnymertz.wkhtmltopdf.wrapper.Pdf - PDF successfully generated with: /usr/local/bin/wkhtmltopdf /tmp/java-wkhtmltopdf-wrappera32d727f-e38c-4658-8e5f-287c2d97b2da5352924970545574464.html -
19:48:40.616 [nettyCallPool-4-1] DEBUG com.github.jhonnymertz.wkhtmltopdf.wrapper.Pdf - Shutting down executor for wkhtmltopdf.
19:48:40.616 [nettyCallPool-4-1] DEBUG com.github.jhonnymertz.wkhtmltopdf.wrapper.Pdf - Cleaning up temporary files...
19:48:40.619 [nettyCallPool-4-1] DEBUG com.github.jhonnymertz.wkhtmltopdf.wrapper.Pdf - Delete temp file at: /tmp/java-wkhtmltopdf-wrappera32d727f-e38c-4658-8e5f-287c2d97b2da5352924970545574464.html true
19:48:40.620 [nettyCallPool-4-1] INFO com.github.jhonnymertz.wkhtmltopdf.wrapper.Pdf - PDF successfully saved in /home/andrey/WAB3_cache/25d4aa4e-0498-4ab6-822f-b18298298c65/kudir_incomes.pdf
19:48:40.620 [nettyCallPool-4-1] DEBUG com.github.jhonnymertz.wkhtmltopdf.wrapper.configurations.WrapperConfig - Initialized with default configurations.
19:48:40.630 [nettyCallPool-4-1] DEBUG com.github.jhonnymertz.wkhtmltopdf.wrapper.configurations.WrapperConfig - Wkhtmltopdf command found in classpath: /usr/local/bin/wkhtmltopdf
19:48:40.630 [nettyCallPool-4-1] INFO com.github.jhonnymertz.wkhtmltopdf.wrapper.Pdf - Initialized with {xvfbConfig=null, wkhtmltopdfCommand='/usr/local/bin/wkhtmltopdf'}
19:48:40.632 [nettyCallPool-4-1] DEBUG com.github.jhonnymertz.wkhtmltopdf.wrapper.Pdf - [/usr/local/bin/wkhtmltopdf, -O , landscape, /tmp/java-wkhtmltopdf-wrapper11e9657f-18b0-4bde-9529-ac986b0ef7814721043009193197870.html, -]
19:48:40.633 [nettyCallPool-4-1] DEBUG com.github.jhonnymertz.wkhtmltopdf.wrapper.Pdf - Generating pdf with: /usr/local/bin/wkhtmltopdf -O  landscape /tmp/java-wkhtmltopdf-wrapper11e9657f-18b0-4bde-9529-ac986b0ef7814721043009193197870.html -
19:48:40.847 [nettyCallPool-4-2] DEBUG com.github.jhonnymertz.wkhtmltopdf.wrapper.Pdf - Wkhtmltopdf output:
Loading pages (1/6)
[>                                                           ] 0%[======>                                                     ] 10%[==============================>                             ] 50%[============================================================] 100%Counting pages (2/6)                                               
[============================================================] Object 1 of 1Resolving links (4/6)                                                       
[============================================================] Object 1 of 1Loading headers and footers (5/6)                                           
Printing pages (6/6)
[>                                                           ] Preparing[============================================================] Page 1 of 1Done                                                                      

19:48:40.847 [nettyCallPool-4-2] INFO com.github.jhonnymertz.wkhtmltopdf.wrapper.Pdf - PDF successfully generated with: /usr/local/bin/wkhtmltopdf -O  landscape /tmp/java-wkhtmltopdf-wrapperbda8eebc-51c0-4b76-8fc7-795aea53bcba4038619647243819581.html -
19:48:40.847 [nettyCallPool-4-2] DEBUG com.github.jhonnymertz.wkhtmltopdf.wrapper.Pdf - Shutting down executor for wkhtmltopdf.
19:48:40.847 [nettyCallPool-4-2] DEBUG com.github.jhonnymertz.wkhtmltopdf.wrapper.Pdf - Cleaning up temporary files...
19:48:40.848 [nettyCallPool-4-2] DEBUG com.github.jhonnymertz.wkhtmltopdf.wrapper.Pdf - Delete temp file at: /tmp/java-wkhtmltopdf-wrapperbda8eebc-51c0-4b76-8fc7-795aea53bcba4038619647243819581.html true
19:48:40.848 [nettyCallPool-4-2] INFO com.github.jhonnymertz.wkhtmltopdf.wrapper.Pdf - PDF successfully saved in /home/andrey/WAB3_cache/f4ad2cbd-2173-4979-bc28-f94edbbe83bd/kudir_spendings.pdf
19:48:40.996 [nettyCallPool-4-1] DEBUG com.github.jhonnymertz.wkhtmltopdf.wrapper.Pdf - Wkhtmltopdf output:
Loading pages (1/6)
[>                                                           ] 0%[======>                                                     ] 10%[==============================>                             ] 50%[============================================================] 100%Counting pages (2/6)                                               
[============================================================] Object 1 of 1Resolving links (4/6)                                                       
[============================================================] Object 1 of 1Loading headers and footers (5/6)                                           
Printing pages (6/6)
[>                                                           ] Preparing[============================================================] Page 1 of 1Done                                                                      

19:48:40.997 [nettyCallPool-4-1] INFO com.github.jhonnymertz.wkhtmltopdf.wrapper.Pdf - PDF successfully generated with: /usr/local/bin/wkhtmltopdf -O  landscape /tmp/java-wkhtmltopdf-wrapper11e9657f-18b0-4bde-9529-ac986b0ef7814721043009193197870.html -
19:48:40.997 [nettyCallPool-4-1] DEBUG com.github.jhonnymertz.wkhtmltopdf.wrapper.Pdf - Shutting down executor for wkhtmltopdf.
19:48:40.997 [nettyCallPool-4-1] DEBUG com.github.jhonnymertz.wkhtmltopdf.wrapper.Pdf - Cleaning up temporary files...
19:48:40.998 [nettyCallPool-4-1] DEBUG com.github.jhonnymertz.wkhtmltopdf.wrapper.Pdf - Delete temp file at: /tmp/java-wkhtmltopdf-wrapper11e9657f-18b0-4bde-9529-ac986b0ef7814721043009193197870.html true
19:48:40.999 [nettyCallPool-4-1] INFO com.github.jhonnymertz.wkhtmltopdf.wrapper.Pdf - PDF successfully saved in /home/andrey/WAB3_cache/25d4aa4e-0498-4ab6-822f-b18298298c65/kudir_spendings.pdf
19:48:42.938 [nettyCallPool-4-2] DEBUG com.github.jhonnymertz.wkhtmltopdf.wrapper.configurations.WrapperConfig - Initialized with default configurations.
19:48:42.952 [nettyCallPool-4-2] DEBUG com.github.jhonnymertz.wkhtmltopdf.wrapper.configurations.WrapperConfig - Wkhtmltopdf command found in classpath: /usr/local/bin/wkhtmltopdf
19:48:42.952 [nettyCallPool-4-2] INFO com.github.jhonnymertz.wkhtmltopdf.wrapper.Pdf - Initialized with {xvfbConfig=null, wkhtmltopdfCommand='/usr/local/bin/wkhtmltopdf'}
19:48:42.954 [nettyCallPool-4-2] DEBUG com.github.jhonnymertz.wkhtmltopdf.wrapper.Pdf - [/usr/local/bin/wkhtmltopdf, /tmp/java-wkhtmltopdf-wrapperecd0d828-299f-44ea-9a30-c6c35254448c3789054167588593388.html, -]
19:48:42.954 [nettyCallPool-4-2] DEBUG com.github.jhonnymertz.wkhtmltopdf.wrapper.Pdf - Generating pdf with: /usr/local/bin/wkhtmltopdf /tmp/java-wkhtmltopdf-wrapperecd0d828-299f-44ea-9a30-c6c35254448c3789054167588593388.html -
19:48:43.079 [nettyCallPool-4-1] DEBUG com.github.jhonnymertz.wkhtmltopdf.wrapper.configurations.WrapperConfig - Initialized with default configurations.
19:48:43.094 [nettyCallPool-4-1] DEBUG com.github.jhonnymertz.wkhtmltopdf.wrapper.configurations.WrapperConfig - Wkhtmltopdf command found in classpath: /usr/local/bin/wkhtmltopdf
19:48:43.094 [nettyCallPool-4-1] INFO com.github.jhonnymertz.wkhtmltopdf.wrapper.Pdf - Initialized with {xvfbConfig=null, wkhtmltopdfCommand='/usr/local/bin/wkhtmltopdf'}
19:48:43.095 [nettyCallPool-4-1] DEBUG com.github.jhonnymertz.wkhtmltopdf.wrapper.Pdf - [/usr/local/bin/wkhtmltopdf, /tmp/java-wkhtmltopdf-wrapper3b485f97-8c58-4303-9a95-a7fcb4213f351985824518950431073.html, -]
19:48:43.095 [nettyCallPool-4-1] DEBUG com.github.jhonnymertz.wkhtmltopdf.wrapper.Pdf - Generating pdf with: /usr/local/bin/wkhtmltopdf /tmp/java-wkhtmltopdf-wrapper3b485f97-8c58-4303-9a95-a7fcb4213f351985824518950431073.html -
19:48:43.733 [nettyCallPool-4-2] DEBUG com.github.jhonnymertz.wkhtmltopdf.wrapper.Pdf - Wkhtmltopdf output:
Loading pages (1/6)
[>                                                           ] 0%[======>                                                     ] 10%[==============================>                             ] 50%[============================================================] 100%Counting pages (2/6)                                               
[============================================================] Object 1 of 1Resolving links (4/6)                                                       
[============================================================] Object 1 of 1Loading headers and footers (5/6)                                           
Printing pages (6/6)
[>                                                           ] Preparing[============================================================] Page 1 of 1Done                                                                      

19:48:43.733 [nettyCallPool-4-2] INFO com.github.jhonnymertz.wkhtmltopdf.wrapper.Pdf - PDF successfully generated with: /usr/local/bin/wkhtmltopdf /tmp/java-wkhtmltopdf-wrapperecd0d828-299f-44ea-9a30-c6c35254448c3789054167588593388.html -
19:48:43.734 [nettyCallPool-4-2] DEBUG com.github.jhonnymertz.wkhtmltopdf.wrapper.Pdf - Shutting down executor for wkhtmltopdf.
19:48:43.735 [nettyCallPool-4-2] DEBUG com.github.jhonnymertz.wkhtmltopdf.wrapper.Pdf - Cleaning up temporary files...
19:48:43.736 [nettyCallPool-4-2] DEBUG com.github.jhonnymertz.wkhtmltopdf.wrapper.Pdf - Delete temp file at: /tmp/java-wkhtmltopdf-wrapperecd0d828-299f-44ea-9a30-c6c35254448c3789054167588593388.html true
19:48:43.736 [nettyCallPool-4-2] INFO com.github.jhonnymertz.wkhtmltopdf.wrapper.Pdf - PDF successfully saved in /home/andrey/WAB3_cache/09a401dd-1f9d-447d-bd71-4f6eb5cadad2/kudir_header.pdf
19:48:43.736 [nettyCallPool-4-2] DEBUG com.github.jhonnymertz.wkhtmltopdf.wrapper.configurations.WrapperConfig - Initialized with default configurations.
19:48:43.740 [nettyCallPool-4-2] DEBUG com.github.jhonnymertz.wkhtmltopdf.wrapper.configurations.WrapperConfig - Wkhtmltopdf command found in classpath: /usr/local/bin/wkhtmltopdf
19:48:43.740 [nettyCallPool-4-2] INFO com.github.jhonnymertz.wkhtmltopdf.wrapper.Pdf - Initialized with {xvfbConfig=null, wkhtmltopdfCommand='/usr/local/bin/wkhtmltopdf'}
19:48:43.743 [nettyCallPool-4-2] DEBUG com.github.jhonnymertz.wkhtmltopdf.wrapper.Pdf - [/usr/local/bin/wkhtmltopdf, /tmp/java-wkhtmltopdf-wrapper46fe21e1-dd9e-4864-bbbb-243b0daf02f18123749427776859673.html, -]
19:48:43.743 [nettyCallPool-4-2] DEBUG com.github.jhonnymertz.wkhtmltopdf.wrapper.Pdf - Generating pdf with: /usr/local/bin/wkhtmltopdf /tmp/java-wkhtmltopdf-wrapper46fe21e1-dd9e-4864-bbbb-243b0daf02f18123749427776859673.html -
19:48:43.829 [nettyCallPool-4-1] DEBUG com.github.jhonnymertz.wkhtmltopdf.wrapper.Pdf - Wkhtmltopdf output:
Loading pages (1/6)
[>                                                           ] 0%[======>                                                     ] 10%[==============================>                             ] 50%[============================================================] 100%Counting pages (2/6)                                               
[============================================================] Object 1 of 1Resolving links (4/6)                                                       
[============================================================] Object 1 of 1Loading headers and footers (5/6)                                           
Printing pages (6/6)
[>                                                           ] Preparing[============================================================] Page 1 of 1Done                                                                      

19:48:43.829 [nettyCallPool-4-1] INFO com.github.jhonnymertz.wkhtmltopdf.wrapper.Pdf - PDF successfully generated with: /usr/local/bin/wkhtmltopdf /tmp/java-wkhtmltopdf-wrapper3b485f97-8c58-4303-9a95-a7fcb4213f351985824518950431073.html -
19:48:43.829 [nettyCallPool-4-1] DEBUG com.github.jhonnymertz.wkhtmltopdf.wrapper.Pdf - Shutting down executor for wkhtmltopdf.
19:48:43.829 [nettyCallPool-4-1] DEBUG com.github.jhonnymertz.wkhtmltopdf.wrapper.Pdf - Cleaning up temporary files...
19:48:43.829 [nettyCallPool-4-1] DEBUG com.github.jhonnymertz.wkhtmltopdf.wrapper.Pdf - Delete temp file at: /tmp/java-wkhtmltopdf-wrapper3b485f97-8c58-4303-9a95-a7fcb4213f351985824518950431073.html true
19:48:43.829 [nettyCallPool-4-1] INFO com.github.jhonnymertz.wkhtmltopdf.wrapper.Pdf - PDF successfully saved in /home/andrey/WAB3_cache/77e9588a-22ed-49c2-8227-17800d81c28a/kudir_header.pdf
19:48:43.829 [nettyCallPool-4-1] DEBUG com.github.jhonnymertz.wkhtmltopdf.wrapper.configurations.WrapperConfig - Initialized with default configurations.
19:48:43.832 [nettyCallPool-4-1] DEBUG com.github.jhonnymertz.wkhtmltopdf.wrapper.configurations.WrapperConfig - Wkhtmltopdf command found in classpath: /usr/local/bin/wkhtmltopdf
19:48:43.833 [nettyCallPool-4-1] INFO com.github.jhonnymertz.wkhtmltopdf.wrapper.Pdf - Initialized with {xvfbConfig=null, wkhtmltopdfCommand='/usr/local/bin/wkhtmltopdf'}
19:48:43.837 [nettyCallPool-4-1] DEBUG com.github.jhonnymertz.wkhtmltopdf.wrapper.Pdf - [/usr/local/bin/wkhtmltopdf, /tmp/java-wkhtmltopdf-wrapper94018db6-97e1-44e8-a1ca-6ad4193c40f57754503826262823327.html, -]
19:48:43.838 [nettyCallPool-4-1] DEBUG com.github.jhonnymertz.wkhtmltopdf.wrapper.Pdf - Generating pdf with: /usr/local/bin/wkhtmltopdf /tmp/java-wkhtmltopdf-wrapper94018db6-97e1-44e8-a1ca-6ad4193c40f57754503826262823327.html -
19:48:44.145 [nettyCallPool-4-2] DEBUG com.github.jhonnymertz.wkhtmltopdf.wrapper.Pdf - Wkhtmltopdf output:
Loading pages (1/6)
[>                                                           ] 0%[======>                                                     ] 10%[==============================>                             ] 50%[============================================================] 100%Counting pages (2/6)                                               
[============================================================] Object 1 of 1Resolving links (4/6)                                                       
[============================================================] Object 1 of 1Loading headers and footers (5/6)                                           
Printing pages (6/6)
[>                                                           ] Preparing[===============>                                            ] Page 1 of 4[==============================>                             ] Page 2 of 4[=============================================>              ] Page 3 of 4[============================================================] Page 4 of 4Done                                                                      

19:48:44.145 [nettyCallPool-4-2] INFO com.github.jhonnymertz.wkhtmltopdf.wrapper.Pdf - PDF successfully generated with: /usr/local/bin/wkhtmltopdf /tmp/java-wkhtmltopdf-wrapper46fe21e1-dd9e-4864-bbbb-243b0daf02f18123749427776859673.html -
19:48:44.145 [nettyCallPool-4-2] DEBUG com.github.jhonnymertz.wkhtmltopdf.wrapper.Pdf - Shutting down executor for wkhtmltopdf.
19:48:44.145 [nettyCallPool-4-2] DEBUG com.github.jhonnymertz.wkhtmltopdf.wrapper.Pdf - Cleaning up temporary files...
19:48:44.145 [nettyCallPool-4-2] DEBUG com.github.jhonnymertz.wkhtmltopdf.wrapper.Pdf - Delete temp file at: /tmp/java-wkhtmltopdf-wrapper46fe21e1-dd9e-4864-bbbb-243b0daf02f18123749427776859673.html true
19:48:44.145 [nettyCallPool-4-2] INFO com.github.jhonnymertz.wkhtmltopdf.wrapper.Pdf - PDF successfully saved in /home/andrey/WAB3_cache/09a401dd-1f9d-447d-bd71-4f6eb5cadad2/kudir_incomes.pdf
19:48:44.145 [nettyCallPool-4-2] DEBUG com.github.jhonnymertz.wkhtmltopdf.wrapper.configurations.WrapperConfig - Initialized with default configurations.
19:48:44.148 [nettyCallPool-4-2] DEBUG com.github.jhonnymertz.wkhtmltopdf.wrapper.configurations.WrapperConfig - Wkhtmltopdf command found in classpath: /usr/local/bin/wkhtmltopdf
19:48:44.148 [nettyCallPool-4-2] INFO com.github.jhonnymertz.wkhtmltopdf.wrapper.Pdf - Initialized with {xvfbConfig=null, wkhtmltopdfCommand='/usr/local/bin/wkhtmltopdf'}
19:48:44.150 [nettyCallPool-4-2] DEBUG com.github.jhonnymertz.wkhtmltopdf.wrapper.Pdf - [/usr/local/bin/wkhtmltopdf, -O , landscape, /tmp/java-wkhtmltopdf-wrapperae6747da-05bb-4fd4-a68a-4c13298d3a677050323505765554521.html, -]
19:48:44.150 [nettyCallPool-4-2] DEBUG com.github.jhonnymertz.wkhtmltopdf.wrapper.Pdf - Generating pdf with: /usr/local/bin/wkhtmltopdf -O  landscape /tmp/java-wkhtmltopdf-wrapperae6747da-05bb-4fd4-a68a-4c13298d3a677050323505765554521.html -
19:48:44.238 [nettyCallPool-4-1] DEBUG com.github.jhonnymertz.wkhtmltopdf.wrapper.Pdf - Wkhtmltopdf output:
Loading pages (1/6)
[>                                                           ] 0%[======>                                                     ] 10%[==============================>                             ] 50%[============================================================] 100%Counting pages (2/6)                                               
[============================================================] Object 1 of 1Resolving links (4/6)                                                       
[============================================================] Object 1 of 1Loading headers and footers (5/6)                                           
Printing pages (6/6)
[>                                                           ] Preparing[===============>                                            ] Page 1 of 4[==============================>                             ] Page 2 of 4[=============================================>              ] Page 3 of 4[============================================================] Page 4 of 4Done                                                                      

19:48:44.238 [nettyCallPool-4-1] INFO com.github.jhonnymertz.wkhtmltopdf.wrapper.Pdf - PDF successfully generated with: /usr/local/bin/wkhtmltopdf /tmp/java-wkhtmltopdf-wrapper94018db6-97e1-44e8-a1ca-6ad4193c40f57754503826262823327.html -
19:48:44.238 [nettyCallPool-4-1] DEBUG com.github.jhonnymertz.wkhtmltopdf.wrapper.Pdf - Shutting down executor for wkhtmltopdf.
19:48:44.238 [nettyCallPool-4-1] DEBUG com.github.jhonnymertz.wkhtmltopdf.wrapper.Pdf - Cleaning up temporary files...
19:48:44.238 [nettyCallPool-4-1] DEBUG com.github.jhonnymertz.wkhtmltopdf.wrapper.Pdf - Delete temp file at: /tmp/java-wkhtmltopdf-wrapper94018db6-97e1-44e8-a1ca-6ad4193c40f57754503826262823327.html true
19:48:44.238 [nettyCallPool-4-1] INFO com.github.jhonnymertz.wkhtmltopdf.wrapper.Pdf - PDF successfully saved in /home/andrey/WAB3_cache/77e9588a-22ed-49c2-8227-17800d81c28a/kudir_incomes.pdf
19:48:44.238 [nettyCallPool-4-1] DEBUG com.github.jhonnymertz.wkhtmltopdf.wrapper.configurations.WrapperConfig - Initialized with default configurations.
19:48:44.246 [nettyCallPool-4-1] DEBUG com.github.jhonnymertz.wkhtmltopdf.wrapper.configurations.WrapperConfig - Wkhtmltopdf command found in classpath: /usr/local/bin/wkhtmltopdf
19:48:44.247 [nettyCallPool-4-1] INFO com.github.jhonnymertz.wkhtmltopdf.wrapper.Pdf - Initialized with {xvfbConfig=null, wkhtmltopdfCommand='/usr/local/bin/wkhtmltopdf'}
19:48:44.247 [nettyCallPool-4-1] DEBUG com.github.jhonnymertz.wkhtmltopdf.wrapper.Pdf - [/usr/local/bin/wkhtmltopdf, -O , landscape, /tmp/java-wkhtmltopdf-wrappere41719d0-6066-4671-9562-76d9c57997a84253495933408783879.html, -]
19:48:44.247 [nettyCallPool-4-1] DEBUG com.github.jhonnymertz.wkhtmltopdf.wrapper.Pdf - Generating pdf with: /usr/local/bin/wkhtmltopdf -O  landscape /tmp/java-wkhtmltopdf-wrappere41719d0-6066-4671-9562-76d9c57997a84253495933408783879.html -
19:48:44.519 [nettyCallPool-4-2] DEBUG com.github.jhonnymertz.wkhtmltopdf.wrapper.Pdf - Wkhtmltopdf output:
Loading pages (1/6)
[>                                                           ] 0%[======>                                                     ] 10%[==============================>                             ] 50%[============================================================] 100%Counting pages (2/6)                                               
[============================================================] Object 1 of 1Resolving links (4/6)                                                       
[============================================================] Object 1 of 1Loading headers and footers (5/6)                                           
Printing pages (6/6)
[>                                                           ] Preparing[============================================================] Page 1 of 1Done                                                                      

19:48:44.519 [nettyCallPool-4-2] INFO com.github.jhonnymertz.wkhtmltopdf.wrapper.Pdf - PDF successfully generated with: /usr/local/bin/wkhtmltopdf -O  landscape /tmp/java-wkhtmltopdf-wrapperae6747da-05bb-4fd4-a68a-4c13298d3a677050323505765554521.html -
19:48:44.521 [nettyCallPool-4-2] DEBUG com.github.jhonnymertz.wkhtmltopdf.wrapper.Pdf - Shutting down executor for wkhtmltopdf.
19:48:44.521 [nettyCallPool-4-2] DEBUG com.github.jhonnymertz.wkhtmltopdf.wrapper.Pdf - Cleaning up temporary files...
19:48:44.522 [nettyCallPool-4-2] DEBUG com.github.jhonnymertz.wkhtmltopdf.wrapper.Pdf - Delete temp file at: /tmp/java-wkhtmltopdf-wrapperae6747da-05bb-4fd4-a68a-4c13298d3a677050323505765554521.html true
19:48:44.522 [nettyCallPool-4-2] INFO com.github.jhonnymertz.wkhtmltopdf.wrapper.Pdf - PDF successfully saved in /home/andrey/WAB3_cache/09a401dd-1f9d-447d-bd71-4f6eb5cadad2/kudir_spendings.pdf
19:48:44.597 [nettyCallPool-4-1] DEBUG com.github.jhonnymertz.wkhtmltopdf.wrapper.Pdf - Wkhtmltopdf output:
Loading pages (1/6)
[>                                                           ] 0%[======>                                                     ] 10%[==============================>                             ] 50%[============================================================] 100%Counting pages (2/6)                                               
[============================================================] Object 1 of 1Resolving links (4/6)                                                       
[============================================================] Object 1 of 1Loading headers and footers (5/6)                                           
Printing pages (6/6)
[>                                                           ] Preparing[============================================================] Page 1 of 1Done                                                                      

19:48:44.597 [nettyCallPool-4-1] INFO com.github.jhonnymertz.wkhtmltopdf.wrapper.Pdf - PDF successfully generated with: /usr/local/bin/wkhtmltopdf -O  landscape /tmp/java-wkhtmltopdf-wrappere41719d0-6066-4671-9562-76d9c57997a84253495933408783879.html -
19:48:44.597 [nettyCallPool-4-1] DEBUG com.github.jhonnymertz.wkhtmltopdf.wrapper.Pdf - Shutting down executor for wkhtmltopdf.
19:48:44.597 [nettyCallPool-4-1] DEBUG com.github.jhonnymertz.wkhtmltopdf.wrapper.Pdf - Cleaning up temporary files...
19:48:44.597 [nettyCallPool-4-1] DEBUG com.github.jhonnymertz.wkhtmltopdf.wrapper.Pdf - Delete temp file at: /tmp/java-wkhtmltopdf-wrappere41719d0-6066-4671-9562-76d9c57997a84253495933408783879.html true
19:48:44.598 [nettyCallPool-4-1] INFO com.github.jhonnymertz.wkhtmltopdf.wrapper.Pdf - PDF successfully saved in /home/andrey/WAB3_cache/77e9588a-22ed-49c2-8227-17800d81c28a/kudir_spendings.pdf
19:48:46.606 [nettyCallPool-4-2] DEBUG com.github.jhonnymertz.wkhtmltopdf.wrapper.configurations.WrapperConfig - Initialized with default configurations.
19:48:46.624 [nettyCallPool-4-2] DEBUG com.github.jhonnymertz.wkhtmltopdf.wrapper.configurations.WrapperConfig - Wkhtmltopdf command found in classpath: /usr/local/bin/wkhtmltopdf
19:48:46.624 [nettyCallPool-4-2] INFO com.github.jhonnymertz.wkhtmltopdf.wrapper.Pdf - Initialized with {xvfbConfig=null, wkhtmltopdfCommand='/usr/local/bin/wkhtmltopdf'}
19:48:46.625 [nettyCallPool-4-2] DEBUG com.github.jhonnymertz.wkhtmltopdf.wrapper.Pdf - [/usr/local/bin/wkhtmltopdf, /tmp/java-wkhtmltopdf-wrapperd8821ba5-bb01-405d-b63c-6b5e092902611187279440794133097.html, -]
19:48:46.625 [nettyCallPool-4-2] DEBUG com.github.jhonnymertz.wkhtmltopdf.wrapper.Pdf - Generating pdf with: /usr/local/bin/wkhtmltopdf /tmp/java-wkhtmltopdf-wrapperd8821ba5-bb01-405d-b63c-6b5e092902611187279440794133097.html -
19:48:46.723 [nettyCallPool-4-1] DEBUG com.github.jhonnymertz.wkhtmltopdf.wrapper.configurations.WrapperConfig - Initialized with default configurations.
19:48:46.731 [nettyCallPool-4-1] DEBUG com.github.jhonnymertz.wkhtmltopdf.wrapper.configurations.WrapperConfig - Wkhtmltopdf command found in classpath: /usr/local/bin/wkhtmltopdf
19:48:46.731 [nettyCallPool-4-1] INFO com.github.jhonnymertz.wkhtmltopdf.wrapper.Pdf - Initialized with {xvfbConfig=null, wkhtmltopdfCommand='/usr/local/bin/wkhtmltopdf'}
19:48:46.732 [nettyCallPool-4-1] DEBUG com.github.jhonnymertz.wkhtmltopdf.wrapper.Pdf - [/usr/local/bin/wkhtmltopdf, /tmp/java-wkhtmltopdf-wrapper469ab4b5-b501-49dd-81cd-098496b000016933692775104016962.html, -]
19:48:46.732 [nettyCallPool-4-1] DEBUG com.github.jhonnymertz.wkhtmltopdf.wrapper.Pdf - Generating pdf with: /usr/local/bin/wkhtmltopdf /tmp/java-wkhtmltopdf-wrapper469ab4b5-b501-49dd-81cd-098496b000016933692775104016962.html -
19:48:47.263 [nettyCallPool-4-1] DEBUG com.github.jhonnymertz.wkhtmltopdf.wrapper.Pdf - Wkhtmltopdf output:
Loading pages (1/6)
[>                                                           ] 0%[======>                                                     ] 10%[==============================>                             ] 50%[============================================================] 100%Counting pages (2/6)                                               
[============================================================] Object 1 of 1Resolving links (4/6)                                                       
[============================================================] Object 1 of 1Loading headers and footers (5/6)                                           
Printing pages (6/6)
[>                                                           ] Preparing[============================================================] Page 1 of 1Done                                                                      

19:48:47.263 [nettyCallPool-4-1] INFO com.github.jhonnymertz.wkhtmltopdf.wrapper.Pdf - PDF successfully generated with: /usr/local/bin/wkhtmltopdf /tmp/java-wkhtmltopdf-wrapper469ab4b5-b501-49dd-81cd-098496b000016933692775104016962.html -
19:48:47.263 [nettyCallPool-4-1] DEBUG com.github.jhonnymertz.wkhtmltopdf.wrapper.Pdf - Shutting down executor for wkhtmltopdf.
19:48:47.264 [nettyCallPool-4-1] DEBUG com.github.jhonnymertz.wkhtmltopdf.wrapper.Pdf - Cleaning up temporary files...
19:48:47.264 [nettyCallPool-4-1] DEBUG com.github.jhonnymertz.wkhtmltopdf.wrapper.Pdf - Delete temp file at: /tmp/java-wkhtmltopdf-wrapper469ab4b5-b501-49dd-81cd-098496b000016933692775104016962.html true
19:48:47.264 [nettyCallPool-4-1] INFO com.github.jhonnymertz.wkhtmltopdf.wrapper.Pdf - PDF successfully saved in /home/andrey/WAB3_cache/e10777a5-fa16-428f-b3d8-c4fdcb15848b/kudir_header.pdf
19:48:47.264 [nettyCallPool-4-1] DEBUG com.github.jhonnymertz.wkhtmltopdf.wrapper.configurations.WrapperConfig - Initialized with default configurations.
19:48:47.271 [nettyCallPool-4-1] DEBUG com.github.jhonnymertz.wkhtmltopdf.wrapper.configurations.WrapperConfig - Wkhtmltopdf command found in classpath: /usr/local/bin/wkhtmltopdf
19:48:47.271 [nettyCallPool-4-1] INFO com.github.jhonnymertz.wkhtmltopdf.wrapper.Pdf - Initialized with {xvfbConfig=null, wkhtmltopdfCommand='/usr/local/bin/wkhtmltopdf'}
19:48:47.272 [nettyCallPool-4-1] DEBUG com.github.jhonnymertz.wkhtmltopdf.wrapper.Pdf - [/usr/local/bin/wkhtmltopdf, /tmp/java-wkhtmltopdf-wrapperf1e8fd3b-0224-41f8-9197-5263de593c787145605874985456621.html, -]
19:48:47.272 [nettyCallPool-4-1] DEBUG com.github.jhonnymertz.wkhtmltopdf.wrapper.Pdf - Generating pdf with: /usr/local/bin/wkhtmltopdf /tmp/java-wkhtmltopdf-wrapperf1e8fd3b-0224-41f8-9197-5263de593c787145605874985456621.html -
19:48:47.342 [nettyCallPool-4-2] DEBUG com.github.jhonnymertz.wkhtmltopdf.wrapper.Pdf - Wkhtmltopdf output:
Loading pages (1/6)
[>                                                           ] 0%[======>                                                     ] 10%[==============================>                             ] 50%[============================================================] 100%Counting pages (2/6)                                               
[============================================================] Object 1 of 1Resolving links (4/6)                                                       
[============================================================] Object 1 of 1Loading headers and footers (5/6)                                           
Printing pages (6/6)
[>                                                           ] Preparing[============================================================] Page 1 of 1Done                                                                      

19:48:47.342 [nettyCallPool-4-2] INFO com.github.jhonnymertz.wkhtmltopdf.wrapper.Pdf - PDF successfully generated with: /usr/local/bin/wkhtmltopdf /tmp/java-wkhtmltopdf-wrapperd8821ba5-bb01-405d-b63c-6b5e092902611187279440794133097.html -
19:48:47.342 [nettyCallPool-4-2] DEBUG com.github.jhonnymertz.wkhtmltopdf.wrapper.Pdf - Shutting down executor for wkhtmltopdf.
19:48:47.342 [nettyCallPool-4-2] DEBUG com.github.jhonnymertz.wkhtmltopdf.wrapper.Pdf - Cleaning up temporary files...
19:48:47.342 [nettyCallPool-4-2] DEBUG com.github.jhonnymertz.wkhtmltopdf.wrapper.Pdf - Delete temp file at: /tmp/java-wkhtmltopdf-wrapperd8821ba5-bb01-405d-b63c-6b5e092902611187279440794133097.html true
19:48:47.342 [nettyCallPool-4-2] INFO com.github.jhonnymertz.wkhtmltopdf.wrapper.Pdf - PDF successfully saved in /home/andrey/WAB3_cache/7bedb456-764b-4e46-afd3-d0fe909ed896/kudir_header.pdf
19:48:47.342 [nettyCallPool-4-2] DEBUG com.github.jhonnymertz.wkhtmltopdf.wrapper.configurations.WrapperConfig - Initialized with default configurations.
19:48:47.355 [nettyCallPool-4-2] DEBUG com.github.jhonnymertz.wkhtmltopdf.wrapper.configurations.WrapperConfig - Wkhtmltopdf command found in classpath: /usr/local/bin/wkhtmltopdf
19:48:47.355 [nettyCallPool-4-2] INFO com.github.jhonnymertz.wkhtmltopdf.wrapper.Pdf - Initialized with {xvfbConfig=null, wkhtmltopdfCommand='/usr/local/bin/wkhtmltopdf'}
19:48:47.356 [nettyCallPool-4-2] DEBUG com.github.jhonnymertz.wkhtmltopdf.wrapper.Pdf - [/usr/local/bin/wkhtmltopdf, /tmp/java-wkhtmltopdf-wrappere1c404f0-50c0-471a-a676-a9ffca2f17927958084580042459653.html, -]
19:48:47.356 [nettyCallPool-4-2] DEBUG com.github.jhonnymertz.wkhtmltopdf.wrapper.Pdf - Generating pdf with: /usr/local/bin/wkhtmltopdf /tmp/java-wkhtmltopdf-wrappere1c404f0-50c0-471a-a676-a9ffca2f17927958084580042459653.html -
19:48:47.800 [nettyCallPool-4-1] DEBUG com.github.jhonnymertz.wkhtmltopdf.wrapper.Pdf - Wkhtmltopdf output:
Loading pages (1/6)
[>                                                           ] 0%[======>                                                     ] 10%[==============================>                             ] 50%[============================================================] 100%Counting pages (2/6)                                               
[============================================================] Object 1 of 1Resolving links (4/6)                                                       
[============================================================] Object 1 of 1Loading headers and footers (5/6)                                           
Printing pages (6/6)
[>                                                           ] Preparing[===============>                                            ] Page 1 of 4[==============================>                             ] Page 2 of 4[=============================================>              ] Page 3 of 4[============================================================] Page 4 of 4Done                                                                      

19:48:47.800 [nettyCallPool-4-1] INFO com.github.jhonnymertz.wkhtmltopdf.wrapper.Pdf - PDF successfully generated with: /usr/local/bin/wkhtmltopdf /tmp/java-wkhtmltopdf-wrapperf1e8fd3b-0224-41f8-9197-5263de593c787145605874985456621.html -
19:48:47.800 [nettyCallPool-4-1] DEBUG com.github.jhonnymertz.wkhtmltopdf.wrapper.Pdf - Shutting down executor for wkhtmltopdf.
19:48:47.800 [nettyCallPool-4-1] DEBUG com.github.jhonnymertz.wkhtmltopdf.wrapper.Pdf - Cleaning up temporary files...
19:48:47.800 [nettyCallPool-4-1] DEBUG com.github.jhonnymertz.wkhtmltopdf.wrapper.Pdf - Delete temp file at: /tmp/java-wkhtmltopdf-wrapperf1e8fd3b-0224-41f8-9197-5263de593c787145605874985456621.html true
19:48:47.800 [nettyCallPool-4-1] INFO com.github.jhonnymertz.wkhtmltopdf.wrapper.Pdf - PDF successfully saved in /home/andrey/WAB3_cache/e10777a5-fa16-428f-b3d8-c4fdcb15848b/kudir_incomes.pdf
19:48:47.800 [nettyCallPool-4-1] DEBUG com.github.jhonnymertz.wkhtmltopdf.wrapper.configurations.WrapperConfig - Initialized with default configurations.
19:48:47.812 [nettyCallPool-4-1] DEBUG com.github.jhonnymertz.wkhtmltopdf.wrapper.configurations.WrapperConfig - Wkhtmltopdf command found in classpath: /usr/local/bin/wkhtmltopdf
19:48:47.812 [nettyCallPool-4-1] INFO com.github.jhonnymertz.wkhtmltopdf.wrapper.Pdf - Initialized with {xvfbConfig=null, wkhtmltopdfCommand='/usr/local/bin/wkhtmltopdf'}
19:48:47.826 [nettyCallPool-4-1] DEBUG com.github.jhonnymertz.wkhtmltopdf.wrapper.Pdf - [/usr/local/bin/wkhtmltopdf, -O , landscape, /tmp/java-wkhtmltopdf-wrapper47add363-ebef-4c04-a12b-695a82d0b1555766445934542341798.html, -]
19:48:47.826 [nettyCallPool-4-1] DEBUG com.github.jhonnymertz.wkhtmltopdf.wrapper.Pdf - Generating pdf with: /usr/local/bin/wkhtmltopdf -O  landscape /tmp/java-wkhtmltopdf-wrapper47add363-ebef-4c04-a12b-695a82d0b1555766445934542341798.html -
19:48:47.836 [nettyCallPool-4-2] DEBUG com.github.jhonnymertz.wkhtmltopdf.wrapper.Pdf - Wkhtmltopdf output:
Loading pages (1/6)
[>                                                           ] 0%[======>                                                     ] 10%[==============================>                             ] 50%[============================================================] 100%Counting pages (2/6)                                               
[============================================================] Object 1 of 1Resolving links (4/6)                                                       
[============================================================] Object 1 of 1Loading headers and footers (5/6)                                           
Printing pages (6/6)
[>                                                           ] Preparing[===============>                                            ] Page 1 of 4[==============================>                             ] Page 2 of 4[=============================================>              ] Page 3 of 4[============================================================] Page 4 of 4Done                                                                      

19:48:47.836 [nettyCallPool-4-2] INFO com.github.jhonnymertz.wkhtmltopdf.wrapper.Pdf - PDF successfully generated with: /usr/local/bin/wkhtmltopdf /tmp/java-wkhtmltopdf-wrappere1c404f0-50c0-471a-a676-a9ffca2f17927958084580042459653.html -
19:48:47.836 [nettyCallPool-4-2] DEBUG com.github.jhonnymertz.wkhtmltopdf.wrapper.Pdf - Shutting down executor for wkhtmltopdf.
19:48:47.841 [nettyCallPool-4-2] DEBUG com.github.jhonnymertz.wkhtmltopdf.wrapper.Pdf - Cleaning up temporary files...
19:48:47.842 [nettyCallPool-4-2] DEBUG com.github.jhonnymertz.wkhtmltopdf.wrapper.Pdf - Delete temp file at: /tmp/java-wkhtmltopdf-wrappere1c404f0-50c0-471a-a676-a9ffca2f17927958084580042459653.html true
19:48:47.843 [nettyCallPool-4-2] INFO com.github.jhonnymertz.wkhtmltopdf.wrapper.Pdf - PDF successfully saved in /home/andrey/WAB3_cache/7bedb456-764b-4e46-afd3-d0fe909ed896/kudir_incomes.pdf
19:48:47.843 [nettyCallPool-4-2] DEBUG com.github.jhonnymertz.wkhtmltopdf.wrapper.configurations.WrapperConfig - Initialized with default configurations.
19:48:47.855 [nettyCallPool-4-2] DEBUG com.github.jhonnymertz.wkhtmltopdf.wrapper.configurations.WrapperConfig - Wkhtmltopdf command found in classpath: /usr/local/bin/wkhtmltopdf
19:48:47.855 [nettyCallPool-4-2] INFO com.github.jhonnymertz.wkhtmltopdf.wrapper.Pdf - Initialized with {xvfbConfig=null, wkhtmltopdfCommand='/usr/local/bin/wkhtmltopdf'}
19:48:47.857 [nettyCallPool-4-2] DEBUG com.github.jhonnymertz.wkhtmltopdf.wrapper.Pdf - [/usr/local/bin/wkhtmltopdf, -O , landscape, /tmp/java-wkhtmltopdf-wrapperdbccea4f-67a1-4af7-a900-e62304b84a381667066707194006803.html, -]
19:48:47.857 [nettyCallPool-4-2] DEBUG com.github.jhonnymertz.wkhtmltopdf.wrapper.Pdf - Generating pdf with: /usr/local/bin/wkhtmltopdf -O  landscape /tmp/java-wkhtmltopdf-wrapperdbccea4f-67a1-4af7-a900-e62304b84a381667066707194006803.html -
19:48:48.218 [nettyCallPool-4-1] DEBUG com.github.jhonnymertz.wkhtmltopdf.wrapper.Pdf - Wkhtmltopdf output:
Loading pages (1/6)
[>                                                           ] 0%[======>                                                     ] 10%[==============================>                             ] 50%[============================================================] 100%Counting pages (2/6)                                               
[============================================================] Object 1 of 1Resolving links (4/6)                                                       
[============================================================] Object 1 of 1Loading headers and footers (5/6)                                           
Printing pages (6/6)
[>                                                           ] Preparing[============================================================] Page 1 of 1Done                                                                      

19:48:48.218 [nettyCallPool-4-1] INFO com.github.jhonnymertz.wkhtmltopdf.wrapper.Pdf - PDF successfully generated with: /usr/local/bin/wkhtmltopdf -O  landscape /tmp/java-wkhtmltopdf-wrapper47add363-ebef-4c04-a12b-695a82d0b1555766445934542341798.html -
19:48:48.220 [nettyCallPool-4-1] DEBUG com.github.jhonnymertz.wkhtmltopdf.wrapper.Pdf - Shutting down executor for wkhtmltopdf.
19:48:48.221 [nettyCallPool-4-1] DEBUG com.github.jhonnymertz.wkhtmltopdf.wrapper.Pdf - Cleaning up temporary files...
19:48:48.223 [nettyCallPool-4-1] DEBUG com.github.jhonnymertz.wkhtmltopdf.wrapper.Pdf - Delete temp file at: /tmp/java-wkhtmltopdf-wrapper47add363-ebef-4c04-a12b-695a82d0b1555766445934542341798.html true
19:48:48.224 [nettyCallPool-4-1] INFO com.github.jhonnymertz.wkhtmltopdf.wrapper.Pdf - PDF successfully saved in /home/andrey/WAB3_cache/e10777a5-fa16-428f-b3d8-c4fdcb15848b/kudir_spendings.pdf
19:48:48.257 [nettyCallPool-4-2] DEBUG com.github.jhonnymertz.wkhtmltopdf.wrapper.Pdf - Wkhtmltopdf output:
Loading pages (1/6)
[>                                                           ] 0%[======>                                                     ] 10%[==============================>                             ] 50%[============================================================] 100%Counting pages (2/6)                                               
[============================================================] Object 1 of 1Resolving links (4/6)                                                       
[============================================================] Object 1 of 1Loading headers and footers (5/6)                                           
Printing pages (6/6)
[>                                                           ] Preparing[============================================================] Page 1 of 1Done                                                                      

19:48:48.257 [nettyCallPool-4-2] INFO com.github.jhonnymertz.wkhtmltopdf.wrapper.Pdf - PDF successfully generated with: /usr/local/bin/wkhtmltopdf -O  landscape /tmp/java-wkhtmltopdf-wrapperdbccea4f-67a1-4af7-a900-e62304b84a381667066707194006803.html -
19:48:48.257 [nettyCallPool-4-2] DEBUG com.github.jhonnymertz.wkhtmltopdf.wrapper.Pdf - Shutting down executor for wkhtmltopdf.
19:48:48.258 [nettyCallPool-4-2] DEBUG com.github.jhonnymertz.wkhtmltopdf.wrapper.Pdf - Cleaning up temporary files...
19:48:48.259 [nettyCallPool-4-2] DEBUG com.github.jhonnymertz.wkhtmltopdf.wrapper.Pdf - Delete temp file at: /tmp/java-wkhtmltopdf-wrapperdbccea4f-67a1-4af7-a900-e62304b84a381667066707194006803.html true
19:48:48.260 [nettyCallPool-4-2] INFO com.github.jhonnymertz.wkhtmltopdf.wrapper.Pdf - PDF successfully saved in /home/andrey/WAB3_cache/7bedb456-764b-4e46-afd3-d0fe909ed896/kudir_spendings.pdf
19:48:50.319 [nettyCallPool-4-1] DEBUG com.github.jhonnymertz.wkhtmltopdf.wrapper.configurations.WrapperConfig - Initialized with default configurations.
19:48:50.331 [nettyCallPool-4-1] DEBUG com.github.jhonnymertz.wkhtmltopdf.wrapper.configurations.WrapperConfig - Wkhtmltopdf command found in classpath: /usr/local/bin/wkhtmltopdf
19:48:50.331 [nettyCallPool-4-1] INFO com.github.jhonnymertz.wkhtmltopdf.wrapper.Pdf - Initialized with {xvfbConfig=null, wkhtmltopdfCommand='/usr/local/bin/wkhtmltopdf'}
19:48:50.334 [nettyCallPool-4-1] DEBUG com.github.jhonnymertz.wkhtmltopdf.wrapper.Pdf - [/usr/local/bin/wkhtmltopdf, /tmp/java-wkhtmltopdf-wrapperf4208f35-f664-42db-91e3-8a5d3d55af744393062858246284225.html, -]
19:48:50.334 [nettyCallPool-4-1] DEBUG com.github.jhonnymertz.wkhtmltopdf.wrapper.Pdf - Generating pdf with: /usr/local/bin/wkhtmltopdf /tmp/java-wkhtmltopdf-wrapperf4208f35-f664-42db-91e3-8a5d3d55af744393062858246284225.html -
19:48:50.339 [nettyCallPool-4-2] DEBUG com.github.jhonnymertz.wkhtmltopdf.wrapper.configurations.WrapperConfig - Initialized with default configurations.
19:48:50.353 [nettyCallPool-4-2] DEBUG com.github.jhonnymertz.wkhtmltopdf.wrapper.configurations.WrapperConfig - Wkhtmltopdf command found in classpath: /usr/local/bin/wkhtmltopdf
19:48:50.353 [nettyCallPool-4-2] INFO com.github.jhonnymertz.wkhtmltopdf.wrapper.Pdf - Initialized with {xvfbConfig=null, wkhtmltopdfCommand='/usr/local/bin/wkhtmltopdf'}
19:48:50.354 [nettyCallPool-4-2] DEBUG com.github.jhonnymertz.wkhtmltopdf.wrapper.Pdf - [/usr/local/bin/wkhtmltopdf, /tmp/java-wkhtmltopdf-wrapper0ec9ec3f-80ff-488d-9c17-ca48e087f3953831310568232213737.html, -]
19:48:50.354 [nettyCallPool-4-2] DEBUG com.github.jhonnymertz.wkhtmltopdf.wrapper.Pdf - Generating pdf with: /usr/local/bin/wkhtmltopdf /tmp/java-wkhtmltopdf-wrapper0ec9ec3f-80ff-488d-9c17-ca48e087f3953831310568232213737.html -
19:48:50.831 [nettyCallPool-4-1] DEBUG com.github.jhonnymertz.wkhtmltopdf.wrapper.Pdf - Wkhtmltopdf output:
Loading pages (1/6)
[>                                                           ] 0%[======>                                                     ] 10%[==============================>                             ] 50%[============================================================] 100%Counting pages (2/6)                                               
[============================================================] Object 1 of 1Resolving links (4/6)                                                       
[============================================================] Object 1 of 1Loading headers and footers (5/6)                                           
Printing pages (6/6)
[>                                                           ] Preparing[============================================================] Page 1 of 1Done                                                                      

19:48:50.831 [nettyCallPool-4-1] INFO com.github.jhonnymertz.wkhtmltopdf.wrapper.Pdf - PDF successfully generated with: /usr/local/bin/wkhtmltopdf /tmp/java-wkhtmltopdf-wrapperf4208f35-f664-42db-91e3-8a5d3d55af744393062858246284225.html -
19:48:50.832 [nettyCallPool-4-1] DEBUG com.github.jhonnymertz.wkhtmltopdf.wrapper.Pdf - Shutting down executor for wkhtmltopdf.
19:48:50.834 [nettyCallPool-4-1] DEBUG com.github.jhonnymertz.wkhtmltopdf.wrapper.Pdf - Cleaning up temporary files...
19:48:50.835 [nettyCallPool-4-1] DEBUG com.github.jhonnymertz.wkhtmltopdf.wrapper.Pdf - Delete temp file at: /tmp/java-wkhtmltopdf-wrapperf4208f35-f664-42db-91e3-8a5d3d55af744393062858246284225.html true
19:48:50.836 [nettyCallPool-4-1] INFO com.github.jhonnymertz.wkhtmltopdf.wrapper.Pdf - PDF successfully saved in /home/andrey/WAB3_cache/18303e88-0458-45b0-abea-d46f9a3c5f68/kudir_header.pdf
19:48:50.836 [nettyCallPool-4-1] DEBUG com.github.jhonnymertz.wkhtmltopdf.wrapper.configurations.WrapperConfig - Initialized with default configurations.
19:48:50.839 [nettyCallPool-4-1] DEBUG com.github.jhonnymertz.wkhtmltopdf.wrapper.configurations.WrapperConfig - Wkhtmltopdf command found in classpath: /usr/local/bin/wkhtmltopdf
19:48:50.839 [nettyCallPool-4-1] INFO com.github.jhonnymertz.wkhtmltopdf.wrapper.Pdf - Initialized with {xvfbConfig=null, wkhtmltopdfCommand='/usr/local/bin/wkhtmltopdf'}
19:48:50.840 [nettyCallPool-4-1] DEBUG com.github.jhonnymertz.wkhtmltopdf.wrapper.Pdf - [/usr/local/bin/wkhtmltopdf, /tmp/java-wkhtmltopdf-wrapper742e187a-0be7-4e67-9526-b44889a0aa664975942057952227223.html, -]
19:48:50.841 [nettyCallPool-4-1] DEBUG com.github.jhonnymertz.wkhtmltopdf.wrapper.Pdf - Generating pdf with: /usr/local/bin/wkhtmltopdf /tmp/java-wkhtmltopdf-wrapper742e187a-0be7-4e67-9526-b44889a0aa664975942057952227223.html -
19:48:50.948 [nettyCallPool-4-2] DEBUG com.github.jhonnymertz.wkhtmltopdf.wrapper.Pdf - Wkhtmltopdf output:
Loading pages (1/6)
[>                                                           ] 0%[======>                                                     ] 10%[==============================>                             ] 50%[============================================================] 100%Counting pages (2/6)                                               
[============================================================] Object 1 of 1Resolving links (4/6)                                                       
[============================================================] Object 1 of 1Loading headers and footers (5/6)                                           
Printing pages (6/6)
[>                                                           ] Preparing[============================================================] Page 1 of 1Done                                                                      

19:48:50.948 [nettyCallPool-4-2] INFO com.github.jhonnymertz.wkhtmltopdf.wrapper.Pdf - PDF successfully generated with: /usr/local/bin/wkhtmltopdf /tmp/java-wkhtmltopdf-wrapper0ec9ec3f-80ff-488d-9c17-ca48e087f3953831310568232213737.html -
19:48:50.949 [nettyCallPool-4-2] DEBUG com.github.jhonnymertz.wkhtmltopdf.wrapper.Pdf - Shutting down executor for wkhtmltopdf.
19:48:50.950 [nettyCallPool-4-2] DEBUG com.github.jhonnymertz.wkhtmltopdf.wrapper.Pdf - Cleaning up temporary files...
19:48:50.951 [nettyCallPool-4-2] DEBUG com.github.jhonnymertz.wkhtmltopdf.wrapper.Pdf - Delete temp file at: /tmp/java-wkhtmltopdf-wrapper0ec9ec3f-80ff-488d-9c17-ca48e087f3953831310568232213737.html true
19:48:50.952 [nettyCallPool-4-2] INFO com.github.jhonnymertz.wkhtmltopdf.wrapper.Pdf - PDF successfully saved in /home/andrey/WAB3_cache/5e7d973b-a67f-4075-adcc-3a105c8cf848/kudir_header.pdf
19:48:50.953 [nettyCallPool-4-2] DEBUG com.github.jhonnymertz.wkhtmltopdf.wrapper.configurations.WrapperConfig - Initialized with default configurations.
19:48:50.967 [nettyCallPool-4-2] DEBUG com.github.jhonnymertz.wkhtmltopdf.wrapper.configurations.WrapperConfig - Wkhtmltopdf command found in classpath: /usr/local/bin/wkhtmltopdf
19:48:50.967 [nettyCallPool-4-2] INFO com.github.jhonnymertz.wkhtmltopdf.wrapper.Pdf - Initialized with {xvfbConfig=null, wkhtmltopdfCommand='/usr/local/bin/wkhtmltopdf'}
19:48:50.968 [nettyCallPool-4-2] DEBUG com.github.jhonnymertz.wkhtmltopdf.wrapper.Pdf - [/usr/local/bin/wkhtmltopdf, /tmp/java-wkhtmltopdf-wrapper44836054-25ed-4bea-aef5-730a1052530e1707947809988638256.html, -]
19:48:50.968 [nettyCallPool-4-2] DEBUG com.github.jhonnymertz.wkhtmltopdf.wrapper.Pdf - Generating pdf with: /usr/local/bin/wkhtmltopdf /tmp/java-wkhtmltopdf-wrapper44836054-25ed-4bea-aef5-730a1052530e1707947809988638256.html -
19:48:51.224 [nettyCallPool-4-1] DEBUG com.github.jhonnymertz.wkhtmltopdf.wrapper.Pdf - Wkhtmltopdf output:
Loading pages (1/6)
[>                                                           ] 0%[======>                                                     ] 10%[==============================>                             ] 50%[============================================================] 100%Counting pages (2/6)                                               
[============================================================] Object 1 of 1Resolving links (4/6)                                                       
[============================================================] Object 1 of 1Loading headers and footers (5/6)                                           
Printing pages (6/6)
[>                                                           ] Preparing[===============>                                            ] Page 1 of 4[==============================>                             ] Page 2 of 4[=============================================>              ] Page 3 of 4[============================================================] Page 4 of 4Done                                                                      

19:48:51.225 [nettyCallPool-4-1] INFO com.github.jhonnymertz.wkhtmltopdf.wrapper.Pdf - PDF successfully generated with: /usr/local/bin/wkhtmltopdf /tmp/java-wkhtmltopdf-wrapper742e187a-0be7-4e67-9526-b44889a0aa664975942057952227223.html -
19:48:51.226 [nettyCallPool-4-1] DEBUG com.github.jhonnymertz.wkhtmltopdf.wrapper.Pdf - Shutting down executor for wkhtmltopdf.
19:48:51.226 [nettyCallPool-4-1] DEBUG com.github.jhonnymertz.wkhtmltopdf.wrapper.Pdf - Cleaning up temporary files...
19:48:51.228 [nettyCallPool-4-1] DEBUG com.github.jhonnymertz.wkhtmltopdf.wrapper.Pdf - Delete temp file at: /tmp/java-wkhtmltopdf-wrapper742e187a-0be7-4e67-9526-b44889a0aa664975942057952227223.html true
19:48:51.228 [nettyCallPool-4-1] INFO com.github.jhonnymertz.wkhtmltopdf.wrapper.Pdf - PDF successfully saved in /home/andrey/WAB3_cache/18303e88-0458-45b0-abea-d46f9a3c5f68/kudir_incomes.pdf
19:48:51.229 [nettyCallPool-4-1] DEBUG com.github.jhonnymertz.wkhtmltopdf.wrapper.configurations.WrapperConfig - Initialized with default configurations.
19:48:51.239 [nettyCallPool-4-1] DEBUG com.github.jhonnymertz.wkhtmltopdf.wrapper.configurations.WrapperConfig - Wkhtmltopdf command found in classpath: /usr/local/bin/wkhtmltopdf
19:48:51.239 [nettyCallPool-4-1] INFO com.github.jhonnymertz.wkhtmltopdf.wrapper.Pdf - Initialized with {xvfbConfig=null, wkhtmltopdfCommand='/usr/local/bin/wkhtmltopdf'}
19:48:51.241 [nettyCallPool-4-1] DEBUG com.github.jhonnymertz.wkhtmltopdf.wrapper.Pdf - [/usr/local/bin/wkhtmltopdf, -O , landscape, /tmp/java-wkhtmltopdf-wrappera1d23e6a-599b-47ae-9983-3bb462a99a4f7487072371592102497.html, -]
19:48:51.241 [nettyCallPool-4-1] DEBUG com.github.jhonnymertz.wkhtmltopdf.wrapper.Pdf - Generating pdf with: /usr/local/bin/wkhtmltopdf -O  landscape /tmp/java-wkhtmltopdf-wrappera1d23e6a-599b-47ae-9983-3bb462a99a4f7487072371592102497.html -
19:48:51.355 [nettyCallPool-4-2] DEBUG com.github.jhonnymertz.wkhtmltopdf.wrapper.Pdf - Wkhtmltopdf output:
Loading pages (1/6)
[>                                                           ] 0%[======>                                                     ] 10%[==============================>                             ] 50%[============================================================] 100%Counting pages (2/6)                                               
[============================================================] Object 1 of 1Resolving links (4/6)                                                       
[============================================================] Object 1 of 1Loading headers and footers (5/6)                                           
Printing pages (6/6)
[>                                                           ] Preparing[===============>                                            ] Page 1 of 4[==============================>                             ] Page 2 of 4[=============================================>              ] Page 3 of 4[============================================================] Page 4 of 4Done                                                                      

19:48:51.355 [nettyCallPool-4-2] INFO com.github.jhonnymertz.wkhtmltopdf.wrapper.Pdf - PDF successfully generated with: /usr/local/bin/wkhtmltopdf /tmp/java-wkhtmltopdf-wrapper44836054-25ed-4bea-aef5-730a1052530e1707947809988638256.html -
19:48:51.355 [nettyCallPool-4-2] DEBUG com.github.jhonnymertz.wkhtmltopdf.wrapper.Pdf - Shutting down executor for wkhtmltopdf.
19:48:51.355 [nettyCallPool-4-2] DEBUG com.github.jhonnymertz.wkhtmltopdf.wrapper.Pdf - Cleaning up temporary files...
19:48:51.356 [nettyCallPool-4-2] DEBUG com.github.jhonnymertz.wkhtmltopdf.wrapper.Pdf - Delete temp file at: /tmp/java-wkhtmltopdf-wrapper44836054-25ed-4bea-aef5-730a1052530e1707947809988638256.html true
19:48:51.356 [nettyCallPool-4-2] INFO com.github.jhonnymertz.wkhtmltopdf.wrapper.Pdf - PDF successfully saved in /home/andrey/WAB3_cache/5e7d973b-a67f-4075-adcc-3a105c8cf848/kudir_incomes.pdf
19:48:51.356 [nettyCallPool-4-2] DEBUG com.github.jhonnymertz.wkhtmltopdf.wrapper.configurations.WrapperConfig - Initialized with default configurations.
19:48:51.366 [nettyCallPool-4-2] DEBUG com.github.jhonnymertz.wkhtmltopdf.wrapper.configurations.WrapperConfig - Wkhtmltopdf command found in classpath: /usr/local/bin/wkhtmltopdf
19:48:51.366 [nettyCallPool-4-2] INFO com.github.jhonnymertz.wkhtmltopdf.wrapper.Pdf - Initialized with {xvfbConfig=null, wkhtmltopdfCommand='/usr/local/bin/wkhtmltopdf'}
19:48:51.368 [nettyCallPool-4-2] DEBUG com.github.jhonnymertz.wkhtmltopdf.wrapper.Pdf - [/usr/local/bin/wkhtmltopdf, -O , landscape, /tmp/java-wkhtmltopdf-wrapper3fc14aa5-577f-44bf-9071-41d160cb87af1046652550768765503.html, -]
19:48:51.368 [nettyCallPool-4-2] DEBUG com.github.jhonnymertz.wkhtmltopdf.wrapper.Pdf - Generating pdf with: /usr/local/bin/wkhtmltopdf -O  landscape /tmp/java-wkhtmltopdf-wrapper3fc14aa5-577f-44bf-9071-41d160cb87af1046652550768765503.html -
19:48:51.688 [nettyCallPool-4-1] DEBUG com.github.jhonnymertz.wkhtmltopdf.wrapper.Pdf - Wkhtmltopdf output:
Loading pages (1/6)
[>                                                           ] 0%[======>                                                     ] 10%[==============================>                             ] 50%[============================================================] 100%Counting pages (2/6)                                               
[============================================================] Object 1 of 1Resolving links (4/6)                                                       
[============================================================] Object 1 of 1Loading headers and footers (5/6)                                           
Printing pages (6/6)
[>                                                           ] Preparing[============================================================] Page 1 of 1Done                                                                      

19:48:51.688 [nettyCallPool-4-1] INFO com.github.jhonnymertz.wkhtmltopdf.wrapper.Pdf - PDF successfully generated with: /usr/local/bin/wkhtmltopdf -O  landscape /tmp/java-wkhtmltopdf-wrappera1d23e6a-599b-47ae-9983-3bb462a99a4f7487072371592102497.html -
19:48:51.688 [nettyCallPool-4-1] DEBUG com.github.jhonnymertz.wkhtmltopdf.wrapper.Pdf - Shutting down executor for wkhtmltopdf.
19:48:51.689 [nettyCallPool-4-1] DEBUG com.github.jhonnymertz.wkhtmltopdf.wrapper.Pdf - Cleaning up temporary files...
19:48:51.689 [nettyCallPool-4-1] DEBUG com.github.jhonnymertz.wkhtmltopdf.wrapper.Pdf - Delete temp file at: /tmp/java-wkhtmltopdf-wrappera1d23e6a-599b-47ae-9983-3bb462a99a4f7487072371592102497.html true
19:48:51.690 [nettyCallPool-4-1] INFO com.github.jhonnymertz.wkhtmltopdf.wrapper.Pdf - PDF successfully saved in /home/andrey/WAB3_cache/18303e88-0458-45b0-abea-d46f9a3c5f68/kudir_spendings.pdf
19:48:51.747 [nettyCallPool-4-2] DEBUG com.github.jhonnymertz.wkhtmltopdf.wrapper.Pdf - Wkhtmltopdf output:
Loading pages (1/6)
[>                                                           ] 0%[======>                                                     ] 10%[==============================>                             ] 50%[============================================================] 100%Counting pages (2/6)                                               
[============================================================] Object 1 of 1Resolving links (4/6)                                                       
[============================================================] Object 1 of 1Loading headers and footers (5/6)                                           
Printing pages (6/6)
[>                                                           ] Preparing[============================================================] Page 1 of 1Done                                                                      

19:48:51.747 [nettyCallPool-4-2] INFO com.github.jhonnymertz.wkhtmltopdf.wrapper.Pdf - PDF successfully generated with: /usr/local/bin/wkhtmltopdf -O  landscape /tmp/java-wkhtmltopdf-wrapper3fc14aa5-577f-44bf-9071-41d160cb87af1046652550768765503.html -
19:48:51.747 [nettyCallPool-4-2] DEBUG com.github.jhonnymertz.wkhtmltopdf.wrapper.Pdf - Shutting down executor for wkhtmltopdf.
19:48:51.747 [nettyCallPool-4-2] DEBUG com.github.jhonnymertz.wkhtmltopdf.wrapper.Pdf - Cleaning up temporary files...
19:48:51.747 [nettyCallPool-4-2] DEBUG com.github.jhonnymertz.wkhtmltopdf.wrapper.Pdf - Delete temp file at: /tmp/java-wkhtmltopdf-wrapper3fc14aa5-577f-44bf-9071-41d160cb87af1046652550768765503.html true
19:48:51.747 [nettyCallPool-4-2] INFO com.github.jhonnymertz.wkhtmltopdf.wrapper.Pdf - PDF successfully saved in /home/andrey/WAB3_cache/5e7d973b-a67f-4075-adcc-3a105c8cf848/kudir_spendings.pdf
19:48:53.748 [nettyCallPool-4-1] DEBUG com.github.jhonnymertz.wkhtmltopdf.wrapper.configurations.WrapperConfig - Initialized with default configurations.
19:48:53.762 [nettyCallPool-4-1] DEBUG com.github.jhonnymertz.wkhtmltopdf.wrapper.configurations.WrapperConfig - Wkhtmltopdf command found in classpath: /usr/local/bin/wkhtmltopdf
19:48:53.763 [nettyCallPool-4-1] INFO com.github.jhonnymertz.wkhtmltopdf.wrapper.Pdf - Initialized with {xvfbConfig=null, wkhtmltopdfCommand='/usr/local/bin/wkhtmltopdf'}
19:48:53.763 [nettyCallPool-4-1] DEBUG com.github.jhonnymertz.wkhtmltopdf.wrapper.Pdf - [/usr/local/bin/wkhtmltopdf, /tmp/java-wkhtmltopdf-wrapperd7557f97-710e-429d-8246-a568ac7de1486689048287563891020.html, -]
19:48:53.764 [nettyCallPool-4-1] DEBUG com.github.jhonnymertz.wkhtmltopdf.wrapper.Pdf - Generating pdf with: /usr/local/bin/wkhtmltopdf /tmp/java-wkhtmltopdf-wrapperd7557f97-710e-429d-8246-a568ac7de1486689048287563891020.html -
19:48:53.818 [nettyCallPool-4-2] DEBUG com.github.jhonnymertz.wkhtmltopdf.wrapper.configurations.WrapperConfig - Initialized with default configurations.
19:48:53.834 [nettyCallPool-4-2] DEBUG com.github.jhonnymertz.wkhtmltopdf.wrapper.configurations.WrapperConfig - Wkhtmltopdf command found in classpath: /usr/local/bin/wkhtmltopdf
19:48:53.835 [nettyCallPool-4-2] INFO com.github.jhonnymertz.wkhtmltopdf.wrapper.Pdf - Initialized with {xvfbConfig=null, wkhtmltopdfCommand='/usr/local/bin/wkhtmltopdf'}
19:48:53.836 [nettyCallPool-4-2] DEBUG com.github.jhonnymertz.wkhtmltopdf.wrapper.Pdf - [/usr/local/bin/wkhtmltopdf, /tmp/java-wkhtmltopdf-wrapper88797d84-bc40-442e-86ab-b94259d5fcb83279075171721181247.html, -]
19:48:53.837 [nettyCallPool-4-2] DEBUG com.github.jhonnymertz.wkhtmltopdf.wrapper.Pdf - Generating pdf with: /usr/local/bin/wkhtmltopdf /tmp/java-wkhtmltopdf-wrapper88797d84-bc40-442e-86ab-b94259d5fcb83279075171721181247.html -
19:48:54.282 [nettyCallPool-4-2] DEBUG com.github.jhonnymertz.wkhtmltopdf.wrapper.Pdf - Wkhtmltopdf output:
Loading pages (1/6)
[>                                                           ] 0%[======>                                                     ] 10%[==============================>                             ] 50%[============================================================] 100%Counting pages (2/6)                                               
[============================================================] Object 1 of 1Resolving links (4/6)                                                       
[============================================================] Object 1 of 1Loading headers and footers (5/6)                                           
Printing pages (6/6)
[>                                                           ] Preparing[============================================================] Page 1 of 1Done                                                                      

19:48:54.283 [nettyCallPool-4-2] INFO com.github.jhonnymertz.wkhtmltopdf.wrapper.Pdf - PDF successfully generated with: /usr/local/bin/wkhtmltopdf /tmp/java-wkhtmltopdf-wrapper88797d84-bc40-442e-86ab-b94259d5fcb83279075171721181247.html -
19:48:54.283 [nettyCallPool-4-2] DEBUG com.github.jhonnymertz.wkhtmltopdf.wrapper.Pdf - Shutting down executor for wkhtmltopdf.
19:48:54.283 [nettyCallPool-4-2] DEBUG com.github.jhonnymertz.wkhtmltopdf.wrapper.Pdf - Cleaning up temporary files...
19:48:54.284 [nettyCallPool-4-2] DEBUG com.github.jhonnymertz.wkhtmltopdf.wrapper.Pdf - Delete temp file at: /tmp/java-wkhtmltopdf-wrapper88797d84-bc40-442e-86ab-b94259d5fcb83279075171721181247.html true
19:48:54.285 [nettyCallPool-4-2] INFO com.github.jhonnymertz.wkhtmltopdf.wrapper.Pdf - PDF successfully saved in /home/andrey/WAB3_cache/90c3474d-41ab-4260-bb66-f1bb71941aa7/kudir_header.pdf
19:48:54.285 [nettyCallPool-4-2] DEBUG com.github.jhonnymertz.wkhtmltopdf.wrapper.configurations.WrapperConfig - Initialized with default configurations.
19:48:54.288 [nettyCallPool-4-2] DEBUG com.github.jhonnymertz.wkhtmltopdf.wrapper.configurations.WrapperConfig - Wkhtmltopdf command found in classpath: /usr/local/bin/wkhtmltopdf
19:48:54.288 [nettyCallPool-4-2] INFO com.github.jhonnymertz.wkhtmltopdf.wrapper.Pdf - Initialized with {xvfbConfig=null, wkhtmltopdfCommand='/usr/local/bin/wkhtmltopdf'}
19:48:54.290 [nettyCallPool-4-2] DEBUG com.github.jhonnymertz.wkhtmltopdf.wrapper.Pdf - [/usr/local/bin/wkhtmltopdf, /tmp/java-wkhtmltopdf-wrapperc30eedb4-18e3-49f4-8c45-3b46115f6ceb523593938637021437.html, -]
19:48:54.290 [nettyCallPool-4-2] DEBUG com.github.jhonnymertz.wkhtmltopdf.wrapper.Pdf - Generating pdf with: /usr/local/bin/wkhtmltopdf /tmp/java-wkhtmltopdf-wrapperc30eedb4-18e3-49f4-8c45-3b46115f6ceb523593938637021437.html -
19:48:54.458 [nettyCallPool-4-1] DEBUG com.github.jhonnymertz.wkhtmltopdf.wrapper.Pdf - Wkhtmltopdf output:
Loading pages (1/6)
[>                                                           ] 0%[======>                                                     ] 10%[==============================>                             ] 50%[============================================================] 100%Counting pages (2/6)                                               
[============================================================] Object 1 of 1Resolving links (4/6)                                                       
[============================================================] Object 1 of 1Loading headers and footers (5/6)                                           
Printing pages (6/6)
[>                                                           ] Preparing[============================================================] Page 1 of 1Done                                                                      

19:48:54.458 [nettyCallPool-4-1] INFO com.github.jhonnymertz.wkhtmltopdf.wrapper.Pdf - PDF successfully generated with: /usr/local/bin/wkhtmltopdf /tmp/java-wkhtmltopdf-wrapperd7557f97-710e-429d-8246-a568ac7de1486689048287563891020.html -
19:48:54.459 [nettyCallPool-4-1] DEBUG com.github.jhonnymertz.wkhtmltopdf.wrapper.Pdf - Shutting down executor for wkhtmltopdf.
19:48:54.459 [nettyCallPool-4-1] DEBUG com.github.jhonnymertz.wkhtmltopdf.wrapper.Pdf - Cleaning up temporary files...
19:48:54.460 [nettyCallPool-4-1] DEBUG com.github.jhonnymertz.wkhtmltopdf.wrapper.Pdf - Delete temp file at: /tmp/java-wkhtmltopdf-wrapperd7557f97-710e-429d-8246-a568ac7de1486689048287563891020.html true
19:48:54.460 [nettyCallPool-4-1] INFO com.github.jhonnymertz.wkhtmltopdf.wrapper.Pdf - PDF successfully saved in /home/andrey/WAB3_cache/b5016203-6c15-4295-a753-65c3b7327c7a/kudir_header.pdf
19:48:54.461 [nettyCallPool-4-1] DEBUG com.github.jhonnymertz.wkhtmltopdf.wrapper.configurations.WrapperConfig - Initialized with default configurations.
19:48:54.475 [nettyCallPool-4-1] DEBUG com.github.jhonnymertz.wkhtmltopdf.wrapper.configurations.WrapperConfig - Wkhtmltopdf command found in classpath: /usr/local/bin/wkhtmltopdf
19:48:54.475 [nettyCallPool-4-1] INFO com.github.jhonnymertz.wkhtmltopdf.wrapper.Pdf - Initialized with {xvfbConfig=null, wkhtmltopdfCommand='/usr/local/bin/wkhtmltopdf'}
19:48:54.478 [nettyCallPool-4-1] DEBUG com.github.jhonnymertz.wkhtmltopdf.wrapper.Pdf - [/usr/local/bin/wkhtmltopdf, /tmp/java-wkhtmltopdf-wrapperf8c16c9a-c6e8-46ff-a1e9-265cef5f0f426366515233418016977.html, -]
19:48:54.478 [nettyCallPool-4-1] DEBUG com.github.jhonnymertz.wkhtmltopdf.wrapper.Pdf - Generating pdf with: /usr/local/bin/wkhtmltopdf /tmp/java-wkhtmltopdf-wrapperf8c16c9a-c6e8-46ff-a1e9-265cef5f0f426366515233418016977.html -
19:48:54.761 [nettyCallPool-4-2] DEBUG com.github.jhonnymertz.wkhtmltopdf.wrapper.Pdf - Wkhtmltopdf output:
Loading pages (1/6)
[>                                                           ] 0%[======>                                                     ] 10%[==============================>                             ] 50%[============================================================] 100%Counting pages (2/6)                                               
[============================================================] Object 1 of 1Resolving links (4/6)                                                       
[============================================================] Object 1 of 1Loading headers and footers (5/6)                                           
Printing pages (6/6)
[>                                                           ] Preparing[===============>                                            ] Page 1 of 4[==============================>                             ] Page 2 of 4[=============================================>              ] Page 3 of 4[============================================================] Page 4 of 4Done                                                                      

19:48:54.761 [nettyCallPool-4-2] INFO com.github.jhonnymertz.wkhtmltopdf.wrapper.Pdf - PDF successfully generated with: /usr/local/bin/wkhtmltopdf /tmp/java-wkhtmltopdf-wrapperc30eedb4-18e3-49f4-8c45-3b46115f6ceb523593938637021437.html -
19:48:54.761 [nettyCallPool-4-2] DEBUG com.github.jhonnymertz.wkhtmltopdf.wrapper.Pdf - Shutting down executor for wkhtmltopdf.
19:48:54.761 [nettyCallPool-4-2] DEBUG com.github.jhonnymertz.wkhtmltopdf.wrapper.Pdf - Cleaning up temporary files...
19:48:54.761 [nettyCallPool-4-2] DEBUG com.github.jhonnymertz.wkhtmltopdf.wrapper.Pdf - Delete temp file at: /tmp/java-wkhtmltopdf-wrapperc30eedb4-18e3-49f4-8c45-3b46115f6ceb523593938637021437.html true
19:48:54.762 [nettyCallPool-4-2] INFO com.github.jhonnymertz.wkhtmltopdf.wrapper.Pdf - PDF successfully saved in /home/andrey/WAB3_cache/90c3474d-41ab-4260-bb66-f1bb71941aa7/kudir_incomes.pdf
19:48:54.762 [nettyCallPool-4-2] DEBUG com.github.jhonnymertz.wkhtmltopdf.wrapper.configurations.WrapperConfig - Initialized with default configurations.
19:48:54.764 [nettyCallPool-4-2] DEBUG com.github.jhonnymertz.wkhtmltopdf.wrapper.configurations.WrapperConfig - Wkhtmltopdf command found in classpath: /usr/local/bin/wkhtmltopdf
19:48:54.764 [nettyCallPool-4-2] INFO com.github.jhonnymertz.wkhtmltopdf.wrapper.Pdf - Initialized with {xvfbConfig=null, wkhtmltopdfCommand='/usr/local/bin/wkhtmltopdf'}
19:48:54.765 [nettyCallPool-4-2] DEBUG com.github.jhonnymertz.wkhtmltopdf.wrapper.Pdf - [/usr/local/bin/wkhtmltopdf, -O , landscape, /tmp/java-wkhtmltopdf-wrappercddeefd5-8b1e-4bc2-b88c-c726537bb98a7107618314985991340.html, -]
19:48:54.765 [nettyCallPool-4-2] DEBUG com.github.jhonnymertz.wkhtmltopdf.wrapper.Pdf - Generating pdf with: /usr/local/bin/wkhtmltopdf -O  landscape /tmp/java-wkhtmltopdf-wrappercddeefd5-8b1e-4bc2-b88c-c726537bb98a7107618314985991340.html -
19:48:54.885 [nettyCallPool-4-1] DEBUG com.github.jhonnymertz.wkhtmltopdf.wrapper.Pdf - Wkhtmltopdf output:
Loading pages (1/6)
[>                                                           ] 0%[======>                                                     ] 10%[==============================>                             ] 50%[============================================================] 100%Counting pages (2/6)                                               
[============================================================] Object 1 of 1Resolving links (4/6)                                                       
[============================================================] Object 1 of 1Loading headers and footers (5/6)                                           
Printing pages (6/6)
[>                                                           ] Preparing[===============>                                            ] Page 1 of 4[==============================>                             ] Page 2 of 4[=============================================>              ] Page 3 of 4[============================================================] Page 4 of 4Done                                                                      

19:48:54.885 [nettyCallPool-4-1] INFO com.github.jhonnymertz.wkhtmltopdf.wrapper.Pdf - PDF successfully generated with: /usr/local/bin/wkhtmltopdf /tmp/java-wkhtmltopdf-wrapperf8c16c9a-c6e8-46ff-a1e9-265cef5f0f426366515233418016977.html -
19:48:54.885 [nettyCallPool-4-1] DEBUG com.github.jhonnymertz.wkhtmltopdf.wrapper.Pdf - Shutting down executor for wkhtmltopdf.
19:48:54.885 [nettyCallPool-4-1] DEBUG com.github.jhonnymertz.wkhtmltopdf.wrapper.Pdf - Cleaning up temporary files...
19:48:54.885 [nettyCallPool-4-1] DEBUG com.github.jhonnymertz.wkhtmltopdf.wrapper.Pdf - Delete temp file at: /tmp/java-wkhtmltopdf-wrapperf8c16c9a-c6e8-46ff-a1e9-265cef5f0f426366515233418016977.html true
19:48:54.885 [nettyCallPool-4-1] INFO com.github.jhonnymertz.wkhtmltopdf.wrapper.Pdf - PDF successfully saved in /home/andrey/WAB3_cache/b5016203-6c15-4295-a753-65c3b7327c7a/kudir_incomes.pdf
19:48:54.885 [nettyCallPool-4-1] DEBUG com.github.jhonnymertz.wkhtmltopdf.wrapper.configurations.WrapperConfig - Initialized with default configurations.
19:48:54.894 [nettyCallPool-4-1] DEBUG com.github.jhonnymertz.wkhtmltopdf.wrapper.configurations.WrapperConfig - Wkhtmltopdf command found in classpath: /usr/local/bin/wkhtmltopdf
19:48:54.894 [nettyCallPool-4-1] INFO com.github.jhonnymertz.wkhtmltopdf.wrapper.Pdf - Initialized with {xvfbConfig=null, wkhtmltopdfCommand='/usr/local/bin/wkhtmltopdf'}
19:48:54.895 [nettyCallPool-4-1] DEBUG com.github.jhonnymertz.wkhtmltopdf.wrapper.Pdf - [/usr/local/bin/wkhtmltopdf, -O , landscape, /tmp/java-wkhtmltopdf-wrapperbc00fa68-2eb7-4c2b-aa82-dc47f4c2cb085049180264530453130.html, -]
19:48:54.895 [nettyCallPool-4-1] DEBUG com.github.jhonnymertz.wkhtmltopdf.wrapper.Pdf - Generating pdf with: /usr/local/bin/wkhtmltopdf -O  landscape /tmp/java-wkhtmltopdf-wrapperbc00fa68-2eb7-4c2b-aa82-dc47f4c2cb085049180264530453130.html -
19:48:55.185 [nettyCallPool-4-2] DEBUG com.github.jhonnymertz.wkhtmltopdf.wrapper.Pdf - Wkhtmltopdf output:
Loading pages (1/6)
[>                                                           ] 0%[======>                                                     ] 10%[==============================>                             ] 50%[============================================================] 100%Counting pages (2/6)                                               
[============================================================] Object 1 of 1Resolving links (4/6)                                                       
[============================================================] Object 1 of 1Loading headers and footers (5/6)                                           
Printing pages (6/6)
[>                                                           ] Preparing[============================================================] Page 1 of 1Done                                                                      

19:48:55.185 [nettyCallPool-4-2] INFO com.github.jhonnymertz.wkhtmltopdf.wrapper.Pdf - PDF successfully generated with: /usr/local/bin/wkhtmltopdf -O  landscape /tmp/java-wkhtmltopdf-wrappercddeefd5-8b1e-4bc2-b88c-c726537bb98a7107618314985991340.html -
19:48:55.185 [nettyCallPool-4-2] DEBUG com.github.jhonnymertz.wkhtmltopdf.wrapper.Pdf - Shutting down executor for wkhtmltopdf.
19:48:55.185 [nettyCallPool-4-2] DEBUG com.github.jhonnymertz.wkhtmltopdf.wrapper.Pdf - Cleaning up temporary files...
19:48:55.185 [nettyCallPool-4-2] DEBUG com.github.jhonnymertz.wkhtmltopdf.wrapper.Pdf - Delete temp file at: /tmp/java-wkhtmltopdf-wrappercddeefd5-8b1e-4bc2-b88c-c726537bb98a7107618314985991340.html true
19:48:55.185 [nettyCallPool-4-2] INFO com.github.jhonnymertz.wkhtmltopdf.wrapper.Pdf - PDF successfully saved in /home/andrey/WAB3_cache/90c3474d-41ab-4260-bb66-f1bb71941aa7/kudir_spendings.pdf
19:48:55.276 [nettyCallPool-4-1] DEBUG com.github.jhonnymertz.wkhtmltopdf.wrapper.Pdf - Wkhtmltopdf output:
Loading pages (1/6)
[>                                                           ] 0%[======>                                                     ] 10%[==============================>                             ] 50%[============================================================] 100%Counting pages (2/6)                                               
[============================================================] Object 1 of 1Resolving links (4/6)                                                       
[============================================================] Object 1 of 1Loading headers and footers (5/6)                                           
Printing pages (6/6)
[>                                                           ] Preparing[============================================================] Page 1 of 1Done                                                                      

19:48:55.277 [nettyCallPool-4-1] INFO com.github.jhonnymertz.wkhtmltopdf.wrapper.Pdf - PDF successfully generated with: /usr/local/bin/wkhtmltopdf -O  landscape /tmp/java-wkhtmltopdf-wrapperbc00fa68-2eb7-4c2b-aa82-dc47f4c2cb085049180264530453130.html -
19:48:55.277 [nettyCallPool-4-1] DEBUG com.github.jhonnymertz.wkhtmltopdf.wrapper.Pdf - Shutting down executor for wkhtmltopdf.
19:48:55.277 [nettyCallPool-4-1] DEBUG com.github.jhonnymertz.wkhtmltopdf.wrapper.Pdf - Cleaning up temporary files...
19:48:55.278 [nettyCallPool-4-1] DEBUG com.github.jhonnymertz.wkhtmltopdf.wrapper.Pdf - Delete temp file at: /tmp/java-wkhtmltopdf-wrapperbc00fa68-2eb7-4c2b-aa82-dc47f4c2cb085049180264530453130.html true
19:48:55.279 [nettyCallPool-4-1] INFO com.github.jhonnymertz.wkhtmltopdf.wrapper.Pdf - PDF successfully saved in /home/andrey/WAB3_cache/b5016203-6c15-4295-a753-65c3b7327c7a/kudir_spendings.pdf
]]></system-out>
  <system-err><![CDATA[]]></system-err>
</testsuite>
